<?xml version="1.0" encoding="UTF-8"?>
<robot generator="Robot 5.0.1 (Python 3.9.13 on win32)" generated="20230316 21:52:20.187" rpa="false" schemaversion="3">
<suite id="s1" name="Example" source="D:\FusionTestFramework\com.playgroundxyz.vision_project\com.playgroundxyz.vision_project.TestcaseSuite">
<suite id="s1-s1" name="TC001 - Tap on 'Privacy policy' and verify user is landing on Privacy policy page" source="D:\FusionTestFramework\com.playgroundxyz.vision_project\com.playgroundxyz.vision_project.TestcaseSuite\TC001 - Tap on 'Privacy policy' and verify user is landing on Privacy policy page.robot">
<kw name="Setup before suit start" library="Setup keywords" type="SETUP">
<kw name="Start Appium Service" library="MobileTestLibrary">
<status status="NOT RUN" starttime="20230316 21:52:21.441" endtime="20230316 21:52:21.441"/>
</kw>
<kw name="Set Log Level" library="BuiltIn">
<arg>DEBUG</arg>
<doc>Sets the log threshold to the specified level and returns the old level.</doc>
<status status="NOT RUN" starttime="20230316 21:52:21.442" endtime="20230316 21:52:21.442"/>
</kw>
<status status="PASS" starttime="20230316 21:52:21.440" endtime="20230316 21:52:21.442"/>
</kw>
<test id="s1-s1-t1" name="Tap on 'Privacy policy' and verify user is landing on Privacy policy page" line="11">
<kw name="Launch Test application" library="Setup keywords" type="SETUP">
<kw name="Open Application" library="MobileTestLibrary">
<arg>${remote_url}</arg>
<arg>&amp;{device}</arg>
<doc>Opens a new application to given Appium server.
Capabilities of appium server, Android and iOS,
Please check https://github.com/appium/appium/blob/master/docs/en/writing-running-appium/server-args.md
| *Option*            | *Man.* | *Description*     |
| remote_url          | Yes    | Appium server url |
| alias               | no     | alias             |
| strict_ssl          | No     | allows you to send commands to an invalid certificate host like a self-signed one. |</doc>
<status status="NOT RUN" starttime="20230316 21:52:21.447" endtime="20230316 21:52:21.448"/>
</kw>
<kw name="Set Log Level" library="BuiltIn">
<arg>DEBUG</arg>
<doc>Sets the log threshold to the specified level and returns the old level.</doc>
<status status="NOT RUN" starttime="20230316 21:52:21.448" endtime="20230316 21:52:21.448"/>
</kw>
<kw name="Set Appium Timeout" library="MobileTestLibrary">
<arg>30</arg>
<doc>Sets the timeout in seconds used by various keywords.</doc>
<status status="NOT RUN" starttime="20230316 21:52:21.448" endtime="20230316 21:52:21.449"/>
</kw>
<status status="PASS" starttime="20230316 21:52:21.446" endtime="20230316 21:52:21.449"/>
</kw>
<kw name="launch camera app and wait until user scan the QR code from study link url" library="launch_flow_keywords">
<kw name="Start Activity" library="MobileTestLibrary">
<arg>com.google.android.GoogleCamera</arg>
<arg>com.android.camera.CameraLauncher</arg>
<doc>Opens an arbitrary activity during a test. If the activity belongs to
another application, that application is started and the activity is opened.</doc>
<status status="NOT RUN" starttime="20230316 21:52:21.452" endtime="20230316 21:52:21.453"/>
</kw>
<kw name="Open Browser" library="WebApplicationTestLibrary">
<arg>${url}</arg>
<arg>${Browser}</arg>
<arg>Chrome</arg>
<arg>executable_path= D:\Robocrop_Fusion\drivers\chromedriver.exe</arg>
<doc>Opens a new browser instance to the optional ``url``.</doc>
<status status="NOT RUN" starttime="20230316 21:52:21.454" endtime="20230316 21:52:21.454"/>
</kw>
<kw name="Maximize Browser Window" library="WebApplicationTestLibrary">
<doc>Maximizes current browser window.</doc>
<status status="NOT RUN" starttime="20230316 21:52:21.455" endtime="20230316 21:52:21.455"/>
</kw>
<status status="PASS" starttime="20230316 21:52:21.449" endtime="20230316 21:52:21.455"/>
</kw>
<kw name="tap on generated link" library="launch_flow_keywords">
<kw name="Wait Until Element Is Visible" library="MobileTestLibrary">
<arg>${camera_smartchip_text}</arg>
<arg>timeout= 300</arg>
<doc>Waits until element specified with `locator` is visible.</doc>
<status status="NOT RUN" starttime="20230316 21:52:21.457" endtime="20230316 21:52:21.457"/>
</kw>
<kw name="Click Element" library="MobileTestLibrary">
<arg>${camera_smartchip_text}</arg>
<doc>Click element identified by `locator`.</doc>
<status status="NOT RUN" starttime="20230316 21:52:21.457" endtime="20230316 21:52:21.458"/>
</kw>
<kw name="Close Browser" library="WebApplicationTestLibrary">
<doc>Closes the current browser.</doc>
<status status="NOT RUN" starttime="20230316 21:52:21.458" endtime="20230316 21:52:21.459"/>
</kw>
<kw name="Wait Until Element Is Visible" library="MobileTestLibrary">
<arg>${google_playstore_Button}</arg>
<arg>timeout=30</arg>
<doc>Waits until element specified with `locator` is visible.</doc>
<status status="NOT RUN" starttime="20230316 21:52:21.461" endtime="20230316 21:52:21.462"/>
</kw>
<kw name="Get Text From Index" library="MobileTestLibrary">
<var>${SlicedStudyLink}</var>
<arg>${url}</arg>
<arg>42</arg>
<arg>78</arg>
<status status="NOT RUN" starttime="20230316 21:52:21.462" endtime="20230316 21:52:21.462"/>
</kw>
<kw name="Set Global Variable" library="BuiltIn">
<arg>${SlicedStudyLink}</arg>
<doc>Makes a variable available globally in all tests and suites.</doc>
<status status="NOT RUN" starttime="20230316 21:52:21.463" endtime="20230316 21:52:21.463"/>
</kw>
<kw name="Log To Console" library="BuiltIn">
<arg>${SlicedStudyLink}</arg>
<doc>Logs the given message to the console.</doc>
<status status="NOT RUN" starttime="20230316 21:52:21.464" endtime="20230316 21:52:21.464"/>
</kw>
<status status="PASS" starttime="20230316 21:52:21.456" endtime="20230316 21:52:21.464"/>
</kw>
<kw name="tap on 'google play store' button" library="launch_flow_keywords">
<kw name="Wait Until Element Is Visible" library="MobileTestLibrary">
<arg>${google_playstore_Button}</arg>
<arg>timeout=30</arg>
<doc>Waits until element specified with `locator` is visible.</doc>
<status status="NOT RUN" starttime="20230316 21:52:21.469" endtime="20230316 21:52:21.471"/>
</kw>
<kw name="Click Element" library="MobileTestLibrary">
<arg>${google_playstore_Button}</arg>
<doc>Click element identified by `locator`.</doc>
<status status="NOT RUN" starttime="20230316 21:52:21.471" endtime="20230316 21:52:21.472"/>
</kw>
<status status="PASS" starttime="20230316 21:52:21.465" endtime="20230316 21:52:21.472"/>
</kw>
<kw name="verify user is landed on 'google playstore' on vision app page" library="launch_flow_keywords">
<kw name="Wait Until Page Contains" library="MobileTestLibrary">
<arg>Google Play</arg>
<doc>Waits until `text` appears on current page.</doc>
<status status="NOT RUN" starttime="20230316 21:52:21.473" endtime="20230316 21:52:21.474"/>
</kw>
<kw name="Page Should Contain Text" library="MobileTestLibrary">
<arg>Vision Project</arg>
<doc>Verifies that current page contains `text`.</doc>
<status status="NOT RUN" starttime="20230316 21:52:21.474" endtime="20230316 21:52:21.475"/>
</kw>
<kw name="Go Back" library="MobileTestLibrary">
<doc>Goes one step backward in the browser history.</doc>
<status status="NOT RUN" starttime="20230316 21:52:21.475" endtime="20230316 21:52:21.475"/>
</kw>
<status status="PASS" starttime="20230316 21:52:21.472" endtime="20230316 21:52:21.475"/>
</kw>
<kw name="Verify if Need Help? page opens up after tapping Need Help? link from landing page" library="launch_flow_keywords">
<kw name="Wait Until Page Contains" library="MobileTestLibrary">
<arg>Need Help</arg>
<doc>Waits until `text` appears on current page.</doc>
<status status="NOT RUN" starttime="20230316 21:52:21.477" endtime="20230316 21:52:21.477"/>
</kw>
<kw name="Click Element" library="MobileTestLibrary">
<arg>${Need_Help}</arg>
<doc>Click element identified by `locator`.</doc>
<status status="NOT RUN" starttime="20230316 21:52:21.478" endtime="20230316 21:52:21.478"/>
</kw>
<status status="PASS" starttime="20230316 21:52:21.476" endtime="20230316 21:52:21.478"/>
</kw>
<kw name="tap on 'Privacy policy' and verify user is landing on Privacy policy page" library="launch_flow_keywords">
<kw name="Wait Until Element Is Visible" library="MobileTestLibrary">
<arg>${Privacy policy}</arg>
<doc>Waits until element specified with `locator` is visible.</doc>
<status status="NOT RUN" starttime="20230316 21:52:21.479" endtime="20230316 21:52:21.480"/>
</kw>
<kw name="Click Element" library="MobileTestLibrary">
<arg>${Privacy policy}</arg>
<doc>Click element identified by `locator`.</doc>
<status status="NOT RUN" starttime="20230316 21:52:21.480" endtime="20230316 21:52:21.480"/>
</kw>
<try>
<branch type="TRY">
<kw name="Run Keyword And Continue On Failure" library="BuiltIn">
<arg>MobileTestLibrary.Wait Until Element Is Visible</arg>
<arg>${accept cookies}</arg>
<doc>Runs the keyword and continues execution even if a failure occurs.</doc>
<kw name="Wait Until Element Is Visible" library="MobileTestLibrary">
<arg>${accept cookies}</arg>
<doc>Waits until element specified with `locator` is visible.</doc>
<status status="NOT RUN" starttime="20230316 21:52:21.481" endtime="20230316 21:52:21.482"/>
</kw>
<status status="NOT RUN" starttime="20230316 21:52:21.481" endtime="20230316 21:52:21.482"/>
</kw>
<kw name="Run Keyword And Continue On Failure" library="BuiltIn">
<arg>MobileTestLibrary.Click Element</arg>
<arg>${accept cookies}</arg>
<doc>Runs the keyword and continues execution even if a failure occurs.</doc>
<kw name="Click Element" library="MobileTestLibrary">
<arg>${accept cookies}</arg>
<doc>Click element identified by `locator`.</doc>
<status status="NOT RUN" starttime="20230316 21:52:21.483" endtime="20230316 21:52:21.483"/>
</kw>
<status status="NOT RUN" starttime="20230316 21:52:21.482" endtime="20230316 21:52:21.483"/>
</kw>
<status status="PASS" starttime="20230316 21:52:21.481" endtime="20230316 21:52:21.483"/>
</branch>
<branch type="EXCEPT">
<kw name="Log To Console" library="BuiltIn">
<arg>cookies already accepted by the user</arg>
<doc>Logs the given message to the console.</doc>
<status status="NOT RUN" starttime="20230316 21:52:21.484" endtime="20230316 21:52:21.485"/>
</kw>
<status status="NOT RUN" starttime="20230316 21:52:21.483" endtime="20230316 21:52:21.485"/>
</branch>
<status status="PASS" starttime="20230316 21:52:21.480" endtime="20230316 21:52:21.485"/>
</try>
<kw name="Page Should Contain Text" library="MobileTestLibrary">
<arg>Privacy Policy</arg>
<doc>Verifies that current page contains `text`.</doc>
<status status="NOT RUN" starttime="20230316 21:52:21.487" endtime="20230316 21:52:21.487"/>
</kw>
<kw name="Click Element" library="MobileTestLibrary">
<arg>${Read Privacy Policy Btn}</arg>
<doc>Click element identified by `locator`.</doc>
<status status="NOT RUN" starttime="20230316 21:52:21.487" endtime="20230316 21:52:21.488"/>
</kw>
<kw name="Wait Until Page Contains" library="MobileTestLibrary">
<arg>In this Privacy Policy, 'us' 'we' or 'our' means PLAYGROUND XYZ HOLDINGS</arg>
<doc>Waits until `text` appears on current page.</doc>
<status status="NOT RUN" starttime="20230316 21:52:21.488" endtime="20230316 21:52:21.488"/>
</kw>
<kw name="Page Should Contain Text" library="MobileTestLibrary">
<arg>In this Privacy Policy, 'us' 'we' or 'our' means PLAYGROUND XYZ HOLDINGS PTY LTD (ABN 76 607 526 027) and our related bodies PLAYGROUND XYZ AUSTRALIA PTY LTD (ABN 42 607 532 365), PLAYGROUND XYZ IP PTY LTD (ABN 66 607 532 025), PLAYGROUND XYZ EMEA LTD (UK Company No. 10802474), PLAYGROUND XYZ ASIA PTE. LTD. (SG Registration No. 201809380E) and PLAYGROUND XYZ NORTH AMERICA CORP (EIN 36-4922580). We are committed to respecting your privacy.</arg>
<doc>Verifies that current page contains `text`.</doc>
<status status="NOT RUN" starttime="20230316 21:52:21.489" endtime="20230316 21:52:21.489"/>
</kw>
<kw name="Scroll To Element By Exact Text" library="MobileTestLibrary">
<arg>Read Privacy Policy for California Residents</arg>
<status status="NOT RUN" starttime="20230316 21:52:21.489" endtime="20230316 21:52:21.489"/>
</kw>
<kw name="Click Element" library="MobileTestLibrary">
<arg>${Read Privacy Policy for California Residents Btn}</arg>
<doc>Click element identified by `locator`.</doc>
<status status="NOT RUN" starttime="20230316 21:52:21.490" endtime="20230316 21:52:21.490"/>
</kw>
<kw name="Wait Until Page Contains" library="MobileTestLibrary">
<arg>Playground XYZ Holdings Pty. Ltd., Playground XYZ Australia Pty. Ltd.</arg>
<arg>timeout=15</arg>
<doc>Waits until `text` appears on current page.</doc>
<status status="NOT RUN" starttime="20230316 21:52:21.491" endtime="20230316 21:52:21.492"/>
</kw>
<kw name="Page Should Contain Text" library="MobileTestLibrary">
<arg>Playground XYZ Holdings Pty. Ltd., Playground XYZ Australia Pty. Ltd., Playground XYZ IP Pty. Ltd., Playground XYZ EMEA Ltd., Playground XYZ Asia Pte. Ltd. and Playground XYZ North America Corp. and their affiliates (collectively,“[COMPANY],” “we,” “us,” or “our”) adopts this Privacy Statement to comply with the California Consumer Privacy Act of 2018 (“CCPA”) and other California privacy laws. This Privacy Statement applies solely to visitors, users, and others who reside in the State of California (“consumers,” “you,” or “your”).</arg>
<arg>This Privacy Statement explains our privacy practices and your rights regarding the collection, use, and disclosure of your personal information.</arg>
<doc>Verifies that current page contains `text`.</doc>
<status status="NOT RUN" starttime="20230316 21:52:21.492" endtime="20230316 21:52:21.494"/>
</kw>
<kw name="Go Back" library="MobileTestLibrary">
<doc>Goes one step backward in the browser history.</doc>
<status status="NOT RUN" starttime="20230316 21:52:21.494" endtime="20230316 21:52:21.494"/>
</kw>
<kw name="Go Back" library="MobileTestLibrary">
<doc>Goes one step backward in the browser history.</doc>
<status status="NOT RUN" starttime="20230316 21:52:21.494" endtime="20230316 21:52:21.494"/>
</kw>
<kw name="Go Back" library="MobileTestLibrary">
<doc>Goes one step backward in the browser history.</doc>
<status status="NOT RUN" starttime="20230316 21:52:21.494" endtime="20230316 21:52:21.494"/>
</kw>
<status status="PASS" starttime="20230316 21:52:21.479" endtime="20230316 21:52:21.495"/>
</kw>
<kw name="close Test application" library="Setup keywords" type="TEARDOWN">
<kw name="Run Keyword And Continue On Failure" library="BuiltIn">
<arg>Close Application</arg>
<doc>Runs the keyword and continues execution even if a failure occurs.</doc>
<kw name="Close Application" library="MobileTestLibrary">
<doc>Closes the current application and also close webdriver session.</doc>
<status status="NOT RUN" starttime="20230316 21:52:21.497" endtime="20230316 21:52:21.498"/>
</kw>
<status status="NOT RUN" starttime="20230316 21:52:21.497" endtime="20230316 21:52:21.498"/>
</kw>
<kw name="Run Keyword And Continue On Failure" library="BuiltIn">
<arg>WebApplicationTestLibrary.Close Browser</arg>
<doc>Runs the keyword and continues execution even if a failure occurs.</doc>
<kw name="Close Browser" library="WebApplicationTestLibrary">
<doc>Closes the current browser.</doc>
<status status="NOT RUN" starttime="20230316 21:52:21.499" endtime="20230316 21:52:21.499"/>
</kw>
<status status="NOT RUN" starttime="20230316 21:52:21.498" endtime="20230316 21:52:21.499"/>
</kw>
<kw name="Run Keyword And Continue On Failure" library="BuiltIn">
<arg>WebApplicationTestLibrary.Close All Browsers</arg>
<doc>Runs the keyword and continues execution even if a failure occurs.</doc>
<kw name="Close All Browsers" library="WebApplicationTestLibrary">
<doc>Closes all open browsers and resets the browser cache.</doc>
<status status="NOT RUN" starttime="20230316 21:52:21.500" endtime="20230316 21:52:21.501"/>
</kw>
<status status="NOT RUN" starttime="20230316 21:52:21.499" endtime="20230316 21:52:21.502"/>
</kw>
<kw name="Run Keyword And Continue On Failure" library="BuiltIn">
<arg>Close All Applications</arg>
<doc>Runs the keyword and continues execution even if a failure occurs.</doc>
<kw name="Close All Applications" library="MobileTestLibrary">
<doc>Closes all open applications.</doc>
<status status="NOT RUN" starttime="20230316 21:52:21.503" endtime="20230316 21:52:21.504"/>
</kw>
<status status="NOT RUN" starttime="20230316 21:52:21.502" endtime="20230316 21:52:21.504"/>
</kw>
<status status="PASS" starttime="20230316 21:52:21.495" endtime="20230316 21:52:21.504"/>
</kw>
<doc>Verification that Google Play button redirecting user to Vision Project on play store</doc>
<tag>regression</tag>
<status status="PASS" starttime="20230316 21:52:21.443" endtime="20230316 21:52:21.504"/>
</test>
<kw name="tearDown" library="Setup keywords" type="TEARDOWN">
<kw name="Stop Appium Service" library="MobileTestLibrary">
<status status="NOT RUN" starttime="20230316 21:52:21.508" endtime="20230316 21:52:21.508"/>
</kw>
<status status="PASS" starttime="20230316 21:52:21.506" endtime="20230316 21:52:21.508"/>
</kw>
<status status="PASS" starttime="20230316 21:52:20.245" endtime="20230316 21:52:21.508"/>
</suite>
<suite id="s1-s2" name="TC002 - Verify that Deep link URL is providing QR code" source="D:\FusionTestFramework\com.playgroundxyz.vision_project\com.playgroundxyz.vision_project.TestcaseSuite\TC002 - Verify that Deep link URL is providing QR code.robot">
<test id="s1-s2-t1" name="Verify that Deep link URL is providing QR code" line="9">
<kw name="Launch browser and input url" library="Setup keywords" type="SETUP">
<kw name="Open Browser" library="WebApplicationTestLibrary">
<arg>${url}</arg>
<arg>${Browser}</arg>
<arg>executable_path=drivers/chromedriver.exe</arg>
<doc>Opens a new browser instance to the optional ``url``.</doc>
<status status="NOT RUN" starttime="20230316 21:52:21.598" endtime="20230316 21:52:21.599"/>
</kw>
<kw name="Maximize Browser Window" library="WebApplicationTestLibrary">
<doc>Maximizes current browser window.</doc>
<status status="NOT RUN" starttime="20230316 21:52:21.600" endtime="20230316 21:52:21.600"/>
</kw>
<status status="PASS" starttime="20230316 21:52:21.597" endtime="20230316 21:52:21.600"/>
</kw>
<kw name="wait until QR code generated and validate QR code link details and log to console" library="QR_Code_page_keywords">
<kw name="Wait Until Page Contains" library="WebApplicationTestLibrary">
<arg>Study cannot be conducted here</arg>
<doc>Waits until ``text`` appears on the current page.</doc>
<status status="NOT RUN" starttime="20230316 21:52:21.608" endtime="20230316 21:52:21.609"/>
</kw>
<kw name="Element Should Be Visible" library="WebApplicationTestLibrary">
<arg>${QR_Code}</arg>
<doc>Verifies that the element identified by ``locator`` is visible.</doc>
<status status="NOT RUN" starttime="20230316 21:52:21.609" endtime="20230316 21:52:21.609"/>
</kw>
<kw name="Capture Element Screenshot" library="WebApplicationTestLibrary">
<var>${captured_img}</var>
<arg>${QR_Code}</arg>
<doc>Captures a screenshot from the element identified by ``locator`` and embeds it into log file.</doc>
<status status="NOT RUN" starttime="20230316 21:52:21.610" endtime="20230316 21:52:21.611"/>
</kw>
<kw name="Scan QR Code" library="WebApplicationTestLibrary">
<var>${QRCodedata}</var>
<arg>${captured_img}</arg>
<status status="NOT RUN" starttime="20230316 21:52:21.611" endtime="20230316 21:52:21.612"/>
</kw>
<kw name="Log To Console" library="BuiltIn">
<arg>${QRCodedata}</arg>
<doc>Logs the given message to the console.</doc>
<status status="NOT RUN" starttime="20230316 21:52:21.612" endtime="20230316 21:52:21.612"/>
</kw>
<status status="PASS" starttime="20230316 21:52:21.602" endtime="20230316 21:52:21.613"/>
</kw>
<kw name="Close Browser" library="WebApplicationTestLibrary" type="TEARDOWN">
<doc>Closes the current browser.</doc>
<status status="NOT RUN" starttime="20230316 21:52:21.614" endtime="20230316 21:52:21.614"/>
</kw>
<doc>verification of barcode generation of specified link</doc>
<tag>regression</tag>
<status status="PASS" starttime="20230316 21:52:21.595" endtime="20230316 21:52:21.614"/>
</test>
<status status="PASS" starttime="20230316 21:52:21.511" endtime="20230316 21:52:21.615"/>
</suite>
<suite id="s1-s3" name="TC003 - Verify that Google Play button redirecting user to Vision Project on play store" source="D:\FusionTestFramework\com.playgroundxyz.vision_project\com.playgroundxyz.vision_project.TestcaseSuite\TC003 - Verify that Google Play button redirecting user to Vision Project on play store.robot">
<kw name="Setup before suit start" library="Setup keywords" type="SETUP">
<kw name="Start Appium Service" library="MobileTestLibrary">
<status status="NOT RUN" starttime="20230316 21:52:21.680" endtime="20230316 21:52:21.680"/>
</kw>
<kw name="Set Log Level" library="BuiltIn">
<arg>DEBUG</arg>
<doc>Sets the log threshold to the specified level and returns the old level.</doc>
<status status="NOT RUN" starttime="20230316 21:52:21.680" endtime="20230316 21:52:21.680"/>
</kw>
<status status="PASS" starttime="20230316 21:52:21.679" endtime="20230316 21:52:21.680"/>
</kw>
<test id="s1-s3-t1" name="Verify that Google Play button redirecting user to Vision Project on play store" line="11">
<kw name="Launch Test application" library="Setup keywords" type="SETUP">
<kw name="Open Application" library="MobileTestLibrary">
<arg>${remote_url}</arg>
<arg>&amp;{device}</arg>
<doc>Opens a new application to given Appium server.
Capabilities of appium server, Android and iOS,
Please check https://github.com/appium/appium/blob/master/docs/en/writing-running-appium/server-args.md
| *Option*            | *Man.* | *Description*     |
| remote_url          | Yes    | Appium server url |
| alias               | no     | alias             |
| strict_ssl          | No     | allows you to send commands to an invalid certificate host like a self-signed one. |</doc>
<status status="NOT RUN" starttime="20230316 21:52:21.685" endtime="20230316 21:52:21.686"/>
</kw>
<kw name="Set Log Level" library="BuiltIn">
<arg>DEBUG</arg>
<doc>Sets the log threshold to the specified level and returns the old level.</doc>
<status status="NOT RUN" starttime="20230316 21:52:21.686" endtime="20230316 21:52:21.686"/>
</kw>
<kw name="Set Appium Timeout" library="MobileTestLibrary">
<arg>30</arg>
<doc>Sets the timeout in seconds used by various keywords.</doc>
<status status="NOT RUN" starttime="20230316 21:52:21.687" endtime="20230316 21:52:21.687"/>
</kw>
<status status="PASS" starttime="20230316 21:52:21.682" endtime="20230316 21:52:21.687"/>
</kw>
<kw name="launch camera app and wait until user scan the QR code from study link url" library="launch_flow_keywords">
<kw name="Start Activity" library="MobileTestLibrary">
<arg>com.google.android.GoogleCamera</arg>
<arg>com.android.camera.CameraLauncher</arg>
<doc>Opens an arbitrary activity during a test. If the activity belongs to
another application, that application is started and the activity is opened.</doc>
<status status="NOT RUN" starttime="20230316 21:52:21.689" endtime="20230316 21:52:21.689"/>
</kw>
<kw name="Open Browser" library="WebApplicationTestLibrary">
<arg>${url}</arg>
<arg>${Browser}</arg>
<arg>Chrome</arg>
<arg>executable_path= D:\Robocrop_Fusion\drivers\chromedriver.exe</arg>
<doc>Opens a new browser instance to the optional ``url``.</doc>
<status status="NOT RUN" starttime="20230316 21:52:21.689" endtime="20230316 21:52:21.690"/>
</kw>
<kw name="Maximize Browser Window" library="WebApplicationTestLibrary">
<doc>Maximizes current browser window.</doc>
<status status="NOT RUN" starttime="20230316 21:52:21.690" endtime="20230316 21:52:21.691"/>
</kw>
<status status="PASS" starttime="20230316 21:52:21.688" endtime="20230316 21:52:21.691"/>
</kw>
<kw name="tap on generated link" library="launch_flow_keywords">
<kw name="Wait Until Element Is Visible" library="MobileTestLibrary">
<arg>${camera_smartchip_text}</arg>
<arg>timeout= 300</arg>
<doc>Waits until element specified with `locator` is visible.</doc>
<status status="NOT RUN" starttime="20230316 21:52:21.692" endtime="20230316 21:52:21.692"/>
</kw>
<kw name="Click Element" library="MobileTestLibrary">
<arg>${camera_smartchip_text}</arg>
<doc>Click element identified by `locator`.</doc>
<status status="NOT RUN" starttime="20230316 21:52:21.693" endtime="20230316 21:52:21.693"/>
</kw>
<kw name="Close Browser" library="WebApplicationTestLibrary">
<doc>Closes the current browser.</doc>
<status status="NOT RUN" starttime="20230316 21:52:21.694" endtime="20230316 21:52:21.694"/>
</kw>
<kw name="Wait Until Element Is Visible" library="MobileTestLibrary">
<arg>${google_playstore_Button}</arg>
<arg>timeout=30</arg>
<doc>Waits until element specified with `locator` is visible.</doc>
<status status="NOT RUN" starttime="20230316 21:52:21.694" endtime="20230316 21:52:21.694"/>
</kw>
<kw name="Get Text From Index" library="MobileTestLibrary">
<var>${SlicedStudyLink}</var>
<arg>${url}</arg>
<arg>42</arg>
<arg>78</arg>
<status status="NOT RUN" starttime="20230316 21:52:21.695" endtime="20230316 21:52:21.695"/>
</kw>
<kw name="Set Global Variable" library="BuiltIn">
<arg>${SlicedStudyLink}</arg>
<doc>Makes a variable available globally in all tests and suites.</doc>
<status status="NOT RUN" starttime="20230316 21:52:21.695" endtime="20230316 21:52:21.695"/>
</kw>
<kw name="Log To Console" library="BuiltIn">
<arg>${SlicedStudyLink}</arg>
<doc>Logs the given message to the console.</doc>
<status status="NOT RUN" starttime="20230316 21:52:21.695" endtime="20230316 21:52:21.695"/>
</kw>
<status status="PASS" starttime="20230316 21:52:21.691" endtime="20230316 21:52:21.696"/>
</kw>
<kw name="tap on 'google play store' button" library="launch_flow_keywords">
<kw name="Wait Until Element Is Visible" library="MobileTestLibrary">
<arg>${google_playstore_Button}</arg>
<arg>timeout=30</arg>
<doc>Waits until element specified with `locator` is visible.</doc>
<status status="NOT RUN" starttime="20230316 21:52:21.697" endtime="20230316 21:52:21.698"/>
</kw>
<kw name="Click Element" library="MobileTestLibrary">
<arg>${google_playstore_Button}</arg>
<doc>Click element identified by `locator`.</doc>
<status status="NOT RUN" starttime="20230316 21:52:21.698" endtime="20230316 21:52:21.698"/>
</kw>
<status status="PASS" starttime="20230316 21:52:21.696" endtime="20230316 21:52:21.699"/>
</kw>
<kw name="verify user is landed on 'google playstore' on vision app page" library="launch_flow_keywords">
<kw name="Wait Until Page Contains" library="MobileTestLibrary">
<arg>Google Play</arg>
<doc>Waits until `text` appears on current page.</doc>
<status status="NOT RUN" starttime="20230316 21:52:21.701" endtime="20230316 21:52:21.702"/>
</kw>
<kw name="Page Should Contain Text" library="MobileTestLibrary">
<arg>Vision Project</arg>
<doc>Verifies that current page contains `text`.</doc>
<status status="NOT RUN" starttime="20230316 21:52:21.703" endtime="20230316 21:52:21.703"/>
</kw>
<kw name="Go Back" library="MobileTestLibrary">
<doc>Goes one step backward in the browser history.</doc>
<status status="NOT RUN" starttime="20230316 21:52:21.703" endtime="20230316 21:52:21.703"/>
</kw>
<status status="PASS" starttime="20230316 21:52:21.699" endtime="20230316 21:52:21.703"/>
</kw>
<kw name="Verify if Need Help? page opens up after tapping Need Help? link from landing page" library="launch_flow_keywords">
<kw name="Wait Until Page Contains" library="MobileTestLibrary">
<arg>Need Help</arg>
<doc>Waits until `text` appears on current page.</doc>
<status status="NOT RUN" starttime="20230316 21:52:21.704" endtime="20230316 21:52:21.704"/>
</kw>
<kw name="Click Element" library="MobileTestLibrary">
<arg>${Need_Help}</arg>
<doc>Click element identified by `locator`.</doc>
<status status="NOT RUN" starttime="20230316 21:52:21.705" endtime="20230316 21:52:21.705"/>
</kw>
<status status="PASS" starttime="20230316 21:52:21.703" endtime="20230316 21:52:21.705"/>
</kw>
<kw name="Verify if &quot;Contact Us&quot;, &quot;How to check Android version&quot; , &quot;Privacy Policy&quot; and &quot;Terms of User Agreement&quot; option are provided on Need help page" library="launch_flow_keywords">
<kw name="Wait Until Page Contains" library="MobileTestLibrary">
<arg>Contact us</arg>
<doc>Waits until `text` appears on current page.</doc>
<status status="NOT RUN" starttime="20230316 21:52:21.706" endtime="20230316 21:52:21.706"/>
</kw>
<kw name="Page Should Contain Text" library="MobileTestLibrary">
<arg>Contact us</arg>
<doc>Verifies that current page contains `text`.</doc>
<status status="NOT RUN" starttime="20230316 21:52:21.706" endtime="20230316 21:52:21.706"/>
</kw>
<kw name="Page Should Contain Text" library="MobileTestLibrary">
<arg>How to check Android version</arg>
<doc>Verifies that current page contains `text`.</doc>
<status status="NOT RUN" starttime="20230316 21:52:21.706" endtime="20230316 21:52:21.707"/>
</kw>
<kw name="Page Should Contain Text" library="MobileTestLibrary">
<arg>Privacy policy</arg>
<doc>Verifies that current page contains `text`.</doc>
<status status="NOT RUN" starttime="20230316 21:52:21.707" endtime="20230316 21:52:21.707"/>
</kw>
<kw name="Page Should Contain Text" library="MobileTestLibrary">
<arg>Terms of Use Agreement</arg>
<doc>Verifies that current page contains `text`.</doc>
<status status="NOT RUN" starttime="20230316 21:52:21.707" endtime="20230316 21:52:21.707"/>
</kw>
<status status="PASS" starttime="20230316 21:52:21.705" endtime="20230316 21:52:21.708"/>
</kw>
<kw name="tap on 'Contact us' and verify user is landing on contact us page" library="launch_flow_keywords">
<kw name="Wait Until Element Is Visible" library="MobileTestLibrary">
<arg>${contact us}</arg>
<doc>Waits until element specified with `locator` is visible.</doc>
<status status="NOT RUN" starttime="20230316 21:52:21.708" endtime="20230316 21:52:21.709"/>
</kw>
<kw name="Click Element" library="MobileTestLibrary">
<arg>${contact us}</arg>
<doc>Click element identified by `locator`.</doc>
<status status="NOT RUN" starttime="20230316 21:52:21.709" endtime="20230316 21:52:21.709"/>
</kw>
<kw name="Wait Until Page Contains" library="MobileTestLibrary">
<arg>Contact us</arg>
<doc>Waits until `text` appears on current page.</doc>
<status status="NOT RUN" starttime="20230316 21:52:21.709" endtime="20230316 21:52:21.709"/>
</kw>
<kw name="Page Should Contain Text" library="MobileTestLibrary">
<arg>If you need help or have any questions or feedback, please send an email to the following address. We will get back to you within 1 business day.</arg>
<doc>Verifies that current page contains `text`.</doc>
<status status="NOT RUN" starttime="20230316 21:52:21.710" endtime="20230316 21:52:21.710"/>
</kw>
<kw name="Page Should Contain Text" library="MobileTestLibrary">
<arg>support@vision-project.co</arg>
<doc>Verifies that current page contains `text`.</doc>
<status status="NOT RUN" starttime="20230316 21:52:21.710" endtime="20230316 21:52:21.710"/>
</kw>
<kw name="Click Element" library="MobileTestLibrary">
<arg>${Go Back Button}</arg>
<doc>Click element identified by `locator`.</doc>
<status status="NOT RUN" starttime="20230316 21:52:21.710" endtime="20230316 21:52:21.711"/>
</kw>
<status status="PASS" starttime="20230316 21:52:21.708" endtime="20230316 21:52:21.711"/>
</kw>
<kw name="tap on 'How to check Android version' and verify user is landing on 'How to check Android version' page" library="launch_flow_keywords">
<kw name="Wait Until Element Is Visible" library="MobileTestLibrary">
<arg>${How to check Android version}</arg>
<doc>Waits until element specified with `locator` is visible.</doc>
<status status="NOT RUN" starttime="20230316 21:52:21.712" endtime="20230316 21:52:21.712"/>
</kw>
<kw name="Click Element" library="MobileTestLibrary">
<arg>${How to check Android version}</arg>
<doc>Click element identified by `locator`.</doc>
<status status="NOT RUN" starttime="20230316 21:52:21.712" endtime="20230316 21:52:21.713"/>
</kw>
<kw name="Page Should Contain Text" library="MobileTestLibrary">
<arg>How to check Android version</arg>
<doc>Verifies that current page contains `text`.</doc>
<status status="NOT RUN" starttime="20230316 21:52:21.713" endtime="20230316 21:52:21.713"/>
</kw>
<kw name="Page Should Contain Element" library="MobileTestLibrary">
<arg>${Go Back Button}</arg>
<doc>Verifies that current page contains `locator` element.</doc>
<status status="NOT RUN" starttime="20230316 21:52:21.713" endtime="20230316 21:52:21.713"/>
</kw>
<kw name="Click Element" library="MobileTestLibrary">
<arg>${Go Back Button}</arg>
<doc>Click element identified by `locator`.</doc>
<status status="NOT RUN" starttime="20230316 21:52:21.714" endtime="20230316 21:52:21.714"/>
</kw>
<status status="PASS" starttime="20230316 21:52:21.711" endtime="20230316 21:52:21.714"/>
</kw>
<kw name="tap on 'Terms of Use Agreement' and verify user is landing on Terms of Use Agreement page" library="launch_flow_keywords">
<kw name="Wait Until Element Is Visible" library="MobileTestLibrary">
<arg>${Terms of Use Agreement}</arg>
<arg>timeout=10</arg>
<doc>Waits until element specified with `locator` is visible.</doc>
<status status="NOT RUN" starttime="20230316 21:52:21.715" endtime="20230316 21:52:21.715"/>
</kw>
<kw name="Click Element" library="MobileTestLibrary">
<arg>${Terms of Use Agreement}</arg>
<doc>Click element identified by `locator`.</doc>
<status status="NOT RUN" starttime="20230316 21:52:21.715" endtime="20230316 21:52:21.715"/>
</kw>
<kw name="Wait Until Page Contains" library="MobileTestLibrary">
<arg>Vision Project Terms of Use Agreement</arg>
<doc>Waits until `text` appears on current page.</doc>
<status status="NOT RUN" starttime="20230316 21:52:21.715" endtime="20230316 21:52:21.715"/>
</kw>
<kw name="Scroll To Element By Exact Text" library="MobileTestLibrary">
<arg>19. Electronic Signatures</arg>
<status status="NOT RUN" starttime="20230316 21:52:21.716" endtime="20230316 21:52:21.716"/>
</kw>
<kw name="Page Should Contain Text" library="MobileTestLibrary">
<arg>19. Electronic Signatures</arg>
<doc>Verifies that current page contains `text`.</doc>
<status status="NOT RUN" starttime="20230316 21:52:21.717" endtime="20230316 21:52:21.719"/>
</kw>
<kw name="Go Back" library="MobileTestLibrary">
<doc>Goes one step backward in the browser history.</doc>
<status status="NOT RUN" starttime="20230316 21:52:21.719" endtime="20230316 21:52:21.719"/>
</kw>
<status status="PASS" starttime="20230316 21:52:21.714" endtime="20230316 21:52:21.719"/>
</kw>
<kw name="close Test application" library="Setup keywords" type="TEARDOWN">
<kw name="Run Keyword And Continue On Failure" library="BuiltIn">
<arg>Close Application</arg>
<doc>Runs the keyword and continues execution even if a failure occurs.</doc>
<kw name="Close Application" library="MobileTestLibrary">
<doc>Closes the current application and also close webdriver session.</doc>
<status status="NOT RUN" starttime="20230316 21:52:21.721" endtime="20230316 21:52:21.721"/>
</kw>
<status status="NOT RUN" starttime="20230316 21:52:21.721" endtime="20230316 21:52:21.721"/>
</kw>
<kw name="Run Keyword And Continue On Failure" library="BuiltIn">
<arg>WebApplicationTestLibrary.Close Browser</arg>
<doc>Runs the keyword and continues execution even if a failure occurs.</doc>
<kw name="Close Browser" library="WebApplicationTestLibrary">
<doc>Closes the current browser.</doc>
<status status="NOT RUN" starttime="20230316 21:52:21.722" endtime="20230316 21:52:21.722"/>
</kw>
<status status="NOT RUN" starttime="20230316 21:52:21.722" endtime="20230316 21:52:21.722"/>
</kw>
<kw name="Run Keyword And Continue On Failure" library="BuiltIn">
<arg>WebApplicationTestLibrary.Close All Browsers</arg>
<doc>Runs the keyword and continues execution even if a failure occurs.</doc>
<kw name="Close All Browsers" library="WebApplicationTestLibrary">
<doc>Closes all open browsers and resets the browser cache.</doc>
<status status="NOT RUN" starttime="20230316 21:52:21.724" endtime="20230316 21:52:21.724"/>
</kw>
<status status="NOT RUN" starttime="20230316 21:52:21.723" endtime="20230316 21:52:21.724"/>
</kw>
<kw name="Run Keyword And Continue On Failure" library="BuiltIn">
<arg>Close All Applications</arg>
<doc>Runs the keyword and continues execution even if a failure occurs.</doc>
<kw name="Close All Applications" library="MobileTestLibrary">
<doc>Closes all open applications.</doc>
<status status="NOT RUN" starttime="20230316 21:52:21.724" endtime="20230316 21:52:21.725"/>
</kw>
<status status="NOT RUN" starttime="20230316 21:52:21.724" endtime="20230316 21:52:21.725"/>
</kw>
<status status="PASS" starttime="20230316 21:52:21.720" endtime="20230316 21:52:21.725"/>
</kw>
<doc>Verification that Google Play button redirecting user to Vision Project on play store</doc>
<tag>regression</tag>
<status status="PASS" starttime="20230316 21:52:21.681" endtime="20230316 21:52:21.726"/>
</test>
<kw name="tearDown" library="Setup keywords" type="TEARDOWN">
<kw name="Stop Appium Service" library="MobileTestLibrary">
<status status="NOT RUN" starttime="20230316 21:52:21.728" endtime="20230316 21:52:21.728"/>
</kw>
<status status="PASS" starttime="20230316 21:52:21.727" endtime="20230316 21:52:21.728"/>
</kw>
<status status="PASS" starttime="20230316 21:52:21.619" endtime="20230316 21:52:21.728"/>
</suite>
<suite id="s1-s4" name="TC004 - Verify that if social app is not installed on phone then App was not found screen appears" source="D:\FusionTestFramework\com.playgroundxyz.vision_project\com.playgroundxyz.vision_project.TestcaseSuite\TC004 - Verify that if social app is not installed on phone then App was not found screen appears.robot">
<kw name="Setup before suit start" library="Setup keywords" type="SETUP">
<kw name="Start Appium Service" library="MobileTestLibrary">
<status status="NOT RUN" starttime="20230316 21:52:21.773" endtime="20230316 21:52:21.773"/>
</kw>
<kw name="Set Log Level" library="BuiltIn">
<arg>DEBUG</arg>
<doc>Sets the log threshold to the specified level and returns the old level.</doc>
<status status="NOT RUN" starttime="20230316 21:52:21.773" endtime="20230316 21:52:21.773"/>
</kw>
<status status="PASS" starttime="20230316 21:52:21.773" endtime="20230316 21:52:21.774"/>
</kw>
<test id="s1-s4-t1" name="Verify that if social app is not installed on phone then App was not found screen appears" line="11">
<kw name="Launch Test application" library="Setup keywords" type="SETUP">
<kw name="Open Application" library="MobileTestLibrary">
<arg>${remote_url}</arg>
<arg>&amp;{device}</arg>
<doc>Opens a new application to given Appium server.
Capabilities of appium server, Android and iOS,
Please check https://github.com/appium/appium/blob/master/docs/en/writing-running-appium/server-args.md
| *Option*            | *Man.* | *Description*     |
| remote_url          | Yes    | Appium server url |
| alias               | no     | alias             |
| strict_ssl          | No     | allows you to send commands to an invalid certificate host like a self-signed one. |</doc>
<status status="NOT RUN" starttime="20230316 21:52:21.775" endtime="20230316 21:52:21.775"/>
</kw>
<kw name="Set Log Level" library="BuiltIn">
<arg>DEBUG</arg>
<doc>Sets the log threshold to the specified level and returns the old level.</doc>
<status status="NOT RUN" starttime="20230316 21:52:21.776" endtime="20230316 21:52:21.776"/>
</kw>
<kw name="Set Appium Timeout" library="MobileTestLibrary">
<arg>30</arg>
<doc>Sets the timeout in seconds used by various keywords.</doc>
<status status="NOT RUN" starttime="20230316 21:52:21.776" endtime="20230316 21:52:21.776"/>
</kw>
<status status="PASS" starttime="20230316 21:52:21.775" endtime="20230316 21:52:21.776"/>
</kw>
<kw name="launch camera app and wait until user scan the QR code from study link url" library="launch_flow_keywords">
<kw name="Start Activity" library="MobileTestLibrary">
<arg>com.google.android.GoogleCamera</arg>
<arg>com.android.camera.CameraLauncher</arg>
<doc>Opens an arbitrary activity during a test. If the activity belongs to
another application, that application is started and the activity is opened.</doc>
<status status="NOT RUN" starttime="20230316 21:52:21.777" endtime="20230316 21:52:21.777"/>
</kw>
<kw name="Open Browser" library="WebApplicationTestLibrary">
<arg>${url}</arg>
<arg>${Browser}</arg>
<arg>Chrome</arg>
<arg>executable_path= D:\Robocrop_Fusion\drivers\chromedriver.exe</arg>
<doc>Opens a new browser instance to the optional ``url``.</doc>
<status status="NOT RUN" starttime="20230316 21:52:21.777" endtime="20230316 21:52:21.778"/>
</kw>
<kw name="Maximize Browser Window" library="WebApplicationTestLibrary">
<doc>Maximizes current browser window.</doc>
<status status="NOT RUN" starttime="20230316 21:52:21.778" endtime="20230316 21:52:21.778"/>
</kw>
<status status="PASS" starttime="20230316 21:52:21.776" endtime="20230316 21:52:21.778"/>
</kw>
<kw name="tap on generated link" library="launch_flow_keywords">
<kw name="Wait Until Element Is Visible" library="MobileTestLibrary">
<arg>${camera_smartchip_text}</arg>
<arg>timeout= 300</arg>
<doc>Waits until element specified with `locator` is visible.</doc>
<status status="NOT RUN" starttime="20230316 21:52:21.779" endtime="20230316 21:52:21.779"/>
</kw>
<kw name="Click Element" library="MobileTestLibrary">
<arg>${camera_smartchip_text}</arg>
<doc>Click element identified by `locator`.</doc>
<status status="NOT RUN" starttime="20230316 21:52:21.779" endtime="20230316 21:52:21.779"/>
</kw>
<kw name="Close Browser" library="WebApplicationTestLibrary">
<doc>Closes the current browser.</doc>
<status status="NOT RUN" starttime="20230316 21:52:21.779" endtime="20230316 21:52:21.779"/>
</kw>
<kw name="Wait Until Element Is Visible" library="MobileTestLibrary">
<arg>${google_playstore_Button}</arg>
<arg>timeout=30</arg>
<doc>Waits until element specified with `locator` is visible.</doc>
<status status="NOT RUN" starttime="20230316 21:52:21.780" endtime="20230316 21:52:21.780"/>
</kw>
<kw name="Get Text From Index" library="MobileTestLibrary">
<var>${SlicedStudyLink}</var>
<arg>${url}</arg>
<arg>42</arg>
<arg>78</arg>
<status status="NOT RUN" starttime="20230316 21:52:21.780" endtime="20230316 21:52:21.780"/>
</kw>
<kw name="Set Global Variable" library="BuiltIn">
<arg>${SlicedStudyLink}</arg>
<doc>Makes a variable available globally in all tests and suites.</doc>
<status status="NOT RUN" starttime="20230316 21:52:21.780" endtime="20230316 21:52:21.780"/>
</kw>
<kw name="Log To Console" library="BuiltIn">
<arg>${SlicedStudyLink}</arg>
<doc>Logs the given message to the console.</doc>
<status status="NOT RUN" starttime="20230316 21:52:21.780" endtime="20230316 21:52:21.780"/>
</kw>
<status status="PASS" starttime="20230316 21:52:21.778" endtime="20230316 21:52:21.780"/>
</kw>
<kw name="tap on 'OPEN STUDY IN APP' button" library="launch_flow_keywords">
<kw name="Wait Until Element Is Visible" library="MobileTestLibrary">
<arg>${Open Study In app}</arg>
<doc>Waits until element specified with `locator` is visible.</doc>
<status status="NOT RUN" starttime="20230316 21:52:21.781" endtime="20230316 21:52:21.782"/>
</kw>
<kw name="Click Element" library="MobileTestLibrary">
<arg>${Open Study In app}</arg>
<doc>Click element identified by `locator`.</doc>
<status status="NOT RUN" starttime="20230316 21:52:21.782" endtime="20230316 21:52:21.782"/>
</kw>
<status status="PASS" starttime="20230316 21:52:21.781" endtime="20230316 21:52:21.783"/>
</kw>
<kw name="verify link is pasted in textbox" library="launch_flow_keywords">
<kw name="Wait Until Element Is Visible" library="MobileTestLibrary">
<arg>${Study link textbox}</arg>
<doc>Waits until element specified with `locator` is visible.</doc>
<status status="NOT RUN" starttime="20230316 21:52:21.783" endtime="20230316 21:52:21.784"/>
</kw>
<kw name="MobileTestLibrary.Get Text2">
<var>${pastedlink}</var>
<arg>${Study link textbox}</arg>
<msg timestamp="20230316 21:52:21.792" level="FAIL">No keyword with name 'MobileTestLibrary.Get Text2' found. Did you mean:
    MobileTestLibrary.Get Text
    MobileTestLibrary.Get Contexts
    MobileTestLibrary.Input Text
    MobileTestLibrary.Clear Text</msg>
<status status="FAIL" starttime="20230316 21:52:21.792" endtime="20230316 21:52:21.792"/>
</kw>
<kw name="Should Be Equal As Strings" library="BuiltIn">
<arg>${SlicedStudyLink}</arg>
<arg>${pastedlink}</arg>
<doc>Fails if objects are unequal after converting them to strings.</doc>
<status status="NOT RUN" starttime="20230316 21:52:21.793" endtime="20230316 21:52:21.794"/>
</kw>
<status status="FAIL" starttime="20230316 21:52:21.783" endtime="20230316 21:52:21.794"/>
</kw>
<kw name="Verify that user can start study by hitting Get Started button" library="launch_flow_keywords">
<kw name="Wait Until Page Contains Element" library="MobileTestLibrary">
<arg>${GET STARTED}</arg>
<doc>Waits until element specified with `locator` appears on current page.</doc>
<status status="NOT RUN" starttime="20230316 21:52:21.794" endtime="20230316 21:52:21.794"/>
</kw>
<kw name="Click Element" library="MobileTestLibrary">
<arg>${GET STARTED}</arg>
<doc>Click element identified by `locator`.</doc>
<status status="NOT RUN" starttime="20230316 21:52:21.794" endtime="20230316 21:52:21.794"/>
</kw>
<kw name="Wait Until Page Contains Element" library="MobileTestLibrary">
<arg>${About the study}</arg>
<doc>Waits until element specified with `locator` appears on current page.</doc>
<status status="NOT RUN" starttime="20230316 21:52:21.794" endtime="20230316 21:52:21.795"/>
</kw>
<kw name="Wait Until Page Contains Element" library="MobileTestLibrary">
<arg>${BEGIN Button}</arg>
<doc>Waits until element specified with `locator` appears on current page.</doc>
<status status="NOT RUN" starttime="20230316 21:52:21.795" endtime="20230316 21:52:21.795"/>
</kw>
<status status="PASS" starttime="20230316 21:52:21.794" endtime="20230316 21:52:21.795"/>
</kw>
<kw name="tap on 'BEGIN' button" library="welcome page journey keywords">
<kw name="Wait Until Page Contains Element" library="MobileTestLibrary">
<arg>${BEGIN Button}</arg>
<doc>Waits until element specified with `locator` appears on current page.</doc>
<status status="NOT RUN" starttime="20230316 21:52:21.797" endtime="20230316 21:52:21.797"/>
</kw>
<kw name="Wait Until Element Is Visible" library="MobileTestLibrary">
<arg>${Help icon}</arg>
<doc>Waits until element specified with `locator` is visible.</doc>
<status status="NOT RUN" starttime="20230316 21:52:21.797" endtime="20230316 21:52:21.797"/>
</kw>
<kw name="Click Element" library="MobileTestLibrary">
<arg>${Help icon}</arg>
<doc>Click element identified by `locator`.</doc>
<status status="NOT RUN" starttime="20230316 21:52:21.798" endtime="20230316 21:52:21.798"/>
</kw>
<kw name="Verify help page getting displayed to the user with 'contact us' , 'Eye tracking tips' , 'privacy' ..." library="welcome page journey keywords">
<kw name="Wait Until Element Is Visible" library="MobileTestLibrary">
<arg>${Native vision app Need help?}</arg>
<doc>Waits until element specified with `locator` is visible.</doc>
<status status="NOT RUN" starttime="20230316 21:52:21.799" endtime="20230316 21:52:21.799"/>
</kw>
<kw name="Page Should Contain Element" library="MobileTestLibrary">
<arg>${Native vision Contact us}</arg>
<doc>Verifies that current page contains `locator` element.</doc>
<status status="NOT RUN" starttime="20230316 21:52:21.799" endtime="20230316 21:52:21.799"/>
</kw>
<kw name="Page Should Contain Element" library="MobileTestLibrary">
<arg>${Native vision Eye tracking tips}</arg>
<doc>Verifies that current page contains `locator` element.</doc>
<status status="NOT RUN" starttime="20230316 21:52:21.799" endtime="20230316 21:52:21.800"/>
</kw>
<kw name="Page Should Contain Element" library="MobileTestLibrary">
<arg>${Native vision Privacy}</arg>
<doc>Verifies that current page contains `locator` element.</doc>
<status status="NOT RUN" starttime="20230316 21:52:21.800" endtime="20230316 21:52:21.800"/>
</kw>
<kw name="Page Should Contain Element" library="MobileTestLibrary">
<arg>${Native vision Terms of Use Agreement}</arg>
<doc>Verifies that current page contains `locator` element.</doc>
<status status="NOT RUN" starttime="20230316 21:52:21.801" endtime="20230316 21:52:21.802"/>
</kw>
<kw name="Page Should Contain Element" library="MobileTestLibrary">
<arg>${Native vision How to check Android version}</arg>
<doc>Verifies that current page contains `locator` element.</doc>
<status status="NOT RUN" starttime="20230316 21:52:21.802" endtime="20230316 21:52:21.802"/>
</kw>
<kw name="Page Should Contain Element" library="MobileTestLibrary">
<arg>${Native vision How to recover completion code}</arg>
<doc>Verifies that current page contains `locator` element.</doc>
<status status="NOT RUN" starttime="20230316 21:52:21.802" endtime="20230316 21:52:21.802"/>
</kw>
<status status="PASS" starttime="20230316 21:52:21.799" endtime="20230316 21:52:21.803"/>
</kw>
<kw name="Click Element" library="MobileTestLibrary">
<arg>${Native vision Need HelpPage Go Back Btn}</arg>
<doc>Click element identified by `locator`.</doc>
<status status="NOT RUN" starttime="20230316 21:52:21.803" endtime="20230316 21:52:21.803"/>
</kw>
<kw name="Wait Until Page Contains Element" library="MobileTestLibrary">
<arg>${BEGIN Button}</arg>
<doc>Waits until element specified with `locator` appears on current page.</doc>
<status status="NOT RUN" starttime="20230316 21:52:21.803" endtime="20230316 21:52:21.803"/>
</kw>
<kw name="Click Element" library="MobileTestLibrary">
<arg>${BEGIN Button}</arg>
<doc>Click element identified by `locator`.</doc>
<status status="NOT RUN" starttime="20230316 21:52:21.803" endtime="20230316 21:52:21.804"/>
</kw>
<status status="PASS" starttime="20230316 21:52:21.795" endtime="20230316 21:52:21.804"/>
</kw>
<kw name="read 'privacy Notice'" library="welcome page journey keywords">
<kw name="Wait Until Page Contains" library="MobileTestLibrary">
<arg>Privacy Notice</arg>
<doc>Waits until `text` appears on current page.</doc>
<status status="NOT RUN" starttime="20230316 21:52:21.804" endtime="20230316 21:52:21.804"/>
</kw>
<kw name="Scroll To Element By Exact Text In LongView" library="MobileTestLibrary">
<arg>www.playground.xyz/privacy/</arg>
<arg>30</arg>
<doc>element : give exact text of elements
MaxSwapCount : Input how many times you have to swap to find element</doc>
<status status="NOT RUN" starttime="20230316 21:52:21.805" endtime="20230316 21:52:21.805"/>
</kw>
<status status="PASS" starttime="20230316 21:52:21.804" endtime="20230316 21:52:21.805"/>
</kw>
<kw name="accept 'privacy Notice'" library="welcome page journey keywords">
<kw name="Wait Until Element Is Visible" library="MobileTestLibrary">
<arg>${PrivacyNoticeCheckbox}</arg>
<doc>Waits until element specified with `locator` is visible.</doc>
<status status="NOT RUN" starttime="20230316 21:52:21.806" endtime="20230316 21:52:21.806"/>
</kw>
<kw name="Wait Until Element Gets Enabled" library="MobileTestLibrary">
<arg>${PrivacyNoticeCheckbox}</arg>
<status status="NOT RUN" starttime="20230316 21:52:21.806" endtime="20230316 21:52:21.806"/>
</kw>
<kw name="Tap" library="MobileTestLibrary">
<arg>${PrivacyNoticeCheckbox}</arg>
<doc>*DEPRECATED!!* Since selenium v4, use `Tap With Positions` keyword.</doc>
<msg timestamp="20230316 21:52:21.807" level="WARN">Keyword 'MobileTestLibrary.Tap' is deprecated. Since selenium v4, use `Tap With Positions` keyword.</msg>
<status status="NOT RUN" starttime="20230316 21:52:21.807" endtime="20230316 21:52:21.808"/>
</kw>
<kw name="Wait Until Element Is Visible" library="MobileTestLibrary">
<arg>${TermsOfUseCheckbox}</arg>
<doc>Waits until element specified with `locator` is visible.</doc>
<status status="NOT RUN" starttime="20230316 21:52:21.808" endtime="20230316 21:52:21.808"/>
</kw>
<kw name="Click Element At Coordinates" library="MobileTestLibrary">
<arg>112</arg>
<arg>1459</arg>
<doc>*DEPRECATED!!* Since selenium v4, use other keywords.</doc>
<msg timestamp="20230316 21:52:21.809" level="WARN">Keyword 'MobileTestLibrary.Click Element At Coordinates' is deprecated. Since selenium v4, use other keywords.</msg>
<status status="NOT RUN" starttime="20230316 21:52:21.809" endtime="20230316 21:52:21.810"/>
</kw>
<kw name="Wait Until Element Is Visible" library="MobileTestLibrary">
<arg>${acceptBtn}</arg>
<doc>Waits until element specified with `locator` is visible.</doc>
<status status="NOT RUN" starttime="20230316 21:52:21.810" endtime="20230316 21:52:21.810"/>
</kw>
<kw name="Wait Until Element Gets Enabled" library="MobileTestLibrary">
<arg>${acceptBtn}</arg>
<status status="NOT RUN" starttime="20230316 21:52:21.811" endtime="20230316 21:52:21.811"/>
</kw>
<kw name="Click Element" library="MobileTestLibrary">
<arg>${acceptBtn}</arg>
<doc>Click element identified by `locator`.</doc>
<status status="NOT RUN" starttime="20230316 21:52:21.811" endtime="20230316 21:52:21.811"/>
</kw>
<kw name="Wait Until Page Contains" library="MobileTestLibrary">
<arg>Track your gaze</arg>
<doc>Waits until `text` appears on current page.</doc>
<status status="NOT RUN" starttime="20230316 21:52:21.811" endtime="20230316 21:52:21.811"/>
</kw>
<status status="PASS" starttime="20230316 21:52:21.806" endtime="20230316 21:52:21.812"/>
</kw>
<kw name="Verify help icon is working as excepted" library="Allow Permission page keywords">
<kw name="Wait Until Element Is Visible" library="MobileTestLibrary">
<arg>${Help icon}</arg>
<doc>Waits until element specified with `locator` is visible.</doc>
<status status="NOT RUN" starttime="20230316 21:52:21.812" endtime="20230316 21:52:21.813"/>
</kw>
<kw name="Tap" library="MobileTestLibrary">
<arg>${Help icon}</arg>
<doc>*DEPRECATED!!* Since selenium v4, use `Tap With Positions` keyword.</doc>
<msg timestamp="20230316 21:52:21.813" level="WARN">Keyword 'MobileTestLibrary.Tap' is deprecated. Since selenium v4, use `Tap With Positions` keyword.</msg>
<status status="NOT RUN" starttime="20230316 21:52:21.813" endtime="20230316 21:52:21.814"/>
</kw>
<kw name="Wait Until Page Contains Element" library="MobileTestLibrary">
<arg>${Native vision app Need help?}</arg>
<doc>Waits until element specified with `locator` appears on current page.</doc>
<status status="NOT RUN" starttime="20230316 21:52:21.815" endtime="20230316 21:52:21.815"/>
</kw>
<kw name="Tap" library="MobileTestLibrary">
<arg>${Native vision Need HelpPage Go Back Btn}</arg>
<doc>*DEPRECATED!!* Since selenium v4, use `Tap With Positions` keyword.</doc>
<msg timestamp="20230316 21:52:21.815" level="WARN">Keyword 'MobileTestLibrary.Tap' is deprecated. Since selenium v4, use `Tap With Positions` keyword.</msg>
<status status="NOT RUN" starttime="20230316 21:52:21.815" endtime="20230316 21:52:21.817"/>
</kw>
<status status="PASS" starttime="20230316 21:52:21.812" endtime="20230316 21:52:21.818"/>
</kw>
<kw name="Allow camera access" library="Allow Permission page keywords">
<try>
<branch type="TRY">
<kw name="Wait Until Element Is Visible" library="MobileTestLibrary">
<arg>${ALLOW CAMERA ACCESS}</arg>
<doc>Waits until element specified with `locator` is visible.</doc>
<status status="NOT RUN" starttime="20230316 21:52:21.819" endtime="20230316 21:52:21.820"/>
</kw>
<kw name="Tap" library="MobileTestLibrary">
<arg>${ALLOW CAMERA ACCESS}</arg>
<doc>*DEPRECATED!!* Since selenium v4, use `Tap With Positions` keyword.</doc>
<msg timestamp="20230316 21:52:21.820" level="WARN">Keyword 'MobileTestLibrary.Tap' is deprecated. Since selenium v4, use `Tap With Positions` keyword.</msg>
<status status="NOT RUN" starttime="20230316 21:52:21.820" endtime="20230316 21:52:21.821"/>
</kw>
<try>
<branch type="TRY">
<kw name="Wait Until Element Is Visible" library="MobileTestLibrary">
<arg>${Allow While using the app}</arg>
<doc>Waits until element specified with `locator` is visible.</doc>
<status status="NOT RUN" starttime="20230316 21:52:21.822" endtime="20230316 21:52:21.822"/>
</kw>
<kw name="Tap" library="MobileTestLibrary">
<arg>${Allow onlyThisTime}</arg>
<doc>*DEPRECATED!!* Since selenium v4, use `Tap With Positions` keyword.</doc>
<msg timestamp="20230316 21:52:21.823" level="WARN">Keyword 'MobileTestLibrary.Tap' is deprecated. Since selenium v4, use `Tap With Positions` keyword.</msg>
<status status="NOT RUN" starttime="20230316 21:52:21.823" endtime="20230316 21:52:21.825"/>
</kw>
<kw name="Wait Until Page Contains" library="MobileTestLibrary">
<arg>Screen recording</arg>
<doc>Waits until `text` appears on current page.</doc>
<status status="NOT RUN" starttime="20230316 21:52:21.825" endtime="20230316 21:52:21.826"/>
</kw>
<status status="PASS" starttime="20230316 21:52:21.822" endtime="20230316 21:52:21.826"/>
</branch>
<branch type="EXCEPT">
<kw name="Log To Console" library="BuiltIn">
<arg>allowed camera permission</arg>
<doc>Logs the given message to the console.</doc>
<status status="NOT RUN" starttime="20230316 21:52:21.826" endtime="20230316 21:52:21.826"/>
</kw>
<status status="NOT RUN" starttime="20230316 21:52:21.826" endtime="20230316 21:52:21.826"/>
</branch>
<status status="PASS" starttime="20230316 21:52:21.822" endtime="20230316 21:52:21.826"/>
</try>
<status status="PASS" starttime="20230316 21:52:21.819" endtime="20230316 21:52:21.826"/>
</branch>
<branch type="EXCEPT">
<kw name="Wait Until Page Contains" library="MobileTestLibrary">
<arg>You have previously allowed our app usage access.</arg>
<doc>Waits until `text` appears on current page.</doc>
<status status="NOT RUN" starttime="20230316 21:52:21.826" endtime="20230316 21:52:21.827"/>
</kw>
<kw name="Tap" library="MobileTestLibrary">
<arg>${continueBtn}</arg>
<doc>*DEPRECATED!!* Since selenium v4, use `Tap With Positions` keyword.</doc>
<msg timestamp="20230316 21:52:21.829" level="WARN">Keyword 'MobileTestLibrary.Tap' is deprecated. Since selenium v4, use `Tap With Positions` keyword.</msg>
<status status="NOT RUN" starttime="20230316 21:52:21.828" endtime="20230316 21:52:21.830"/>
</kw>
<kw name="Wait Until Page Contains" library="MobileTestLibrary">
<arg>Screen recording</arg>
<doc>Waits until `text` appears on current page.</doc>
<status status="NOT RUN" starttime="20230316 21:52:21.830" endtime="20230316 21:52:21.831"/>
</kw>
<status status="NOT RUN" starttime="20230316 21:52:21.826" endtime="20230316 21:52:21.831"/>
</branch>
<status status="PASS" starttime="20230316 21:52:21.819" endtime="20230316 21:52:21.831"/>
</try>
<status status="PASS" starttime="20230316 21:52:21.818" endtime="20230316 21:52:21.831"/>
</kw>
<kw name="Verify help icon is working as excepted" library="Allow Permission page keywords">
<kw name="Wait Until Element Is Visible" library="MobileTestLibrary">
<arg>${Help icon}</arg>
<doc>Waits until element specified with `locator` is visible.</doc>
<status status="NOT RUN" starttime="20230316 21:52:21.832" endtime="20230316 21:52:21.832"/>
</kw>
<kw name="Tap" library="MobileTestLibrary">
<arg>${Help icon}</arg>
<doc>*DEPRECATED!!* Since selenium v4, use `Tap With Positions` keyword.</doc>
<msg timestamp="20230316 21:52:21.833" level="WARN">Keyword 'MobileTestLibrary.Tap' is deprecated. Since selenium v4, use `Tap With Positions` keyword.</msg>
<status status="NOT RUN" starttime="20230316 21:52:21.833" endtime="20230316 21:52:21.836"/>
</kw>
<kw name="Wait Until Page Contains Element" library="MobileTestLibrary">
<arg>${Native vision app Need help?}</arg>
<doc>Waits until element specified with `locator` appears on current page.</doc>
<status status="NOT RUN" starttime="20230316 21:52:21.837" endtime="20230316 21:52:21.837"/>
</kw>
<kw name="Tap" library="MobileTestLibrary">
<arg>${Native vision Need HelpPage Go Back Btn}</arg>
<doc>*DEPRECATED!!* Since selenium v4, use `Tap With Positions` keyword.</doc>
<msg timestamp="20230316 21:52:21.839" level="WARN">Keyword 'MobileTestLibrary.Tap' is deprecated. Since selenium v4, use `Tap With Positions` keyword.</msg>
<status status="NOT RUN" starttime="20230316 21:52:21.838" endtime="20230316 21:52:21.841"/>
</kw>
<status status="PASS" starttime="20230316 21:52:21.831" endtime="20230316 21:52:21.843"/>
</kw>
<kw name="Allow Screen recording" library="Allow Permission page keywords">
<try>
<branch type="TRY">
<kw name="Wait Until Page Contains" library="MobileTestLibrary">
<arg>Ensure sensitive information such as passwords, messages or payment details are not visible when recording is on.</arg>
<doc>Waits until `text` appears on current page.</doc>
<status status="NOT RUN" starttime="20230316 21:52:21.846" endtime="20230316 21:52:21.846"/>
</kw>
<kw name="Wait Until Element Is Visible" library="MobileTestLibrary">
<arg>${ALLOW ScreenRecording}</arg>
<doc>Waits until element specified with `locator` is visible.</doc>
<status status="NOT RUN" starttime="20230316 21:52:21.847" endtime="20230316 21:52:21.847"/>
</kw>
<kw name="Click Element" library="MobileTestLibrary">
<arg>${ALLOW ScreenRecording}</arg>
<doc>Click element identified by `locator`.</doc>
<status status="NOT RUN" starttime="20230316 21:52:21.848" endtime="20230316 21:52:21.848"/>
</kw>
<kw name="Wait Until Page Contains" library="MobileTestLibrary">
<arg>Start recording or casting with Vision Project?</arg>
<doc>Waits until `text` appears on current page.</doc>
<status status="NOT RUN" starttime="20230316 21:52:21.848" endtime="20230316 21:52:21.849"/>
</kw>
<kw name="Click Element At Coordinates" library="MobileTestLibrary">
<arg>845</arg>
<arg>1540</arg>
<doc>*DEPRECATED!!* Since selenium v4, use other keywords.</doc>
<msg timestamp="20230316 21:52:21.849" level="WARN">Keyword 'MobileTestLibrary.Click Element At Coordinates' is deprecated. Since selenium v4, use other keywords.</msg>
<status status="NOT RUN" starttime="20230316 21:52:21.849" endtime="20230316 21:52:21.859"/>
</kw>
<kw name="Wait Until Page Contains" library="MobileTestLibrary">
<arg>You have previously allowed our app usage access.</arg>
<doc>Waits until `text` appears on current page.</doc>
<status status="NOT RUN" starttime="20230316 21:52:21.860" endtime="20230316 21:52:21.860"/>
</kw>
<kw name="Verify help icon is working as excepted" library="Allow Permission page keywords">
<kw name="Wait Until Element Is Visible" library="MobileTestLibrary">
<arg>${Help icon}</arg>
<doc>Waits until element specified with `locator` is visible.</doc>
<status status="NOT RUN" starttime="20230316 21:52:21.861" endtime="20230316 21:52:21.861"/>
</kw>
<kw name="Tap" library="MobileTestLibrary">
<arg>${Help icon}</arg>
<doc>*DEPRECATED!!* Since selenium v4, use `Tap With Positions` keyword.</doc>
<msg timestamp="20230316 21:52:21.861" level="WARN">Keyword 'MobileTestLibrary.Tap' is deprecated. Since selenium v4, use `Tap With Positions` keyword.</msg>
<status status="NOT RUN" starttime="20230316 21:52:21.861" endtime="20230316 21:52:21.864"/>
</kw>
<kw name="Wait Until Page Contains Element" library="MobileTestLibrary">
<arg>${Native vision app Need help?}</arg>
<doc>Waits until element specified with `locator` appears on current page.</doc>
<status status="NOT RUN" starttime="20230316 21:52:21.864" endtime="20230316 21:52:21.865"/>
</kw>
<kw name="Tap" library="MobileTestLibrary">
<arg>${Native vision Need HelpPage Go Back Btn}</arg>
<doc>*DEPRECATED!!* Since selenium v4, use `Tap With Positions` keyword.</doc>
<msg timestamp="20230316 21:52:21.866" level="WARN">Keyword 'MobileTestLibrary.Tap' is deprecated. Since selenium v4, use `Tap With Positions` keyword.</msg>
<status status="NOT RUN" starttime="20230316 21:52:21.866" endtime="20230316 21:52:21.898"/>
</kw>
<status status="PASS" starttime="20230316 21:52:21.860" endtime="20230316 21:52:21.898"/>
</kw>
<kw name="Tap" library="MobileTestLibrary">
<arg>${continueBtn}</arg>
<doc>*DEPRECATED!!* Since selenium v4, use `Tap With Positions` keyword.</doc>
<msg timestamp="20230316 21:52:21.899" level="WARN">Keyword 'MobileTestLibrary.Tap' is deprecated. Since selenium v4, use `Tap With Positions` keyword.</msg>
<status status="NOT RUN" starttime="20230316 21:52:21.899" endtime="20230316 21:52:21.915"/>
</kw>
<kw name="Wait Until Page Contains" library="MobileTestLibrary">
<arg>You have previously allowed our app to appear on top.</arg>
<doc>Waits until `text` appears on current page.</doc>
<status status="NOT RUN" starttime="20230316 21:52:21.916" endtime="20230316 21:52:21.916"/>
</kw>
<kw name="Verify help icon is working as excepted" library="Allow Permission page keywords">
<kw name="Wait Until Element Is Visible" library="MobileTestLibrary">
<arg>${Help icon}</arg>
<doc>Waits until element specified with `locator` is visible.</doc>
<status status="NOT RUN" starttime="20230316 21:52:21.923" endtime="20230316 21:52:21.924"/>
</kw>
<kw name="Tap" library="MobileTestLibrary">
<arg>${Help icon}</arg>
<doc>*DEPRECATED!!* Since selenium v4, use `Tap With Positions` keyword.</doc>
<msg timestamp="20230316 21:52:21.924" level="WARN">Keyword 'MobileTestLibrary.Tap' is deprecated. Since selenium v4, use `Tap With Positions` keyword.</msg>
<status status="NOT RUN" starttime="20230316 21:52:21.924" endtime="20230316 21:52:21.932"/>
</kw>
<kw name="Wait Until Page Contains Element" library="MobileTestLibrary">
<arg>${Native vision app Need help?}</arg>
<doc>Waits until element specified with `locator` appears on current page.</doc>
<status status="NOT RUN" starttime="20230316 21:52:21.933" endtime="20230316 21:52:21.937"/>
</kw>
<kw name="Tap" library="MobileTestLibrary">
<arg>${Native vision Need HelpPage Go Back Btn}</arg>
<doc>*DEPRECATED!!* Since selenium v4, use `Tap With Positions` keyword.</doc>
<msg timestamp="20230316 21:52:21.939" level="WARN">Keyword 'MobileTestLibrary.Tap' is deprecated. Since selenium v4, use `Tap With Positions` keyword.</msg>
<status status="NOT RUN" starttime="20230316 21:52:21.939" endtime="20230316 21:52:21.944"/>
</kw>
<status status="PASS" starttime="20230316 21:52:21.922" endtime="20230316 21:52:21.944"/>
</kw>
<kw name="Tap" library="MobileTestLibrary">
<arg>${continueBtn}</arg>
<doc>*DEPRECATED!!* Since selenium v4, use `Tap With Positions` keyword.</doc>
<msg timestamp="20230316 21:52:21.945" level="WARN">Keyword 'MobileTestLibrary.Tap' is deprecated. Since selenium v4, use `Tap With Positions` keyword.</msg>
<status status="NOT RUN" starttime="20230316 21:52:21.945" endtime="20230316 21:52:21.947"/>
</kw>
<status status="PASS" starttime="20230316 21:52:21.846" endtime="20230316 21:52:21.947"/>
</branch>
<branch type="EXCEPT">
<kw name="Wait Until Page Contains" library="MobileTestLibrary">
<arg>You have previously allowed our app usage access.</arg>
<doc>Waits until `text` appears on current page.</doc>
<status status="NOT RUN" starttime="20230316 21:52:21.948" endtime="20230316 21:52:21.948"/>
</kw>
<kw name="Verify help icon is working as excepted" library="Allow Permission page keywords">
<kw name="Wait Until Element Is Visible" library="MobileTestLibrary">
<arg>${Help icon}</arg>
<doc>Waits until element specified with `locator` is visible.</doc>
<status status="NOT RUN" starttime="20230316 21:52:21.951" endtime="20230316 21:52:21.952"/>
</kw>
<kw name="Tap" library="MobileTestLibrary">
<arg>${Help icon}</arg>
<doc>*DEPRECATED!!* Since selenium v4, use `Tap With Positions` keyword.</doc>
<msg timestamp="20230316 21:52:21.953" level="WARN">Keyword 'MobileTestLibrary.Tap' is deprecated. Since selenium v4, use `Tap With Positions` keyword.</msg>
<status status="NOT RUN" starttime="20230316 21:52:21.952" endtime="20230316 21:52:21.961"/>
</kw>
<kw name="Wait Until Page Contains Element" library="MobileTestLibrary">
<arg>${Native vision app Need help?}</arg>
<doc>Waits until element specified with `locator` appears on current page.</doc>
<status status="NOT RUN" starttime="20230316 21:52:21.961" endtime="20230316 21:52:21.962"/>
</kw>
<kw name="Tap" library="MobileTestLibrary">
<arg>${Native vision Need HelpPage Go Back Btn}</arg>
<doc>*DEPRECATED!!* Since selenium v4, use `Tap With Positions` keyword.</doc>
<msg timestamp="20230316 21:52:21.962" level="WARN">Keyword 'MobileTestLibrary.Tap' is deprecated. Since selenium v4, use `Tap With Positions` keyword.</msg>
<status status="NOT RUN" starttime="20230316 21:52:21.962" endtime="20230316 21:52:21.965"/>
</kw>
<status status="PASS" starttime="20230316 21:52:21.949" endtime="20230316 21:52:21.965"/>
</kw>
<kw name="Tap" library="MobileTestLibrary">
<arg>${continueBtn}</arg>
<doc>*DEPRECATED!!* Since selenium v4, use `Tap With Positions` keyword.</doc>
<msg timestamp="20230316 21:52:21.969" level="WARN">Keyword 'MobileTestLibrary.Tap' is deprecated. Since selenium v4, use `Tap With Positions` keyword.</msg>
<status status="NOT RUN" starttime="20230316 21:52:21.968" endtime="20230316 21:52:21.972"/>
</kw>
<kw name="Wait Until Page Contains" library="MobileTestLibrary">
<arg>You have previously allowed our app to appear on top.</arg>
<doc>Waits until `text` appears on current page.</doc>
<status status="NOT RUN" starttime="20230316 21:52:21.973" endtime="20230316 21:52:21.974"/>
</kw>
<kw name="Verify help icon is working as excepted" library="Allow Permission page keywords">
<kw name="Wait Until Element Is Visible" library="MobileTestLibrary">
<arg>${Help icon}</arg>
<doc>Waits until element specified with `locator` is visible.</doc>
<status status="NOT RUN" starttime="20230316 21:52:21.976" endtime="20230316 21:52:21.976"/>
</kw>
<kw name="Tap" library="MobileTestLibrary">
<arg>${Help icon}</arg>
<doc>*DEPRECATED!!* Since selenium v4, use `Tap With Positions` keyword.</doc>
<msg timestamp="20230316 21:52:21.977" level="WARN">Keyword 'MobileTestLibrary.Tap' is deprecated. Since selenium v4, use `Tap With Positions` keyword.</msg>
<status status="NOT RUN" starttime="20230316 21:52:21.977" endtime="20230316 21:52:21.981"/>
</kw>
<kw name="Wait Until Page Contains Element" library="MobileTestLibrary">
<arg>${Native vision app Need help?}</arg>
<doc>Waits until element specified with `locator` appears on current page.</doc>
<status status="NOT RUN" starttime="20230316 21:52:21.981" endtime="20230316 21:52:21.984"/>
</kw>
<kw name="Tap" library="MobileTestLibrary">
<arg>${Native vision Need HelpPage Go Back Btn}</arg>
<doc>*DEPRECATED!!* Since selenium v4, use `Tap With Positions` keyword.</doc>
<msg timestamp="20230316 21:52:21.985" level="WARN">Keyword 'MobileTestLibrary.Tap' is deprecated. Since selenium v4, use `Tap With Positions` keyword.</msg>
<status status="NOT RUN" starttime="20230316 21:52:21.985" endtime="20230316 21:52:21.993"/>
</kw>
<status status="PASS" starttime="20230316 21:52:21.975" endtime="20230316 21:52:21.994"/>
</kw>
<kw name="Tap" library="MobileTestLibrary">
<arg>${continueBtn}</arg>
<doc>*DEPRECATED!!* Since selenium v4, use `Tap With Positions` keyword.</doc>
<msg timestamp="20230316 21:52:21.994" level="WARN">Keyword 'MobileTestLibrary.Tap' is deprecated. Since selenium v4, use `Tap With Positions` keyword.</msg>
<status status="NOT RUN" starttime="20230316 21:52:21.994" endtime="20230316 21:52:21.999"/>
</kw>
<status status="NOT RUN" starttime="20230316 21:52:21.947" endtime="20230316 21:52:21.999"/>
</branch>
<status status="PASS" starttime="20230316 21:52:21.844" endtime="20230316 21:52:21.999"/>
</try>
<status status="PASS" starttime="20230316 21:52:21.843" endtime="20230316 21:52:22.000"/>
</kw>
<kw name="Read and accept set up your eye tracking tips" library="LetsSetupYourEyeTrackingKeywords">
<kw name="Wait Until Page Contains Element" library="MobileTestLibrary">
<arg>${LetsSetupYourEyeTrackingPage title}</arg>
<doc>Waits until element specified with `locator` appears on current page.</doc>
<status status="NOT RUN" starttime="20230316 21:52:22.003" endtime="20230316 21:52:22.003"/>
</kw>
<kw name="Verify help icon is working as excepted" library="Allow Permission page keywords">
<kw name="Wait Until Element Is Visible" library="MobileTestLibrary">
<arg>${Help icon}</arg>
<doc>Waits until element specified with `locator` is visible.</doc>
<status status="NOT RUN" starttime="20230316 21:52:22.006" endtime="20230316 21:52:22.007"/>
</kw>
<kw name="Tap" library="MobileTestLibrary">
<arg>${Help icon}</arg>
<doc>*DEPRECATED!!* Since selenium v4, use `Tap With Positions` keyword.</doc>
<msg timestamp="20230316 21:52:22.008" level="WARN">Keyword 'MobileTestLibrary.Tap' is deprecated. Since selenium v4, use `Tap With Positions` keyword.</msg>
<status status="NOT RUN" starttime="20230316 21:52:22.008" endtime="20230316 21:52:22.016"/>
</kw>
<kw name="Wait Until Page Contains Element" library="MobileTestLibrary">
<arg>${Native vision app Need help?}</arg>
<doc>Waits until element specified with `locator` appears on current page.</doc>
<status status="NOT RUN" starttime="20230316 21:52:22.017" endtime="20230316 21:52:22.018"/>
</kw>
<kw name="Tap" library="MobileTestLibrary">
<arg>${Native vision Need HelpPage Go Back Btn}</arg>
<doc>*DEPRECATED!!* Since selenium v4, use `Tap With Positions` keyword.</doc>
<msg timestamp="20230316 21:52:22.019" level="WARN">Keyword 'MobileTestLibrary.Tap' is deprecated. Since selenium v4, use `Tap With Positions` keyword.</msg>
<status status="NOT RUN" starttime="20230316 21:52:22.019" endtime="20230316 21:52:22.027"/>
</kw>
<status status="PASS" starttime="20230316 21:52:22.004" endtime="20230316 21:52:22.027"/>
</kw>
<kw name="Wait Until Page Contains Element" library="MobileTestLibrary">
<arg>${LetsSetupYourEyeTrackingPage title}</arg>
<doc>Waits until element specified with `locator` appears on current page.</doc>
<status status="NOT RUN" starttime="20230316 21:52:22.028" endtime="20230316 21:52:22.028"/>
</kw>
<kw name="Tap" library="MobileTestLibrary">
<arg>${LetsSetupYourEyeTrackingPage checkBox1}</arg>
<doc>*DEPRECATED!!* Since selenium v4, use `Tap With Positions` keyword.</doc>
<msg timestamp="20230316 21:52:22.030" level="WARN">Keyword 'MobileTestLibrary.Tap' is deprecated. Since selenium v4, use `Tap With Positions` keyword.</msg>
<status status="NOT RUN" starttime="20230316 21:52:22.030" endtime="20230316 21:52:22.042"/>
</kw>
<kw name="Wait Until Element Gets Enabled" library="MobileTestLibrary">
<arg>${LetsSetupYourEyeTrackingPage checkBox1}</arg>
<status status="NOT RUN" starttime="20230316 21:52:22.043" endtime="20230316 21:52:22.043"/>
</kw>
<kw name="Tap" library="MobileTestLibrary">
<arg>${LetsSetupYourEyeTrackingPage checkBox2}</arg>
<doc>*DEPRECATED!!* Since selenium v4, use `Tap With Positions` keyword.</doc>
<msg timestamp="20230316 21:52:22.048" level="WARN">Keyword 'MobileTestLibrary.Tap' is deprecated. Since selenium v4, use `Tap With Positions` keyword.</msg>
<status status="NOT RUN" starttime="20230316 21:52:22.047" endtime="20230316 21:52:22.064"/>
</kw>
<kw name="Wait Until Element Gets Enabled" library="MobileTestLibrary">
<arg>${LetsSetupYourEyeTrackingPage checkBox2}</arg>
<status status="NOT RUN" starttime="20230316 21:52:22.064" endtime="20230316 21:52:22.065"/>
</kw>
<kw name="Tap" library="MobileTestLibrary">
<arg>${LetsSetupYourEyeTrackingPage checkBox3}</arg>
<doc>*DEPRECATED!!* Since selenium v4, use `Tap With Positions` keyword.</doc>
<msg timestamp="20230316 21:52:22.065" level="WARN">Keyword 'MobileTestLibrary.Tap' is deprecated. Since selenium v4, use `Tap With Positions` keyword.</msg>
<status status="NOT RUN" starttime="20230316 21:52:22.065" endtime="20230316 21:52:22.067"/>
</kw>
<kw name="Wait Until Element Gets Enabled" library="MobileTestLibrary">
<arg>${LetsSetupYourEyeTrackingPage checkBox3}</arg>
<status status="NOT RUN" starttime="20230316 21:52:22.069" endtime="20230316 21:52:22.069"/>
</kw>
<kw name="Tap" library="MobileTestLibrary">
<arg>${LetsSetupYourEyeTrackingPage checkBox4}</arg>
<doc>*DEPRECATED!!* Since selenium v4, use `Tap With Positions` keyword.</doc>
<msg timestamp="20230316 21:52:22.070" level="WARN">Keyword 'MobileTestLibrary.Tap' is deprecated. Since selenium v4, use `Tap With Positions` keyword.</msg>
<status status="NOT RUN" starttime="20230316 21:52:22.070" endtime="20230316 21:52:22.094"/>
</kw>
<kw name="Wait Until Element Gets Enabled" library="MobileTestLibrary">
<arg>${LetsSetupYourEyeTrackingPage checkBox4}</arg>
<status status="NOT RUN" starttime="20230316 21:52:22.095" endtime="20230316 21:52:22.096"/>
</kw>
<kw name="Wait Until Element Gets Enabled" library="MobileTestLibrary">
<arg>${LetsSetupYourEyeTrackingPage SetupBtn}</arg>
<status status="NOT RUN" starttime="20230316 21:52:22.096" endtime="20230316 21:52:22.097"/>
</kw>
<kw name="Tap" library="MobileTestLibrary">
<arg>${LetsSetupYourEyeTrackingPage SetupBtn}</arg>
<doc>*DEPRECATED!!* Since selenium v4, use `Tap With Positions` keyword.</doc>
<msg timestamp="20230316 21:52:22.097" level="WARN">Keyword 'MobileTestLibrary.Tap' is deprecated. Since selenium v4, use `Tap With Positions` keyword.</msg>
<status status="NOT RUN" starttime="20230316 21:52:22.097" endtime="20230316 21:52:22.104"/>
</kw>
<kw name="Wait Until Page Contains" library="MobileTestLibrary">
<arg>Look at the dot until it goes green and disappears</arg>
<doc>Waits until `text` appears on current page.</doc>
<status status="NOT RUN" starttime="20230316 21:52:22.105" endtime="20230316 21:52:22.106"/>
</kw>
<status status="PASS" starttime="20230316 21:52:22.001" endtime="20230316 21:52:22.106"/>
</kw>
<kw name="Need to Manual Input here 'Look at the dot until it goes green and disappears'" library="EyeGazeValiidationKeywords">
<kw name="Wait Until Page Contains" library="MobileTestLibrary">
<arg>${EyeGazeValiidation titleText}</arg>
<doc>Waits until `text` appears on current page.</doc>
<status status="NOT RUN" starttime="20230316 21:52:22.108" endtime="20230316 21:52:22.108"/>
</kw>
<kw name="Wait Until Page Contains Element" library="MobileTestLibrary">
<arg>${EyeGazeValiidation BeginBtn}</arg>
<arg>timeout=300</arg>
<doc>Waits until element specified with `locator` appears on current page.</doc>
<status status="NOT RUN" starttime="20230316 21:52:22.109" endtime="20230316 21:52:22.110"/>
</kw>
<kw name="Page Should Contain Text" library="MobileTestLibrary">
<arg>Repeat five times. The dots will appear in random places.</arg>
<doc>Verifies that current page contains `text`.</doc>
<status status="NOT RUN" starttime="20230316 21:52:22.111" endtime="20230316 21:52:22.111"/>
</kw>
<kw name="Click Element" library="MobileTestLibrary">
<arg>${EyeGazeValiidation BeginBtn}</arg>
<doc>Click element identified by `locator`.</doc>
<status status="NOT RUN" starttime="20230316 21:52:22.113" endtime="20230316 21:52:22.114"/>
</kw>
<kw name="Wait Until Page Contains" library="MobileTestLibrary">
<arg>Just a few more to go</arg>
<arg>timeout=300</arg>
<doc>Waits until `text` appears on current page.</doc>
<status status="NOT RUN" starttime="20230316 21:52:22.114" endtime="20230316 21:52:22.114"/>
</kw>
<kw name="Page Should Contain Text" library="MobileTestLibrary">
<arg>Great job so far! Keep going. The dots will go green and disappear once the accuracy is validated.</arg>
<doc>Verifies that current page contains `text`.</doc>
<status status="NOT RUN" starttime="20230316 21:52:22.115" endtime="20230316 21:52:22.115"/>
</kw>
<kw name="Wait Until Element Is Visible" library="MobileTestLibrary">
<arg>${EyeGazeValiidation ContinueToAccuracyCheckBtn}</arg>
<doc>Waits until element specified with `locator` is visible.</doc>
<status status="NOT RUN" starttime="20230316 21:52:22.116" endtime="20230316 21:52:22.116"/>
</kw>
<kw name="Click Element" library="MobileTestLibrary">
<arg>${EyeGazeValiidation ContinueToAccuracyCheckBtn}</arg>
<doc>Click element identified by `locator`.</doc>
<status status="NOT RUN" starttime="20230316 21:52:22.117" endtime="20230316 21:52:22.117"/>
</kw>
<try>
<branch type="TRY">
<kw name="Verify 'Accuracy needs to be improved' screen getting displayed if user fails to validate accuracy" library="EyeGazeValiidationKeywords">
<kw name="Wait Until Element Is Visible" library="MobileTestLibrary">
<arg>${tryAgainBtn}</arg>
[...]
<status status="NOT RUN" starttime="20230316 21:52:22.377" endtime="20230316 21:52:22.377"/>
</kw>
<kw name="Go Back" library="MobileTestLibrary">
<doc>Goes one step backward in the browser history.</doc>
<status status="NOT RUN" starttime="20230316 21:52:22.377" endtime="20230316 21:52:22.378"/>
</kw>
<kw name="Wait Until Element Is Visible" library="MobileTestLibrary">
<arg>${policy page Your data rights Btn}</arg>
<doc>Waits until element specified with `locator` is visible.</doc>
<status status="NOT RUN" starttime="20230316 21:52:22.378" endtime="20230316 21:52:22.378"/>
</kw>
<kw name="Click Element" library="MobileTestLibrary">
<arg>${policy page Your data rights Btn}</arg>
<doc>Click element identified by `locator`.</doc>
<status status="NOT RUN" starttime="20230316 21:52:22.378" endtime="20230316 21:52:22.378"/>
</kw>
<kw name="Page Should Contain Text" library="MobileTestLibrary">
<arg>Your data rights</arg>
<doc>Verifies that current page contains `text`.</doc>
<status status="NOT RUN" starttime="20230316 21:52:22.379" endtime="20230316 21:52:22.379"/>
</kw>
<kw name="Page Should Contain Text" library="MobileTestLibrary">
<arg>If you would like to delete your data, please send an email with the study link to the following address.</arg>
<doc>Verifies that current page contains `text`.</doc>
<status status="NOT RUN" starttime="20230316 21:52:22.379" endtime="20230316 21:52:22.379"/>
</kw>
<kw name="Page Should Contain Text" library="MobileTestLibrary">
<arg>privacy@playgroundxyz.com</arg>
<doc>Verifies that current page contains `text`.</doc>
<status status="NOT RUN" starttime="20230316 21:52:22.379" endtime="20230316 21:52:22.380"/>
</kw>
<kw name="Click Element" library="MobileTestLibrary">
<arg>${Native vision Need HelpPage Go Back Btn}</arg>
<doc>Click element identified by `locator`.</doc>
<status status="NOT RUN" starttime="20230316 21:52:22.380" endtime="20230316 21:52:22.380"/>
</kw>
<kw name="Wait Until Page Contains" library="MobileTestLibrary">
<arg>Privacy</arg>
<doc>Waits until `text` appears on current page.</doc>
<status status="NOT RUN" starttime="20230316 21:52:22.380" endtime="20230316 21:52:22.380"/>
</kw>
<kw name="Click Element" library="MobileTestLibrary">
<arg>${Native vision Need HelpPage Go Back Btn}</arg>
<doc>Click element identified by `locator`.</doc>
<status status="NOT RUN" starttime="20230316 21:52:22.380" endtime="20230316 21:52:22.380"/>
</kw>
<status status="PASS" starttime="20230316 21:52:22.374" endtime="20230316 21:52:22.381"/>
</kw>
<kw name="Verify on tapping on 'Terms of Use Agreement' relevant page getting displayed" library="welcome page journey keywords">
<kw name="Wait Until Page Contains Element" library="MobileTestLibrary">
<arg>${Native vision Terms of Use Agreement}</arg>
<doc>Waits until element specified with `locator` appears on current page.</doc>
<status status="NOT RUN" starttime="20230316 21:52:22.381" endtime="20230316 21:52:22.381"/>
</kw>
<kw name="Click Element" library="MobileTestLibrary">
<arg>${Native vision Terms of Use Agreement}</arg>
<doc>Click element identified by `locator`.</doc>
<status status="NOT RUN" starttime="20230316 21:52:22.382" endtime="20230316 21:52:22.382"/>
</kw>
<kw name="Wait Until Page Contains" library="MobileTestLibrary">
<arg>Vision Project Terms of Use</arg>
<doc>Waits until `text` appears on current page.</doc>
<status status="NOT RUN" starttime="20230316 21:52:22.382" endtime="20230316 21:52:22.382"/>
</kw>
<kw name="Scroll To Element By Exact Text" library="MobileTestLibrary">
<arg>19. Electronic Signatures</arg>
<status status="NOT RUN" starttime="20230316 21:52:22.382" endtime="20230316 21:52:22.382"/>
</kw>
<kw name="Page Should Contain Text" library="MobileTestLibrary">
<arg>19. Electronic Signatures</arg>
<doc>Verifies that current page contains `text`.</doc>
<status status="NOT RUN" starttime="20230316 21:52:22.382" endtime="20230316 21:52:22.383"/>
</kw>
<kw name="Go Back" library="MobileTestLibrary">
<doc>Goes one step backward in the browser history.</doc>
<status status="NOT RUN" starttime="20230316 21:52:22.383" endtime="20230316 21:52:22.383"/>
</kw>
<status status="PASS" starttime="20230316 21:52:22.381" endtime="20230316 21:52:22.383"/>
</kw>
<kw name="Verify on tapping on 'How to check Android version' relevant page getting displayed" library="welcome page journey keywords">
<kw name="Wait Until Page Contains Element" library="MobileTestLibrary">
<arg>${Native vision How to check Android version}</arg>
<doc>Waits until element specified with `locator` appears on current page.</doc>
<status status="NOT RUN" starttime="20230316 21:52:22.385" endtime="20230316 21:52:22.385"/>
</kw>
<kw name="Click Element" library="MobileTestLibrary">
<arg>${Native vision How to check Android version}</arg>
<doc>Click element identified by `locator`.</doc>
<status status="NOT RUN" starttime="20230316 21:52:22.385" endtime="20230316 21:52:22.386"/>
</kw>
<kw name="Page Should Contain Text" library="MobileTestLibrary">
<arg>How to check Android version</arg>
<doc>Verifies that current page contains `text`.</doc>
<status status="NOT RUN" starttime="20230316 21:52:22.386" endtime="20230316 21:52:22.386"/>
</kw>
<kw name="Page Should Contain Element" library="MobileTestLibrary">
<arg>${Native vision Need HelpPage Go Back Btn}</arg>
<doc>Verifies that current page contains `locator` element.</doc>
<status status="NOT RUN" starttime="20230316 21:52:22.386" endtime="20230316 21:52:22.387"/>
</kw>
<kw name="Click Element" library="MobileTestLibrary">
<arg>${Native vision Need HelpPage Go Back Btn}</arg>
<doc>Click element identified by `locator`.</doc>
<status status="NOT RUN" starttime="20230316 21:52:22.387" endtime="20230316 21:52:22.387"/>
</kw>
<status status="PASS" starttime="20230316 21:52:22.383" endtime="20230316 21:52:22.388"/>
</kw>
<kw name="Verify on tapping on 'How to recover completion code' relevant page getting displayed" library="welcome page journey keywords">
<kw name="Wait Until Page Contains Element" library="MobileTestLibrary">
<arg>${Native vision How to recover completion code}</arg>
<doc>Waits until element specified with `locator` appears on current page.</doc>
<status status="NOT RUN" starttime="20230316 21:52:22.389" endtime="20230316 21:52:22.389"/>
</kw>
<kw name="Click Element" library="MobileTestLibrary">
<arg>${Native vision How to recover completion code}</arg>
<doc>Click element identified by `locator`.</doc>
<status status="NOT RUN" starttime="20230316 21:52:22.389" endtime="20230316 21:52:22.389"/>
</kw>
<kw name="Page Should Contain Text" library="MobileTestLibrary">
<arg>Recover completion code</arg>
<doc>Verifies that current page contains `text`.</doc>
<status status="NOT RUN" starttime="20230316 21:52:22.389" endtime="20230316 21:52:22.390"/>
</kw>
<kw name="Page Should Contain Text" library="MobileTestLibrary">
<arg>Please send an email with the study link to the following address and we will get back to you with completion code.</arg>
<doc>Verifies that current page contains `text`.</doc>
<status status="NOT RUN" starttime="20230316 21:52:22.390" endtime="20230316 21:52:22.390"/>
</kw>
<kw name="Page Should Contain Text" library="MobileTestLibrary">
<arg>support@vision-project.co</arg>
<doc>Verifies that current page contains `text`.</doc>
<status status="NOT RUN" starttime="20230316 21:52:22.390" endtime="20230316 21:52:22.390"/>
</kw>
<kw name="Page Should Contain Element" library="MobileTestLibrary">
<arg>${Native vision Need HelpPage Go Back Btn}</arg>
<doc>Verifies that current page contains `locator` element.</doc>
<status status="NOT RUN" starttime="20230316 21:52:22.390" endtime="20230316 21:52:22.391"/>
</kw>
<kw name="Click Element" library="MobileTestLibrary">
<arg>${Native vision Need HelpPage Go Back Btn}</arg>
<doc>Click element identified by `locator`.</doc>
<status status="NOT RUN" starttime="20230316 21:52:22.391" endtime="20230316 21:52:22.391"/>
</kw>
<kw name="Wait Until Page Contains" library="MobileTestLibrary">
<arg>${Native vision app Need help?}</arg>
<doc>Waits until `text` appears on current page.</doc>
<status status="NOT RUN" starttime="20230316 21:52:22.391" endtime="20230316 21:52:22.392"/>
</kw>
<kw name="Click Element" library="MobileTestLibrary">
<arg>${Native vision Need HelpPage Go Back Btn}</arg>
<doc>Click element identified by `locator`.</doc>
<status status="NOT RUN" starttime="20230316 21:52:22.392" endtime="20230316 21:52:22.392"/>
</kw>
<status status="PASS" starttime="20230316 21:52:22.388" endtime="20230316 21:52:22.392"/>
</kw>
<kw name="close Test application" library="Setup keywords" type="TEARDOWN">
<kw name="Run Keyword And Continue On Failure" library="BuiltIn">
<arg>Close Application</arg>
<doc>Runs the keyword and continues execution even if a failure occurs.</doc>
<kw name="Close Application" library="MobileTestLibrary">
<doc>Closes the current application and also close webdriver session.</doc>
<status status="NOT RUN" starttime="20230316 21:52:22.393" endtime="20230316 21:52:22.393"/>
</kw>
<status status="NOT RUN" starttime="20230316 21:52:22.393" endtime="20230316 21:52:22.393"/>
</kw>
<kw name="Run Keyword And Continue On Failure" library="BuiltIn">
<arg>WebApplicationTestLibrary.Close Browser</arg>
<doc>Runs the keyword and continues execution even if a failure occurs.</doc>
<kw name="Close Browser" library="WebApplicationTestLibrary">
<doc>Closes the current browser.</doc>
<status status="NOT RUN" starttime="20230316 21:52:22.394" endtime="20230316 21:52:22.394"/>
</kw>
<status status="NOT RUN" starttime="20230316 21:52:22.394" endtime="20230316 21:52:22.394"/>
</kw>
<kw name="Run Keyword And Continue On Failure" library="BuiltIn">
<arg>WebApplicationTestLibrary.Close All Browsers</arg>
<doc>Runs the keyword and continues execution even if a failure occurs.</doc>
<kw name="Close All Browsers" library="WebApplicationTestLibrary">
<doc>Closes all open browsers and resets the browser cache.</doc>
<status status="NOT RUN" starttime="20230316 21:52:22.395" endtime="20230316 21:52:22.395"/>
</kw>
<status status="NOT RUN" starttime="20230316 21:52:22.394" endtime="20230316 21:52:22.395"/>
</kw>
<kw name="Run Keyword And Continue On Failure" library="BuiltIn">
<arg>Close All Applications</arg>
<doc>Runs the keyword and continues execution even if a failure occurs.</doc>
<kw name="Close All Applications" library="MobileTestLibrary">
<doc>Closes all open applications.</doc>
<status status="NOT RUN" starttime="20230316 21:52:22.395" endtime="20230316 21:52:22.395"/>
</kw>
<status status="NOT RUN" starttime="20230316 21:52:22.395" endtime="20230316 21:52:22.395"/>
</kw>
<status status="PASS" starttime="20230316 21:52:22.393" endtime="20230316 21:52:22.395"/>
</kw>
<doc>Verification that Help page open up when user taps on help icon"?"</doc>
<tag>regression</tag>
<status status="PASS" starttime="20230316 21:52:22.358" endtime="20230316 21:52:22.395"/>
</test>
<kw name="tearDown" library="Setup keywords" type="TEARDOWN">
<kw name="Stop Appium Service" library="MobileTestLibrary">
<status status="NOT RUN" starttime="20230316 21:52:22.397" endtime="20230316 21:52:22.397"/>
</kw>
<status status="PASS" starttime="20230316 21:52:22.396" endtime="20230316 21:52:22.397"/>
</kw>
<status status="FAIL" starttime="20230316 21:52:22.245" endtime="20230316 21:52:22.397"/>
</suite>
<suite id="s1-s6" name="TC006 - sample" source="D:\FusionTestFramework\com.playgroundxyz.vision_project\com.playgroundxyz.vision_project.TestcaseSuite\TC006 - sample.robot">
<test id="s1-s6-t1" name="Testcase001" line="7">
<kw name="GET" library="APITestExtendedLibrary">
<var>@{get}</var>
<arg>https://www.google.com/</arg>
<arg>json</arg>
<doc>Sends a GET request.</doc>
<status status="NOT RUN" starttime="20230316 21:52:22.916" endtime="20230316 21:52:22.918"/>
</kw>
<for flavor="IN">
<var>${element}</var>
<value>@{get}</value>
<iter>
<var name="${element}"/>
<kw name="Log To Console" library="BuiltIn">
<arg>${element}</arg>
<doc>Logs the given message to the console.</doc>
<status status="NOT RUN" starttime="20230316 21:52:22.919" endtime="20230316 21:52:22.920"/>
</kw>
<status status="PASS" starttime="20230316 21:52:22.919" endtime="20230316 21:52:22.920"/>
</iter>
<status status="PASS" starttime="20230316 21:52:22.919" endtime="20230316 21:52:22.920"/>
</for>
<status status="PASS" starttime="20230316 21:52:22.915" endtime="20230316 21:52:22.921"/>
</test>
<status status="PASS" starttime="20230316 21:52:22.399" endtime="20230316 21:52:22.922"/>
</suite>
<status status="FAIL" starttime="20230316 21:52:20.190" endtime="20230316 21:52:22.924"/>
</suite>
<statistics>
<total>
<stat pass="5" fail="2" skip="0">All Tests</stat>
</total>
<tag>
<stat pass="4" fail="1" skip="0">regression</stat>
<stat pass="0" fail="1" skip="0">smoke</stat>
</tag>
<suite>
<stat pass="5" fail="2" skip="0" id="s1" name="Example">Example</stat>
<stat pass="1" fail="0" skip="0" id="s1-s1" name="TC001 - Tap on 'Privacy policy' and verify user is landing on Privacy policy page">Example.TC001 - Tap on 'Privacy policy' and verify user is landing on Privacy policy page</stat>
<stat pass="1" fail="0" skip="0" id="s1-s2" name="TC002 - Verify that Deep link URL is providing QR code">Example.TC002 - Verify that Deep link URL is providing QR code</stat>
<stat pass="1" fail="0" skip="0" id="s1-s3" name="TC003 - Verify that Google Play button redirecting user to Vision Project on play store">Example.TC003 - Verify that Google Play button redirecting user to Vision Project on play store</stat>
<stat pass="0" fail="1" skip="0" id="s1-s4" name="TC004 - Verify that if social app is not installed on phone then App was not found screen appears">Example.TC004 - Verify that if social app is not installed on phone then App was not found screen appears</stat>
<stat pass="1" fail="1" skip="0" id="s1-s5" name="TC005 - Verify welcome page journey is as excepted">Example.TC005 - Verify welcome page journey is as excepted</stat>
<stat pass="1" fail="0" skip="0" id="s1-s6" name="TC006 - sample">Example.TC006 - sample</stat>
</suite>
</statistics>
<errors>
<msg timestamp="20230316 21:52:21.807" level="WARN">Keyword 'MobileTestLibrary.Tap' is deprecated. Since selenium v4, use `Tap With Positions` keyword.</msg>
<msg timestamp="20230316 21:52:21.809" level="WARN">Keyword 'MobileTestLibrary.Click Element At Coordinates' is deprecated. Since selenium v4, use other keywords.</msg>
<msg timestamp="20230316 21:52:21.813" level="WARN">Keyword 'MobileTestLibrary.Tap' is deprecated. Since selenium v4, use `Tap With Positions` keyword.</msg>
<msg timestamp="20230316 21:52:21.815" level="WARN">Keyword 'MobileTestLibrary.Tap' is deprecated. Since selenium v4, use `Tap With Positions` keyword.</msg>
<msg timestamp="20230316 21:52:21.820" level="WARN">Keyword 'MobileTestLibrary.Tap' is deprecated. Since selenium v4, use `Tap With Positions` keyword.</msg>
<msg timestamp="20230316 21:52:21.823" level="WARN">Keyword 'MobileTestLibrary.Tap' is deprecated. Since selenium v4, use `Tap With Positions` keyword.</msg>
<msg timestamp="20230316 21:52:21.829" level="WARN">Keyword 'MobileTestLibrary.Tap' is deprecated. Since selenium v4, use `Tap With Positions` keyword.</msg>
<msg timestamp="20230316 21:52:21.833" level="WARN">Keyword 'MobileTestLibrary.Tap' is deprecated. Since selenium v4, use `Tap With Positions` keyword.</msg>
<msg timestamp="20230316 21:52:21.839" level="WARN">Keyword 'MobileTestLibrary.Tap' is deprecated. Since selenium v4, use `Tap With Positions` keyword.</msg>
<msg timestamp="20230316 21:52:21.849" level="WARN">Keyword 'MobileTestLibrary.Click Element At Coordinates' is deprecated. Since selenium v4, use other keywords.</msg>
<msg timestamp="20230316 21:52:21.861" level="WARN">Keyword 'MobileTestLibrary.Tap' is deprecated. Since selenium v4, use `Tap With Positions` keyword.</msg>
<msg timestamp="20230316 21:52:21.866" level="WARN">Keyword 'MobileTestLibrary.Tap' is deprecated. Since selenium v4, use `Tap With Positions` keyword.</msg>
<msg timestamp="20230316 21:52:21.899" level="WARN">Keyword 'MobileTestLibrary.Tap' is deprecated. Since selenium v4, use `Tap With Positions` keyword.</msg>
<msg timestamp="20230316 21:52:21.924" level="WARN">Keyword 'MobileTestLibrary.Tap' is deprecated. Since selenium v4, use `Tap With Positions` keyword.</msg>
<msg timestamp="20230316 21:52:21.939" level="WARN">Keyword 'MobileTestLibrary.Tap' is deprecated. Since selenium v4, use `Tap With Positions` keyword.</msg>
<msg timestamp="20230316 21:52:21.945" level="WARN">Keyword 'MobileTestLibrary.Tap' is deprecated. Since selenium v4, use `Tap With Positions` keyword.</msg>
<msg timestamp="20230316 21:52:21.953" level="WARN">Keyword 'MobileTestLibrary.Tap' is deprecated. Since selenium v4, use `Tap With Positions` keyword.</msg>
<msg timestamp="20230316 21:52:21.962" level="WARN">Keyword 'MobileTestLibrary.Tap' is deprecated. Since selenium v4, use `Tap With Positions` keyword.</msg>
<msg timestamp="20230316 21:52:21.969" level="WARN">Keyword 'MobileTestLibrary.Tap' is deprecated. Since selenium v4, use `Tap With Positions` keyword.</msg>
<msg timestamp="20230316 21:52:21.977" level="WARN">Keyword 'MobileTestLibrary.Tap' is deprecated. Since selenium v4, use `Tap With Positions` keyword.</msg>
<msg timestamp="20230316 21:52:21.985" level="WARN">Keyword 'MobileTestLibrary.Tap' is deprecated. Since selenium v4, use `Tap With Positions` keyword.</msg>
<msg timestamp="20230316 21:52:21.994" level="WARN">Keyword 'MobileTestLibrary.Tap' is deprecated. Since selenium v4, use `Tap With Positions` keyword.</msg>
<msg timestamp="20230316 21:52:22.008" level="WARN">Keyword 'MobileTestLibrary.Tap' is deprecated. Since selenium v4, use `Tap With Positions` keyword.</msg>
<msg timestamp="20230316 21:52:22.019" level="WARN">Keyword 'MobileTestLibrary.Tap' is deprecated. Since selenium v4, use `Tap With Positions` keyword.</msg>
<msg timestamp="20230316 21:52:22.030" level="WARN">Keyword 'MobileTestLibrary.Tap' is deprecated. Since selenium v4, use `Tap With Positions` keyword.</msg>
<msg timestamp="20230316 21:52:22.048" level="WARN">Keyword 'MobileTestLibrary.Tap' is deprecated. Since selenium v4, use `Tap With Positions` keyword.</msg>
<msg timestamp="20230316 21:52:22.065" level="WARN">Keyword 'MobileTestLibrary.Tap' is deprecated. Since selenium v4, use `Tap With Positions` keyword.</msg>
<msg timestamp="20230316 21:52:22.070" level="WARN">Keyword 'MobileTestLibrary.Tap' is deprecated. Since selenium v4, use `Tap With Positions` keyword.</msg>
<msg timestamp="20230316 21:52:22.097" level="WARN">Keyword 'MobileTestLibrary.Tap' is deprecated. Since selenium v4, use `Tap With Positions` keyword.</msg>
<msg timestamp="20230316 21:52:22.127" level="WARN">Keyword 'MobileTestLibrary.Tap' is deprecated. Since selenium v4, use `Tap With Positions` keyword.</msg>
<msg timestamp="20230316 21:52:22.131" level="WARN">Keyword 'MobileTestLibrary.Tap' is deprecated. Since selenium v4, use `Tap With Positions` keyword.</msg>
<msg timestamp="20230316 21:52:22.178" level="WARN">Keyword 'MobileTestLibrary.Tap' is deprecated. Since selenium v4, use `Tap With Positions` keyword.</msg>
<msg timestamp="20230316 21:52:22.182" level="WARN">Keyword 'MobileTestLibrary.Tap' is deprecated. Since selenium v4, use `Tap With Positions` keyword.</msg>
<msg timestamp="20230316 21:52:22.196" level="WARN">Keyword 'MobileTestLibrary.Tap' is deprecated. Since selenium v4, use `Tap With Positions` keyword.</msg>
<msg timestamp="20230316 21:52:22.198" level="WARN">Keyword 'MobileTestLibrary.Tap' is deprecated. Since selenium v4, use `Tap With Positions` keyword.</msg>
<msg timestamp="20230316 21:52:22.212" level="WARN">Keyword 'MobileTestLibrary.Tap' is deprecated. Since selenium v4, use `Tap With Positions` keyword.</msg>
<msg timestamp="20230316 21:52:22.215" level="WARN">Keyword 'MobileTestLibrary.Tap' is deprecated. Since selenium v4, use `Tap With Positions` keyword.</msg>
</errors>
</robot>
