<?xml version="1.0" encoding="UTF-8"?>
<robot generator="Robot 5.0.1 (Python 3.9.13 on win32)" generated="20230316 20:41:14.852" rpa="false" schemaversion="3">
<suite id="s1" name="com.playgroundxyz.vision project.TestcaseSuite" source="D:\FusionTestFramework\com.playgroundxyz.vision_project\com.playgroundxyz.vision_project.TestcaseSuite">
<suite id="s1-s1" name="TC001 - Tap on 'Privacy policy' and verify user is landing on Privacy policy page" source="D:\FusionTestFramework\com.playgroundxyz.vision_project\com.playgroundxyz.vision_project.TestcaseSuite\TC001 - Tap on 'Privacy policy' and verify user is landing on Privacy policy page.robot">
<kw name="Setup before suit start" library="Setup keywords" type="SETUP">
<kw name="MobileTestLibrary.Start Appium Service">
<msg timestamp="20230316 20:41:15.280" level="FAIL">No keyword with name 'MobileTestLibrary.Start Appium Service' found.</msg>
<status status="FAIL" starttime="20230316 20:41:15.280" endtime="20230316 20:41:15.280"/>
</kw>
<kw name="Set Log Level" library="BuiltIn">
<arg>DEBUG</arg>
<doc>Sets the log threshold to the specified level and returns the old level.</doc>
<status status="NOT RUN" starttime="20230316 20:41:15.281" endtime="20230316 20:41:15.281"/>
</kw>
<kw name="Log To Console" library="BuiltIn">
<arg>Appium server started .....</arg>
<doc>Logs the given message to the console.</doc>
<status status="NOT RUN" starttime="20230316 20:41:15.281" endtime="20230316 20:41:15.281"/>
</kw>
<status status="FAIL" starttime="20230316 20:41:15.274" endtime="20230316 20:41:15.281"/>
</kw>
<test id="s1-s1-t1" name="Tap on 'Privacy policy' and verify user is landing on Privacy policy page" line="11">
<doc>Verification that Google Play button redirecting user to Vision Project on play store</doc>
<tag>regression</tag>
<status status="FAIL" starttime="20230316 20:41:15.282" endtime="20230316 20:41:15.283">Parent suite setup failed:
No keyword with name 'MobileTestLibrary.Start Appium Service' found.</status>
</test>
<kw name="tearDown" library="Setup keywords" type="TEARDOWN">
<kw name="MobileTestLibrary.Stop Appium Service">
<msg timestamp="20230316 20:41:15.292" level="FAIL">No keyword with name 'MobileTestLibrary.Stop Appium Service' found.</msg>
<status status="FAIL" starttime="20230316 20:41:15.292" endtime="20230316 20:41:15.292"/>
</kw>
<status status="FAIL" starttime="20230316 20:41:15.287" endtime="20230316 20:41:15.292">No keyword with name 'MobileTestLibrary.Stop Appium Service' found.</status>
</kw>
<status status="FAIL" starttime="20230316 20:41:14.889" endtime="20230316 20:41:15.292">Suite setup failed:
No keyword with name 'MobileTestLibrary.Start Appium Service' found.

Also suite teardown failed:
No keyword with name 'MobileTestLibrary.Stop Appium Service' found.</status>
</suite>
<suite id="s1-s2" name="TC002 - Verify that Deep link URL is providing QR code" source="D:\FusionTestFramework\com.playgroundxyz.vision_project\com.playgroundxyz.vision_project.TestcaseSuite\TC002 - Verify that Deep link URL is providing QR code.robot">
<test id="s1-s2-t1" name="Verify that Deep link URL is providing QR code" line="9">
<kw name="Launch browser and input url" library="Setup keywords" type="SETUP">
<kw name="Open Browser" library="WebApplicationTestLibrary">
<arg>${url}</arg>
<arg>${Browser}</arg>
<arg>executable_path=drivers/chromedriver.exe</arg>
<doc>Opens a new browser instance to the optional ``url``.</doc>
<msg timestamp="20230316 20:41:15.486" level="FAIL">Variable '${url}' not found.</msg>
<status status="FAIL" starttime="20230316 20:41:15.483" endtime="20230316 20:41:15.486"/>
</kw>
<kw name="Maximize Browser Window" library="WebApplicationTestLibrary">
<doc>Maximizes current browser window.</doc>
<status status="NOT RUN" starttime="20230316 20:41:15.487" endtime="20230316 20:41:15.487"/>
</kw>
<status status="FAIL" starttime="20230316 20:41:15.482" endtime="20230316 20:41:15.488"/>
</kw>
<kw name="Close Browser" library="WebApplicationTestLibrary" type="TEARDOWN">
<doc>Closes the current browser.</doc>
<status status="PASS" starttime="20230316 20:41:15.492" endtime="20230316 20:41:15.493"/>
</kw>
<doc>verification of barcode generation of specified link</doc>
<tag>regression</tag>
<status status="FAIL" starttime="20230316 20:41:15.481" endtime="20230316 20:41:15.493">Setup failed:
Variable '${url}' not found.</status>
</test>
<status status="FAIL" starttime="20230316 20:41:15.297" endtime="20230316 20:41:15.495"/>
</suite>
<suite id="s1-s3" name="TC003 - Verify that Google Play button redirecting user to Vision Project on play store" source="D:\FusionTestFramework\com.playgroundxyz.vision_project\com.playgroundxyz.vision_project.TestcaseSuite\TC003 - Verify that Google Play button redirecting user to Vision Project on play store.robot">
<kw name="Setup before suit start" library="Setup keywords" type="SETUP">
<kw name="MobileTestLibrary.Start Appium Service">
<msg timestamp="20230316 20:41:15.612" level="FAIL">No keyword with name 'MobileTestLibrary.Start Appium Service' found.</msg>
<status status="FAIL" starttime="20230316 20:41:15.612" endtime="20230316 20:41:15.612"/>
</kw>
<kw name="Set Log Level" library="BuiltIn">
<arg>DEBUG</arg>
<doc>Sets the log threshold to the specified level and returns the old level.</doc>
<status status="NOT RUN" starttime="20230316 20:41:15.613" endtime="20230316 20:41:15.613"/>
</kw>
<kw name="Log To Console" library="BuiltIn">
<arg>Appium server started .....</arg>
<doc>Logs the given message to the console.</doc>
<status status="NOT RUN" starttime="20230316 20:41:15.613" endtime="20230316 20:41:15.613"/>
</kw>
<status status="FAIL" starttime="20230316 20:41:15.607" endtime="20230316 20:41:15.615"/>
</kw>
<test id="s1-s3-t1" name="Verify that Google Play button redirecting user to Vision Project on play store" line="11">
<doc>Verification that Google Play button redirecting user to Vision Project on play store</doc>
<tag>regression</tag>
<status status="FAIL" starttime="20230316 20:41:15.615" endtime="20230316 20:41:15.616">Parent suite setup failed:
No keyword with name 'MobileTestLibrary.Start Appium Service' found.</status>
</test>
<kw name="tearDown" library="Setup keywords" type="TEARDOWN">
<kw name="MobileTestLibrary.Stop Appium Service">
<msg timestamp="20230316 20:41:15.624" level="FAIL">No keyword with name 'MobileTestLibrary.Stop Appium Service' found.</msg>
<status status="FAIL" starttime="20230316 20:41:15.624" endtime="20230316 20:41:15.624"/>
</kw>
<status status="FAIL" starttime="20230316 20:41:15.619" endtime="20230316 20:41:15.625">No keyword with name 'MobileTestLibrary.Stop Appium Service' found.</status>
</kw>
<status status="FAIL" starttime="20230316 20:41:15.500" endtime="20230316 20:41:15.625">Suite setup failed:
No keyword with name 'MobileTestLibrary.Start Appium Service' found.

Also suite teardown failed:
No keyword with name 'MobileTestLibrary.Stop Appium Service' found.</status>
</suite>
<suite id="s1-s4" name="TC004 - Verify that if social app is not installed on phone then App was not found screen appears" source="D:\FusionTestFramework\com.playgroundxyz.vision_project\com.playgroundxyz.vision_project.TestcaseSuite\TC004 - Verify that if social app is not installed on phone then App was not found screen appears.robot">
<kw name="Setup before suit start" library="Setup keywords" type="SETUP">
<kw name="MobileTestLibrary.Start Appium Service">
<msg timestamp="20230316 20:41:15.724" level="FAIL">No keyword with name 'MobileTestLibrary.Start Appium Service' found.</msg>
<status status="FAIL" starttime="20230316 20:41:15.724" endtime="20230316 20:41:15.724"/>
</kw>
<kw name="Set Log Level" library="BuiltIn">
<arg>DEBUG</arg>
<doc>Sets the log threshold to the specified level and returns the old level.</doc>
<status status="NOT RUN" starttime="20230316 20:41:15.724" endtime="20230316 20:41:15.724"/>
</kw>
<kw name="Log To Console" library="BuiltIn">
<arg>Appium server started .....</arg>
<doc>Logs the given message to the console.</doc>
<status status="NOT RUN" starttime="20230316 20:41:15.724" endtime="20230316 20:41:15.724"/>
</kw>
<status status="FAIL" starttime="20230316 20:41:15.718" endtime="20230316 20:41:15.725"/>
</kw>
<test id="s1-s4-t1" name="Verify that if social app is not installed on phone then App was not found screen appears" line="11">
<doc>Verification that if social app is not installed on phone then App was not found screen appears</doc>
<tag>smoke</tag>
<status status="FAIL" starttime="20230316 20:41:15.725" endtime="20230316 20:41:15.725">Parent suite setup failed:
No keyword with name 'MobileTestLibrary.Start Appium Service' found.</status>
</test>
<kw name="tearDown" library="Setup keywords" type="TEARDOWN">
<kw name="MobileTestLibrary.Stop Appium Service">
<msg timestamp="20230316 20:41:15.734" level="FAIL">No keyword with name 'MobileTestLibrary.Stop Appium Service' found.</msg>
<status status="FAIL" starttime="20230316 20:41:15.733" endtime="20230316 20:41:15.734"/>
</kw>
<status status="FAIL" starttime="20230316 20:41:15.727" endtime="20230316 20:41:15.734">No keyword with name 'MobileTestLibrary.Stop Appium Service' found.</status>
</kw>
<status status="FAIL" starttime="20230316 20:41:15.628" endtime="20230316 20:41:15.734">Suite setup failed:
No keyword with name 'MobileTestLibrary.Start Appium Service' found.

Also suite teardown failed:
No keyword with name 'MobileTestLibrary.Stop Appium Service' found.</status>
</suite>
<suite id="s1-s5" name="TC005 - Verify welcome page journey is as excepted" source="D:\FusionTestFramework\com.playgroundxyz.vision_project\com.playgroundxyz.vision_project.TestcaseSuite\TC005 - Verify welcome page journey is as excepted.robot">
<kw name="Setup before suit start" library="Setup keywords" type="SETUP">
<kw name="MobileTestLibrary.Start Appium Service">
<msg timestamp="20230316 20:41:15.831" level="FAIL">No keyword with name 'MobileTestLibrary.Start Appium Service' found.</msg>
<status status="FAIL" starttime="20230316 20:41:15.831" endtime="20230316 20:41:15.831"/>
</kw>
<kw name="Set Log Level" library="BuiltIn">
<arg>DEBUG</arg>
<doc>Sets the log threshold to the specified level and returns the old level.</doc>
<status status="NOT RUN" starttime="20230316 20:41:15.832" endtime="20230316 20:41:15.832"/>
</kw>
<kw name="Log To Console" library="BuiltIn">
<arg>Appium server started .....</arg>
<doc>Logs the given message to the console.</doc>
<status status="NOT RUN" starttime="20230316 20:41:15.832" endtime="20230316 20:41:15.832"/>
</kw>
<status status="FAIL" starttime="20230316 20:41:15.825" endtime="20230316 20:41:15.833"/>
</kw>
<test id="s1-s5-t1" name="Verify that user is able to paste study link using Paste study link" line="11">
<doc>Verification that user is able to paste study link using Paste study link</doc>
<tag>regression</tag>
<status status="FAIL" starttime="20230316 20:41:15.833" endtime="20230316 20:41:15.834">Parent suite setup failed:
No keyword with name 'MobileTestLibrary.Start Appium Service' found.</status>
</test>
<test id="s1-s5-t2" name="Verify that Help page open up when user taps on help icon&quot;?&quot;" line="21">
<doc>Verification that Help page open up when user taps on help icon"?"</doc>
<tag>regression</tag>
<status status="FAIL" starttime="20230316 20:41:15.836" endtime="20230316 20:41:15.836">Parent suite setup failed:
No keyword with name 'MobileTestLibrary.Start Appium Service' found.</status>
</test>
<kw name="tearDown" library="Setup keywords" type="TEARDOWN">
<kw name="MobileTestLibrary.Stop Appium Service">
<msg timestamp="20230316 20:41:15.872" level="FAIL">No keyword with name 'MobileTestLibrary.Stop Appium Service' found.</msg>
<status status="FAIL" starttime="20230316 20:41:15.872" endtime="20230316 20:41:15.872"/>
</kw>
<status status="FAIL" starttime="20230316 20:41:15.863" endtime="20230316 20:41:15.872">No keyword with name 'MobileTestLibrary.Stop Appium Service' found.</status>
</kw>
<status status="FAIL" starttime="20230316 20:41:15.736" endtime="20230316 20:41:15.872">Suite setup failed:
No keyword with name 'MobileTestLibrary.Start Appium Service' found.

Also suite teardown failed:
No keyword with name 'MobileTestLibrary.Stop Appium Service' found.</status>
</suite>
<suite id="s1-s6" name="TC006 - sample" source="D:\FusionTestFramework\com.playgroundxyz.vision_project\com.playgroundxyz.vision_project.TestcaseSuite\TC006 - sample.robot">
<test id="s1-s6-t1" name="Testcase001" line="7">
<kw name="GET" library="APITestExtendedLibrary">
<var>@{get}</var>
<arg>https://www.google.com/</arg>
<arg>json</arg>
<doc>Sends a GET request.</doc>
<msg timestamp="20230316 20:41:16.885" level="INFO">GET Request : url=https://www.google.com/?json 
 path_url=/?json 
 headers={'User-Agent': 'python-requests/2.28.2', 'Accept-Encoding': 'gzip, deflate', 'Accept': '*/*', 'Connection': 'keep-alive'} 
 body=None 
 </msg>
<msg timestamp="20230316 20:41:16.885" level="INFO">GET Response : url=https://www.google.com/?json 
 status=200, reason=OK 
 headers={'Date': 'Thu, 16 Mar 2023 15:11:16 GMT', 'Expires': '-1', 'Cache-Control': 'private, max-age=0', 'Content-Type': 'text/html; charset=ISO-8859-1', 'P3P': 'CP="This is not a P3P policy! See g.co/p3phelp for more info."', 'Content-Encoding': 'gzip', 'Server': 'gws', 'X-XSS-Protection': '0', 'X-Frame-Options': 'SAMEORIGIN', 'Set-Cookie': '1P_JAR=2023-03-16-15; expires=Sat, 15-Apr-2023 15:11:16 GMT; path=/; domain=.google.com; Secure, AEC=ARSKqsKuQR1U4DMgD8kFejncaBRrx9Uw8cviOLbaOeDOZnGvTEzuykbUOw; expires=Tue, 12-Sep-2023 15:11:16 GMT; path=/; domain=.google.com; Secure; HttpOnly; SameSite=lax, NID=511=nyPfp5BTYQGmE9r0-BqBoY4TwUjPuno26wWK4jevefYM0Sjzt0hJJXORCTfAUPsSUL_3cLxvTBYJUuT-l1nIcKJav8n4X47fbkRPKHpKakLym8Zudypf-lygonzrnSkyXrLHaTTE0zqZdc_VdcdGOeV_UH-Q0P4mrrqEvDYApcE; expires=Fri, 15-Sep-2023 15:11:16 GMT; path=/; domain=.google.com; HttpOnly', 'Alt-Svc': 'h3=":443"; ma=2592000,h3-29=":443"; ma=2592000', 'Transfer-Encoding': 'chunked'} 
 body=&lt;!doctype html&gt;&lt;html itemscope="" itemtype="http://schema.org/WebPage" lang="en-IN"&gt;&lt;head&gt;&lt;meta content="text/html; charset=UTF-8" http-equiv="Content-Type"&gt;&lt;meta content="/images/branding/googleg/1x/googleg_standard_color_128dp.png" itemprop="image"&gt;&lt;title&gt;Google&lt;/title&gt;&lt;script nonce="0OiLvqOTKVseZO8siUTRUw"&gt;(function(){window.google={kEI:'lDETZJT-LpmSseMPuMe0kAg',kEXPI:'0,1303431,55978,6059,206,4804,2316,383,246,5,1129120,1197788,613,171,379919,16114,28684,22431,1361,12313,17586,4998,13228,3847,38444,2872,2891,4139,4209,3406,606,60690,15756,3,576,1014,1,5445,11471,2652,4,1528,2304,29062,13064,13659,4437,9358,7428,5830,2527,4094,7596,1,11373,570,30211,2,14022,2715,4931,18093,5679,1021,28950,2172,4568,6258,23418,1252,5835,14968,4332,8,7476,445,2,2,1,6960,3996,15676,8155,6682,639,60,2,15968,872,19634,7,1922,5784,3995,20640,751,388,14375,6305,2007,17768,423,11813,8324,14,82,2914,10419,6873,1622,1778,3166,1,1810,1746,2041,154,4436,6514,1270,2827,550,277,3557,991,3030,426,5685,1410,890,2685,55,4665,1804,7550,184,495,2243,1649,108,1128,151,13326,932,4742,212,2,375,537,1634,961,563,2084,670,1,1170,1068,512,615,348,37,562,196,2365,2297,1606,218,367,379,120,5257,225,664,4,752,2475,352,394,681,564,190,734,426,1821,1364,80,266,974,5,674,1737,280,400,230,3,378,166,491,4,451,46,337,222,220,3,146,4,4,347,1120,378,88,8,193,496,3,1214,190,1452,948,690,240,24,14,68,167,7,630,938,3,304,695,106,4,328,5,466,3,131,588,1202,89,5226777,157,49,5994420,2804423,3311,141,795,19735,1,303,44,4576,9,20725880,3220019,4042143,1964,16673,2893,208,304,5738,12561,1540,530,369,139,1415657',kBL:'mLrg'};google.sn='webhp';google.kHL='en-IN';})();(function(){
var f=this||self;var h,k=[];function l(a){for(var b;a&amp;&amp;(!a.getAttribute||!(b=a.getAttribute("eid")));)a=a.parentNode;return b||h}function m(a){for(var b=null;a&amp;&amp;(!a.getAttribute||!(b=a.getAttribute("leid")));)a=a.parentNode;return b}
function n(a,b,c,d,g){var e="";c||-1!==b.search("&amp;ei=")||(e="&amp;ei="+l(d),-1===b.search("&amp;lei=")&amp;&amp;(d=m(d))&amp;&amp;(e+="&amp;lei="+d));d="";!c&amp;&amp;f._cshid&amp;&amp;-1===b.search("&amp;cshid=")&amp;&amp;"slh"!==a&amp;&amp;(d="&amp;cshid="+f._cshid);c=c||"/"+(g||"gen_204")+"?atyp=i&amp;ct="+a+"&amp;cad="+b+e+"&amp;zx="+Date.now()+d;/^http:/i.test(c)&amp;&amp;"https:"===window.location.protocol&amp;&amp;(google.ml&amp;&amp;google.ml(Error("a"),!1,{src:c,glmm:1}),c="");return c};h=google.kEI;google.getEI=l;google.getLEI=m;google.ml=function(){return null};google.log=function(a,b,c,d,g){if(c=n(a,b,c,d,g)){a=new Image;var e=k.length;k[e]=a;a.onerror=a.onload=a.onabort=function(){delete k[e]};a.src=c}};google.logUrl=n;}).call(this);(function(){google.y={};google.sy=[];google.x=function(a,b){if(a)var c=a.id;else{do c=Math.random();while(google.y[c])}google.y[c]=[a,b];return!1};google.sx=function(a){google.sy.push(a)};google.lm=[];google.plm=function(a){google.lm.push.apply(google.lm,a)};google.lq=[];google.load=function(a,b,c){google.lq.push([[a],b,c])};google.loadAll=function(a,b){google.lq.push([a,b])};google.bx=!1;google.lx=function(){};}).call(this);google.f={};(function(){
document.documentElement.addEventListener("submit",function(b){var a;if(a=b.target){var c=a.getAttribute("data-submitfalse");a="1"===c||"q"===c&amp;&amp;!a.elements.q.value?!0:!1}else a=!1;a&amp;&amp;(b.preventDefault(),b.stopPropagation())},!0);document.documentElement.addEventListener("click",function(b){var a;a:{for(a=b.target;a&amp;&amp;a!==document.documentElement;a=a.parentElement)if("A"===a.tagName){a="1"===a.getAttribute("data-nohref");break a}a=!1}a&amp;&amp;b.preventDefault()},!0);}).call(this);&lt;/script&gt;&lt;style&gt;#gbar,#guser{font-size:13px;padding-top:1px !important;}#gbar{height:22px}#guser{padding-bottom:7px !important;text-align:right}.gbh,.gbd{border-top:1px solid #c9d7f1;font-size:1px}.gbh{height:0;position:absolute;top:24px;width:100%}@media all{.gb1{height:22px;margin-right:.5em;vertical-align:top}#gbar{float:left}}a.gb1,a.gb4{text-decoration:underline !important}a.gb1,a.gb4{color:#00c !important}.gbi .gb4{color:#dd8e27 !important}.gbf .gb4{color:#900 !important}
&lt;/style&gt;&lt;style&gt;body,td,a,p,.h{font-family:arial,sans-serif}body{margin:0;overflow-y:scroll}#gog{padding:3px 8px 0}td{line-height:.8em}.gac_m td{line-height:17px}form{margin-bottom:20px}.h{color:#1558d6}em{font-weight:bold;font-style:normal}.lst{height:25px;width:496px}.gsfi,.lst{font:18px arial,sans-serif}.gsfs{font:17px arial,sans-serif}.ds{display:inline-box;display:inline-block;margin:3px 0 4px;margin-left:4px}input{font-family:inherit}body{background:#fff;color:#000}a{color:#4b11a8;text-decoration:none}a:hover,a:active{text-decoration:underline}.fl a{color:#1558d6}a:visited{color:#4b11a8}.sblc{padding-top:5px}.sblc a{display:block;margin:2px 0;margin-left:13px;font-size:11px}.lsbb{background:#f8f9fa;border:solid 1px;border-color:#dadce0 #70757a #70757a #dadce0;height:30px}.lsbb{display:block}#WqQANb a{display:inline-block;margin:0 12px}.lsb{background:url(/images/nav_logo229.png) 0 -261px repeat-x;border:none;color:#000;cursor:pointer;height:30px;margin:0;outline:0;font:15px arial,sans-serif;vertical-align:top}.lsb:active{background:#dadce0}.lst:focus{outline:none}&lt;/style&gt;&lt;script nonce="0OiLvqOTKVseZO8siUTRUw"&gt;(function(){window.google.erd={jsr:1,bv:1760,de:true};
var h=this||self;var k,l=null!=(k=h.mei)?k:1,n,p=null!=(n=h.sdo)?n:!0,q=0,r,t=google.erd,v=t.jsr;google.ml=function(a,b,d,m,e){e=void 0===e?2:e;b&amp;&amp;(r=a&amp;&amp;a.message);if(google.dl)return google.dl(a,e,d),null;if(0&gt;v){window.console&amp;&amp;console.error(a,d);if(-2===v)throw a;b=!1}else b=!a||!a.message||"Error loading script"===a.message||q&gt;=l&amp;&amp;!m?!1:!0;if(!b)return null;q++;d=d||{};b=encodeURIComponent;var c="/gen_204?atyp=i&amp;ei="+b(google.kEI);google.kEXPI&amp;&amp;(c+="&amp;jexpid="+b(google.kEXPI));c+="&amp;srcpg="+b(google.sn)+"&amp;jsr="+b(t.jsr)+"&amp;bver="+b(t.bv);var f=a.lineNumber;void 0!==f&amp;&amp;(c+="&amp;line="+f);var g=
a.fileName;g&amp;&amp;(0&lt;g.indexOf("-extension:/")&amp;&amp;(e=3),c+="&amp;script="+b(g),f&amp;&amp;g===window.location.href&amp;&amp;(f=document.documentElement.outerHTML.split("\n")[f],c+="&amp;cad="+b(f?f.substring(0,300):"No script found.")));c+="&amp;jsel="+e;for(var u in d)c+="&amp;",c+=b(u),c+="=",c+=b(d[u]);c=c+"&amp;emsg="+b(a.name+": "+a.message);c=c+"&amp;jsst="+b(a.stack||"N/A");12288&lt;=c.length&amp;&amp;(c=c.substr(0,12288));a=c;m||google.log(0,"",a);return a};window.onerror=function(a,b,d,m,e){r!==a&amp;&amp;(a=e instanceof Error?e:Error(a),void 0===d||"lineNumber"in a||(a.lineNumber=d),void 0===b||"fileName"in a||(a.fileName=b),google.ml(a,!1,void 0,!1,"SyntaxError"===a.name||"SyntaxError"===a.message.substring(0,11)||-1!==a.message.indexOf("Script error")?3:0));r=null;p&amp;&amp;q&gt;=l&amp;&amp;(window.onerror=null)};})();&lt;/script&gt;&lt;/head&gt;&lt;body bgcolor="#fff"&gt;&lt;script nonce="0OiLvqOTKVseZO8siUTRUw"&gt;(function(){var src='/images/nav_logo229.png';var iesg=false;document.body.onload = function(){window.n &amp;&amp; window.n();if (document.images){new Image().src=src;}
if (!iesg){document.f&amp;&amp;document.f.q.focus();document.gbqf&amp;&amp;document.gbqf.q.focus();}
}
})();&lt;/script&gt;&lt;div id="mngb"&gt;&lt;div id=gbar&gt;&lt;nobr&gt;&lt;b class=gb1&gt;Search&lt;/b&gt; &lt;a class=gb1 href="https://www.google.co.in/imghp?hl=en&amp;tab=wi"&gt;Images&lt;/a&gt; &lt;a class=gb1 href="https://maps.google.co.in/maps?hl=en&amp;tab=wl"&gt;Maps&lt;/a&gt; &lt;a class=gb1 href="https://play.google.com/?hl=en&amp;tab=w8"&gt;Play&lt;/a&gt; &lt;a class=gb1 href="https://www.youtube.com/?tab=w1"&gt;YouTube&lt;/a&gt; &lt;a class=gb1 href="https://news.google.com/?tab=wn"&gt;News&lt;/a&gt; &lt;a class=gb1 href="https://mail.google.com/mail/?tab=wm"&gt;Gmail&lt;/a&gt; &lt;a class=gb1 href="https://drive.google.com/?tab=wo"&gt;Drive&lt;/a&gt; &lt;a class=gb1 style="text-decoration:none" href="https://www.google.co.in/intl/en/about/products?tab=wh"&gt;&lt;u&gt;More&lt;/u&gt; &amp;raquo;&lt;/a&gt;&lt;/nobr&gt;&lt;/div&gt;&lt;div id=guser width=100%&gt;&lt;nobr&gt;&lt;span id=gbn class=gbi&gt;&lt;/span&gt;&lt;span id=gbf class=gbf&gt;&lt;/span&gt;&lt;span id=gbe&gt;&lt;/span&gt;&lt;a href="http://www.google.co.in/history/optout?hl=en" class=gb4&gt;Web History&lt;/a&gt; | &lt;a  href="/preferences?hl=en" class=gb4&gt;Settings&lt;/a&gt; | &lt;a target=_top id=gb_70 href="https://accounts.google.com/ServiceLogin?hl=en&amp;passive=true&amp;continue=https://www.google.com/%3Fjson&amp;ec=GAZAAQ" class=gb4&gt;Sign in&lt;/a&gt;&lt;/nobr&gt;&lt;/div&gt;&lt;div class=gbh style=left:0&gt;&lt;/div&gt;&lt;div class=gbh style=right:0&gt;&lt;/div&gt;&lt;/div&gt;&lt;center&gt;&lt;br clear="all" id="lgpd"&gt;&lt;div id="lga"&gt;&lt;img alt="Google" height="92" src="/images/branding/googlelogo/1x/googlelogo_white_background_color_272x92dp.png" style="padding:28px 0 14px" width="272" id="hplogo"&gt;&lt;br&gt;&lt;br&gt;&lt;/div&gt;&lt;form action="/search" name="f"&gt;&lt;table cellpadding="0" cellspacing="0"&gt;&lt;tr valign="top"&gt;&lt;td width="25%"&gt;&amp;nbsp;&lt;/td&gt;&lt;td align="center" nowrap=""&gt;&lt;input name="ie" value="ISO-8859-1" type="hidden"&gt;&lt;input value="en-IN" name="hl" type="hidden"&gt;&lt;input name="source" type="hidden" value="hp"&gt;&lt;input name="biw" type="hidden"&gt;&lt;input name="bih" type="hidden"&gt;&lt;div class="ds" style="height:32px;margin:4px 0"&gt;&lt;input class="lst" style="margin:0;padding:5px 8px 0 6px;vertical-align:top;color:#000" autocomplete="off" value="" title="Google Search" maxlength="2048" name="q" size="57"&gt;&lt;/div&gt;&lt;br style="line-height:0"&gt;&lt;span class="ds"&gt;&lt;span class="lsbb"&gt;&lt;input class="lsb" value="Google Search" name="btnG" type="submit"&gt;&lt;/span&gt;&lt;/span&gt;&lt;span class="ds"&gt;&lt;span class="lsbb"&gt;&lt;input class="lsb" id="tsuid_1" value="I'm Feeling Lucky" name="btnI" type="submit"&gt;&lt;script nonce="0OiLvqOTKVseZO8siUTRUw"&gt;(function(){var id='tsuid_1';document.getElementById(id).onclick = function(){if (this.form.q.value){this.checked = 1;if (this.form.iflsig)this.form.iflsig.disabled = false;}
else top.location='/doodles/';};})();&lt;/script&gt;&lt;input value="AK50M_UAAAAAZBM_pAbgPWmyhYCtw2Jre5VR_0QTr_9b" name="iflsig" type="hidden"&gt;&lt;/span&gt;&lt;/span&gt;&lt;/td&gt;&lt;td class="fl sblc" align="left" nowrap="" width="25%"&gt;&lt;a href="/advanced_search?hl=en-IN&amp;amp;authuser=0"&gt;Advanced search&lt;/a&gt;&lt;/td&gt;&lt;/tr&gt;&lt;/table&gt;&lt;input id="gbv" name="gbv" type="hidden" value="1"&gt;&lt;script nonce="0OiLvqOTKVseZO8siUTRUw"&gt;(function(){var a,b="1";if(document&amp;&amp;document.getElementById)if("undefined"!=typeof XMLHttpRequest)b="2";else if("undefined"!=typeof ActiveXObject){var c,d,e=["MSXML2.XMLHTTP.6.0","MSXML2.XMLHTTP.3.0","MSXML2.XMLHTTP","Microsoft.XMLHTTP"];for(c=0;d=e[c++];)try{new ActiveXObject(d),b="2"}catch(h){}}a=b;if("2"==a&amp;&amp;-1==location.sear... (set the log level to DEBUG or TRACE to see the full content) 
 </msg>
<msg timestamp="20230316 20:41:16.901" level="INFO">@{get} = [ &lt;!doctype html&gt;&lt;html itemscope="" itemtype="http://schema.org/WebPage" lang="en-IN"&gt;&lt;head&gt;&lt;meta content="text/html; charset=UTF- | 8" http-equiv="Content-Type"&gt;&lt;meta content="/images/branding/google...</msg>
<status status="PASS" starttime="20230316 20:41:16.125" endtime="20230316 20:41:16.901"/>
</kw>
<for flavor="IN">
<var>${element}</var>
<value>@{get}</value>
<iter>
<var name="${element}">&lt;!doctype html&gt;&lt;html itemscope="" itemtype="http://schema.org/WebPage" lang="en-IN"&gt;&lt;head&gt;&lt;meta content="text/html; charset=UTF-</var>
<kw name="Log To Console" library="BuiltIn">
<arg>${element}</arg>
<doc>Logs the given message to the console.</doc>
<status status="PASS" starttime="20230316 20:41:16.903" endtime="20230316 20:41:16.905"/>
</kw>
<status status="PASS" starttime="20230316 20:41:16.903" endtime="20230316 20:41:16.905"/>
</iter>
<iter>
<var name="${element}">8" http-equiv="Content-Type"&gt;&lt;meta content="/images/branding/googleg/1x/googleg_standard_color_128dp.png" itemprop="image"&gt;&lt;titl</var>
<kw name="Log To Console" library="BuiltIn">
<arg>${element}</arg>
<doc>Logs the given message to the console.</doc>
<status status="PASS" starttime="20230316 20:41:16.906" endtime="20230316 20:41:16.907"/>
</kw>
<status status="PASS" starttime="20230316 20:41:16.905" endtime="20230316 20:41:16.907"/>
</iter>
<iter>
<var name="${element}">e&gt;Google&lt;/title&gt;&lt;script nonce="0OiLvqOTKVseZO8siUTRUw"&gt;(function(){window.google={kEI:'lDETZJT-LpmSseMPuMe0kAg',kEXPI:'0,1303431</var>
<kw name="Log To Console" library="BuiltIn">
<arg>${element}</arg>
<doc>Logs the given message to the console.</doc>
<status status="PASS" starttime="20230316 20:41:16.907" endtime="20230316 20:41:16.909"/>
</kw>
<status status="PASS" starttime="20230316 20:41:16.907" endtime="20230316 20:41:16.909"/>
</iter>
<iter>
<var name="${element}">,55978,6059,206,4804,2316,383,246,5,1129120,1197788,613,171,379919,16114,28684,22431,1361,12313,17586,4998,13228,3847,38444,2872</var>
<kw name="Log To Console" library="BuiltIn">
<arg>${element}</arg>
<doc>Logs the given message to the console.</doc>
<status status="PASS" starttime="20230316 20:41:16.910" endtime="20230316 20:41:16.911"/>
</kw>
<status status="PASS" starttime="20230316 20:41:16.909" endtime="20230316 20:41:16.911"/>
</iter>
<iter>
<var name="${element}">,2891,4139,4209,3406,606,60690,15756,3,576,1014,1,5445,11471,2652,4,1528,2304,29062,13064,13659,4437,9358,7428,5830,2527,4094,75</var>
<kw name="Log To Console" library="BuiltIn">
<arg>${element}</arg>
<doc>Logs the given message to the console.</doc>
<status status="PASS" starttime="20230316 20:41:16.912" endtime="20230316 20:41:16.913"/>
</kw>
<status status="PASS" starttime="20230316 20:41:16.912" endtime="20230316 20:41:16.914"/>
</iter>
<iter>
<var name="${element}">96,1,11373,570,30211,2,14022,2715,4931,18093,5679,1021,28950,2172,4568,6258,23418,1252,5835,14968,4332,8,7476,445,2,2,1,6960,399</var>
<kw name="Log To Console" library="BuiltIn">
<arg>${element}</arg>
<doc>Logs the given message to the console.</doc>
<status status="PASS" starttime="20230316 20:41:16.915" endtime="20230316 20:41:16.916"/>
</kw>
<status status="PASS" starttime="20230316 20:41:16.915" endtime="20230316 20:41:16.916"/>
</iter>
<iter>
<var name="${element}">6,15676,8155,6682,639,60,2,15968,872,19634,7,1922,5784,3995,20640,751,388,14375,6305,2007,17768,423,11813,8324,14,82,2914,10419,</var>
<kw name="Log To Console" library="BuiltIn">
<arg>${element}</arg>
<doc>Logs the given message to the console.</doc>
<status status="PASS" starttime="20230316 20:41:16.917" endtime="20230316 20:41:16.918"/>
</kw>
<status status="PASS" starttime="20230316 20:41:16.917" endtime="20230316 20:41:16.918"/>
</iter>
<iter>
<var name="${element}">6873,1622,1778,3166,1,1810,1746,2041,154,4436,6514,1270,2827,550,277,3557,991,3030,426,5685,1410,890,2685,55,4665,1804,7550,184,</var>
<kw name="Log To Console" library="BuiltIn">
<arg>${element}</arg>
<doc>Logs the given message to the console.</doc>
<status status="PASS" starttime="20230316 20:41:16.919" endtime="20230316 20:41:16.920"/>
</kw>
<status status="PASS" starttime="20230316 20:41:16.918" endtime="20230316 20:41:16.921"/>
</iter>
<iter>
<var name="${element}">495,2243,1649,108,1128,151,13326,932,4742,212,2,375,537,1634,961,563,2084,670,1,1170,1068,512,615,348,37,562,196,2365,2297,1606,</var>
<kw name="Log To Console" library="BuiltIn">
<arg>${element}</arg>
<doc>Logs the given message to the console.</doc>
<status status="PASS" starttime="20230316 20:41:16.921" endtime="20230316 20:41:16.922"/>
</kw>
<status status="PASS" starttime="20230316 20:41:16.921" endtime="20230316 20:41:16.922"/>
</iter>
<iter>
<var name="${element}">218,367,379,120,5257,225,664,4,752,2475,352,394,681,564,190,734,426,1821,1364,80,266,974,5,674,1737,280,400,230,3,378,166,491,4,</var>
<kw name="Log To Console" library="BuiltIn">
<arg>${element}</arg>
<doc>Logs the given message to the console.</doc>
<status status="PASS" starttime="20230316 20:41:16.922" endtime="20230316 20:41:16.923"/>
</kw>
<status status="PASS" starttime="20230316 20:41:16.922" endtime="20230316 20:41:16.923"/>
</iter>
<iter>
<var name="${element}">451,46,337,222,220,3,146,4,4,347,1120,378,88,8,193,496,3,1214,190,1452,948,690,240,24,14,68,167,7,630,938,3,304,695,106,4,328,5,</var>
<kw name="Log To Console" library="BuiltIn">
<arg>${element}</arg>
<doc>Logs the given message to the console.</doc>
<status status="PASS" starttime="20230316 20:41:16.923" endtime="20230316 20:41:16.925"/>
</kw>
<status status="PASS" starttime="20230316 20:41:16.923" endtime="20230316 20:41:16.925"/>
</iter>
<iter>
<var name="${element}">466,3,131,588,1202,89,5226777,157,49,5994420,2804423,3311,141,795,19735,1,303,44,4576,9,20725880,3220019,4042143,1964,16673,2893</var>
<kw name="Log To Console" library="BuiltIn">
<arg>${element}</arg>
<doc>Logs the given message to the console.</doc>
<status status="PASS" starttime="20230316 20:41:16.925" endtime="20230316 20:41:16.925"/>
</kw>
<status status="PASS" starttime="20230316 20:41:16.925" endtime="20230316 20:41:16.926"/>
</iter>
<iter>
<var name="${element}">,208,304,5738,12561,1540,530,369,139,1415657',kBL:'mLrg'};google.sn='webhp';google.kHL='en-IN';})();(function(){
var f=this||sel</var>
<kw name="Log To Console" library="BuiltIn">
<arg>${element}</arg>
<doc>Logs the given message to the console.</doc>
<status status="PASS" starttime="20230316 20:41:16.926" endtime="20230316 20:41:16.927"/>
</kw>
<status status="PASS" starttime="20230316 20:41:16.926" endtime="20230316 20:41:16.927"/>
</iter>
<iter>
<var name="${element}">f;var h,k=[];function l(a){for(var b;a&amp;&amp;(!a.getAttribute||!(b=a.getAttribute("eid")));)a=a.parentNode;return b||h}function m(a){</var>
<kw name="Log To Console" library="BuiltIn">
<arg>${element}</arg>
<doc>Logs the given message to the console.</doc>
<status status="PASS" starttime="20230316 20:41:16.927" endtime="20230316 20:41:16.928"/>
</kw>
<status status="PASS" starttime="20230316 20:41:16.927" endtime="20230316 20:41:16.928"/>
</iter>
<iter>
<var name="${element}">for(var b=null;a&amp;&amp;(!a.getAttribute||!(b=a.getAttribute("leid")));)a=a.parentNode;return b}
function n(a,b,c,d,g){var e="";c||-1!</var>
<kw name="Log To Console" library="BuiltIn">
<arg>${element}</arg>
<doc>Logs the given message to the console.</doc>
<status status="PASS" starttime="20230316 20:41:16.928" endtime="20230316 20:41:16.930"/>
</kw>
<status status="PASS" starttime="20230316 20:41:16.928" endtime="20230316 20:41:16.930"/>
</iter>
<iter>
<var name="${element}">==b.search("&amp;ei=")||(e="&amp;ei="+l(d),-1===b.search("&amp;lei=")&amp;&amp;(d=m(d))&amp;&amp;(e+="&amp;lei="+d));d="";!c&amp;&amp;f._cshid&amp;&amp;-1===b.search("&amp;cshid=")</var>
<kw name="Log To Console" library="BuiltIn">
<arg>${element}</arg>
<doc>Logs the given message to the console.</doc>
<status status="PASS" starttime="20230316 20:41:16.931" endtime="20230316 20:41:16.933"/>
</kw>
<status status="PASS" starttime="20230316 20:41:16.931" endtime="20230316 20:41:16.933"/>
</iter>
<iter>
<var name="${element}">&amp;&amp;"slh"!==a&amp;&amp;(d="&amp;cshid="+f._cshid);c=c||"/"+(g||"gen_204")+"?atyp=i&amp;ct="+a+"&amp;cad="+b+e+"&amp;zx="+Date.now()+d;/^http:/i.test(c)&amp;&amp;"</var>
<kw name="Log To Console" library="BuiltIn">
<arg>${element}</arg>
<doc>Logs the given message to the console.</doc>
<status status="PASS" starttime="20230316 20:41:16.934" endtime="20230316 20:41:16.934"/>
</kw>
<status status="PASS" starttime="20230316 20:41:16.933" endtime="20230316 20:41:16.934"/>
</iter>
<iter>
<var name="${element}">https:"===window.location.protocol&amp;&amp;(google.ml&amp;&amp;google.ml(Error("a"),!1,{src:c,glmm:1}),c="");return c};h=google.kEI;google.getE</var>
<kw name="Log To Console" library="BuiltIn">
<arg>${element}</arg>
<doc>Logs the given message to the console.</doc>
<status status="PASS" starttime="20230316 20:41:16.935" endtime="20230316 20:41:16.936"/>
</kw>
<status status="PASS" starttime="20230316 20:41:16.935" endtime="20230316 20:41:16.936"/>
</iter>
<iter>
<var name="${element}">I=l;google.getLEI=m;google.ml=function(){return null};google.log=function(a,b,c,d,g){if(c=n(a,b,c,d,g)){a=new Image;var e=k.leng</var>
<kw name="Log To Console" library="BuiltIn">
<arg>${element}</arg>
<doc>Logs the given message to the console.</doc>
<status status="PASS" starttime="20230316 20:41:16.936" endtime="20230316 20:41:16.937"/>
</kw>
<status status="PASS" starttime="20230316 20:41:16.936" endtime="20230316 20:41:16.937"/>
</iter>
<iter>
<var name="${element}">th;k[e]=a;a.onerror=a.onload=a.onabort=function(){delete k[e]};a.src=c}};google.logUrl=n;}).call(this);(function(){google.y={};g</var>
<kw name="Log To Console" library="BuiltIn">
<arg>${element}</arg>
<doc>Logs the given message to the console.</doc>
<status status="PASS" starttime="20230316 20:41:16.937" endtime="20230316 20:41:16.938"/>
</kw>
<status status="PASS" starttime="20230316 20:41:16.937" endtime="20230316 20:41:16.938"/>
</iter>
<iter>
<var name="${element}">oogle.sy=[];google.x=function(a,b){if(a)var c=a.id;else{do c=Math.random();while(google.y[c])}google.y[c]=[a,b];return!1};google</var>
<kw name="Log To Console" library="BuiltIn">
<arg>${element}</arg>
<doc>Logs the given message to the console.</doc>
<status status="PASS" starttime="20230316 20:41:16.939" endtime="20230316 20:41:16.939"/>
</kw>
<status status="PASS" starttime="20230316 20:41:16.938" endtime="20230316 20:41:16.940"/>
</iter>
<iter>
<var name="${element}">.sx=function(a){google.sy.push(a)};google.lm=[];google.plm=function(a){google.lm.push.apply(google.lm,a)};google.lq=[];google.lo</var>
<kw name="Log To Console" library="BuiltIn">
<arg>${element}</arg>
<doc>Logs the given message to the console.</doc>
<status status="PASS" starttime="20230316 20:41:16.940" endtime="20230316 20:41:16.941"/>
</kw>
<status status="PASS" starttime="20230316 20:41:16.940" endtime="20230316 20:41:16.941"/>
</iter>
<iter>
<var name="${element}">ad=function(a,b,c){google.lq.push([[a],b,c])};google.loadAll=function(a,b){google.lq.push([a,b])};google.bx=!1;google.lx=functio</var>
<kw name="Log To Console" library="BuiltIn">
<arg>${element}</arg>
<doc>Logs the given message to the console.</doc>
<status status="PASS" starttime="20230316 20:41:16.941" endtime="20230316 20:41:16.942"/>
</kw>
<status status="PASS" starttime="20230316 20:41:16.941" endtime="20230316 20:41:16.942"/>
</iter>
<iter>
<var name="${element}">n(){};}).call(this);google.f={};(function(){
document.documentElement.addEventListener("submit",function(b){var a;if(a=b.target)</var>
<kw name="Log To Console" library="BuiltIn">
<arg>${element}</arg>
<doc>Logs the given message to the console.</doc>
<status status="PASS" starttime="20230316 20:41:16.943" endtime="20230316 20:41:16.943"/>
</kw>
<status status="PASS" starttime="20230316 20:41:16.942" endtime="20230316 20:41:16.943"/>
</iter>
<iter>
<var name="${element}">{var c=a.getAttribute("data-submitfalse");a="1"===c||"q"===c&amp;&amp;!a.elements.q.value?!0:!1}else a=!1;a&amp;&amp;(b.preventDefault(),b.stopP</var>
<kw name="Log To Console" library="BuiltIn">
<arg>${element}</arg>
<doc>Logs the given message to the console.</doc>
<status status="PASS" starttime="20230316 20:41:16.944" endtime="20230316 20:41:16.944"/>
</kw>
<status status="PASS" starttime="20230316 20:41:16.944" endtime="20230316 20:41:16.945"/>
</iter>
<iter>
<var name="${element}">ropagation())},!0);document.documentElement.addEventListener("click",function(b){var a;a:{for(a=b.target;a&amp;&amp;a!==document.documen</var>
<kw name="Log To Console" library="BuiltIn">
<arg>${element}</arg>
<doc>Logs the given message to the console.</doc>
<status status="PASS" starttime="20230316 20:41:16.945" endtime="20230316 20:41:16.947"/>
</kw>
<status status="PASS" starttime="20230316 20:41:16.945" endtime="20230316 20:41:16.947"/>
</iter>
<iter>
<var name="${element}">tElement;a=a.parentElement)if("A"===a.tagName){a="1"===a.getAttribute("data-nohref");break a}a=!1}a&amp;&amp;b.preventDefault()},!0);}).</var>
<kw name="Log To Console" library="BuiltIn">
<arg>${element}</arg>
<doc>Logs the given message to the console.</doc>
<status status="PASS" starttime="20230316 20:41:16.948" endtime="20230316 20:41:16.950"/>
</kw>
<status status="PASS" starttime="20230316 20:41:16.947" endtime="20230316 20:41:16.950"/>
</iter>
<iter>
<var name="${element}">call(this);&lt;/script&gt;&lt;style&gt;#gbar,#guser{font-size:13px;padding-top:1px !important;}#gbar{height:22px}#guser{padding-bottom:7px !</var>
<kw name="Log To Console" library="BuiltIn">
<arg>${element}</arg>
<doc>Logs the given message to the console.</doc>
<status status="PASS" starttime="20230316 20:41:16.951" endtime="20230316 20:41:16.952"/>
</kw>
<status status="PASS" starttime="20230316 20:41:16.950" endtime="20230316 20:41:16.952"/>
</iter>
<iter>
<var name="${element}">important;text-align:right}.gbh,.gbd{border-top:1px solid #c9d7f1;font-size:1px}.gbh{height:0;position:absolute;top:24px;width:1</var>
<kw name="Log To Console" library="BuiltIn">
<arg>${element}</arg>
<doc>Logs the given message to the console.</doc>
<status status="PASS" starttime="20230316 20:41:16.952" endtime="20230316 20:41:16.953"/>
</kw>
<status status="PASS" starttime="20230316 20:41:16.952" endtime="20230316 20:41:16.953"/>
</iter>
<iter>
<var name="${element}">00%}@media all{.gb1{height:22px;margin-right:.5em;vertical-align:top}#gbar{float:left}}a.gb1,a.gb4{text-decoration:underline !im</var>
<kw name="Log To Console" library="BuiltIn">
<arg>${element}</arg>
<doc>Logs the given message to the console.</doc>
<status status="PASS" starttime="20230316 20:41:16.953" endtime="20230316 20:41:16.954"/>
</kw>
<status status="PASS" starttime="20230316 20:41:16.953" endtime="20230316 20:41:16.954"/>
</iter>
<iter>
<var name="${element}">portant}a.gb1,a.gb4{color:#00c !important}.gbi .gb4{color:#dd8e27 !important}.gbf .gb4{color:#900 !important}
&lt;/style&gt;&lt;style&gt;bod</var>
<kw name="Log To Console" library="BuiltIn">
<arg>${element}</arg>
<doc>Logs the given message to the console.</doc>
<status status="PASS" starttime="20230316 20:41:16.955" endtime="20230316 20:41:16.955"/>
</kw>
<status status="PASS" starttime="20230316 20:41:16.955" endtime="20230316 20:41:16.955"/>
</iter>
<iter>
<var name="${element}">y,td,a,p,.h{font-family:arial,sans-serif}body{margin:0;overflow-y:scroll}#gog{padding:3px 8px 0}td{line-height:.8em}.gac_m td{li</var>
<kw name="Log To Console" library="BuiltIn">
<arg>${element}</arg>
<doc>Logs the given message to the console.</doc>
<status status="PASS" starttime="20230316 20:41:16.956" endtime="20230316 20:41:16.957"/>
</kw>
<status status="PASS" starttime="20230316 20:41:16.956" endtime="20230316 20:41:16.957"/>
</iter>
<iter>
<var name="${element}">ne-height:17px}form{margin-bottom:20px}.h{color:#1558d6}em{font-weight:bold;font-style:normal}.lst{height:25px;width:496px}.gsfi</var>
<kw name="Log To Console" library="BuiltIn">
<arg>${element}</arg>
<doc>Logs the given message to the console.</doc>
<status status="PASS" starttime="20230316 20:41:16.958" endtime="20230316 20:41:16.959"/>
</kw>
<status status="PASS" starttime="20230316 20:41:16.958" endtime="20230316 20:41:16.959"/>
</iter>
<iter>
<var name="${element}">,.lst{font:18px arial,sans-serif}.gsfs{font:17px arial,sans-serif}.ds{display:inline-box;display:inline-block;margin:3px 0 4px;m</var>
<kw name="Log To Console" library="BuiltIn">
<arg>${element}</arg>
<doc>Logs the given message to the console.</doc>
<status status="PASS" starttime="20230316 20:41:16.960" endtime="20230316 20:41:16.961"/>
</kw>
<status status="PASS" starttime="20230316 20:41:16.959" endtime="20230316 20:41:16.961"/>
</iter>
<iter>
<var name="${element}">argin-left:4px}input{font-family:inherit}body{background:#fff;color:#000}a{color:#4b11a8;text-decoration:none}a:hover,a:active{t</var>
<kw name="Log To Console" library="BuiltIn">
<arg>${element}</arg>
<doc>Logs the given message to the console.</doc>
<status status="PASS" starttime="20230316 20:41:16.961" endtime="20230316 20:41:16.962"/>
</kw>
<status status="PASS" starttime="20230316 20:41:16.961" endtime="20230316 20:41:16.963"/>
</iter>
<iter>
<var name="${element}">ext-decoration:underline}.fl a{color:#1558d6}a:visited{color:#4b11a8}.sblc{padding-top:5px}.sblc a{display:block;margin:2px 0;ma</var>
<kw name="Log To Console" library="BuiltIn">
<arg>${element}</arg>
<doc>Logs the given message to the console.</doc>
<status status="PASS" starttime="20230316 20:41:16.965" endtime="20230316 20:41:16.965"/>
</kw>
<status status="PASS" starttime="20230316 20:41:16.964" endtime="20230316 20:41:16.966"/>
</iter>
<iter>
<var name="${element}">rgin-left:13px;font-size:11px}.lsbb{background:#f8f9fa;border:solid 1px;border-color:#dadce0 #70757a #70757a #dadce0;height:30px</var>
<kw name="Log To Console" library="BuiltIn">
<arg>${element}</arg>
<doc>Logs the given message to the console.</doc>
<status status="PASS" starttime="20230316 20:41:16.966" endtime="20230316 20:41:16.967"/>
</kw>
<status status="PASS" starttime="20230316 20:41:16.966" endtime="20230316 20:41:16.967"/>
</iter>
<iter>
<var name="${element}">}.lsbb{display:block}#WqQANb a{display:inline-block;margin:0 12px}.lsb{background:url(/images/nav_logo229.png) 0 -261px repeat-x</var>
<kw name="Log To Console" library="BuiltIn">
<arg>${element}</arg>
<doc>Logs the given message to the console.</doc>
<status status="PASS" starttime="20230316 20:41:16.968" endtime="20230316 20:41:16.969"/>
</kw>
<status status="PASS" starttime="20230316 20:41:16.967" endtime="20230316 20:41:16.969"/>
</iter>
<iter>
<var name="${element}">;border:none;color:#000;cursor:pointer;height:30px;margin:0;outline:0;font:15px arial,sans-serif;vertical-align:top}.lsb:active{</var>
<kw name="Log To Console" library="BuiltIn">
<arg>${element}</arg>
<doc>Logs the given message to the console.</doc>
<status status="PASS" starttime="20230316 20:41:16.970" endtime="20230316 20:41:16.971"/>
</kw>
<status status="PASS" starttime="20230316 20:41:16.970" endtime="20230316 20:41:16.971"/>
</iter>
<iter>
<var name="${element}">background:#dadce0}.lst:focus{outline:none}&lt;/style&gt;&lt;script nonce="0OiLvqOTKVseZO8siUTRUw"&gt;(function(){window.google.erd={jsr:1,b</var>
<kw name="Log To Console" library="BuiltIn">
<arg>${element}</arg>
<doc>Logs the given message to the console.</doc>
<status status="PASS" starttime="20230316 20:41:16.972" endtime="20230316 20:41:16.973"/>
</kw>
<status status="PASS" starttime="20230316 20:41:16.972" endtime="20230316 20:41:16.974"/>
</iter>
<iter>
<var name="${element}">v:1760,de:true};
var h=this||self;var k,l=null!=(k=h.mei)?k:1,n,p=null!=(n=h.sdo)?n:!0,q=0,r,t=google.erd,v=t.jsr;google.ml=func</var>
<kw name="Log To Console" library="BuiltIn">
<arg>${element}</arg>
<doc>Logs the given message to the console.</doc>
<status status="PASS" starttime="20230316 20:41:16.974" endtime="20230316 20:41:16.975"/>
</kw>
<status status="PASS" starttime="20230316 20:41:16.974" endtime="20230316 20:41:16.976"/>
</iter>
<iter>
<var name="${element}">tion(a,b,d,m,e){e=void 0===e?2:e;b&amp;&amp;(r=a&amp;&amp;a.message);if(google.dl)return google.dl(a,e,d),null;if(0&gt;v){window.console&amp;&amp;console.e</var>
<kw name="Log To Console" library="BuiltIn">
<arg>${element}</arg>
<doc>Logs the given message to the console.</doc>
<status status="PASS" starttime="20230316 20:41:16.976" endtime="20230316 20:41:16.977"/>
</kw>
<status status="PASS" starttime="20230316 20:41:16.976" endtime="20230316 20:41:16.977"/>
</iter>
<iter>
<var name="${element}">rror(a,d);if(-2===v)throw a;b=!1}else b=!a||!a.message||"Error loading script"===a.message||q&gt;=l&amp;&amp;!m?!1:!0;if(!b)return null;q++</var>
<kw name="Log To Console" library="BuiltIn">
<arg>${element}</arg>
<doc>Logs the given message to the console.</doc>
<status status="PASS" starttime="20230316 20:41:16.978" endtime="20230316 20:41:16.979"/>
</kw>
<status status="PASS" starttime="20230316 20:41:16.978" endtime="20230316 20:41:16.980"/>
</iter>
<iter>
<var name="${element}">;d=d||{};b=encodeURIComponent;var c="/gen_204?atyp=i&amp;ei="+b(google.kEI);google.kEXPI&amp;&amp;(c+="&amp;jexpid="+b(google.kEXPI));c+="&amp;srcpg</var>
<kw name="Log To Console" library="BuiltIn">
<arg>${element}</arg>
<doc>Logs the given message to the console.</doc>
<status status="PASS" starttime="20230316 20:41:16.982" endtime="20230316 20:41:16.982"/>
</kw>
<status status="PASS" starttime="20230316 20:41:16.981" endtime="20230316 20:41:16.983"/>
</iter>
<iter>
<var name="${element}">="+b(google.sn)+"&amp;jsr="+b(t.jsr)+"&amp;bver="+b(t.bv);var f=a.lineNumber;void 0!==f&amp;&amp;(c+="&amp;line="+f);var g=
a.fileName;g&amp;&amp;(0&lt;g.index</var>
<kw name="Log To Console" library="BuiltIn">
<arg>${element}</arg>
<doc>Logs the given message to the console.</doc>
<status status="PASS" starttime="20230316 20:41:16.983" endtime="20230316 20:41:16.984"/>
</kw>
<status status="PASS" starttime="20230316 20:41:16.983" endtime="20230316 20:41:16.984"/>
</iter>
<iter>
<var name="${element}">Of("-extension:/")&amp;&amp;(e=3),c+="&amp;script="+b(g),f&amp;&amp;g===window.location.href&amp;&amp;(f=document.documentElement.outerHTML.split("\n")[f],c</var>
<kw name="Log To Console" library="BuiltIn">
<arg>${element}</arg>
<doc>Logs the given message to the console.</doc>
<status status="PASS" starttime="20230316 20:41:16.985" endtime="20230316 20:41:16.985"/>
</kw>
<status status="PASS" starttime="20230316 20:41:16.984" endtime="20230316 20:41:16.986"/>
</iter>
<iter>
<var name="${element}">+="&amp;cad="+b(f?f.substring(0,300):"No script found.")));c+="&amp;jsel="+e;for(var u in d)c+="&amp;",c+=b(u),c+="=",c+=b(d[u]);c=c+"&amp;emsg=</var>
<kw name="Log To Console" library="BuiltIn">
<arg>${element}</arg>
<doc>Logs the given message to the console.</doc>
<status status="PASS" starttime="20230316 20:41:16.986" endtime="20230316 20:41:16.986"/>
</kw>
<status status="PASS" starttime="20230316 20:41:16.986" endtime="20230316 20:41:16.986"/>
</iter>
<iter>
<var name="${element}">"+b(a.name+": "+a.message);c=c+"&amp;jsst="+b(a.stack||"N/A");12288&lt;=c.length&amp;&amp;(c=c.substr(0,12288));a=c;m||google.log(0,"",a);retur</var>
<kw name="Log To Console" library="BuiltIn">
<arg>${element}</arg>
<doc>Logs the given message to the console.</doc>
<status status="PASS" starttime="20230316 20:41:16.987" endtime="20230316 20:41:16.988"/>
</kw>
<status status="PASS" starttime="20230316 20:41:16.987" endtime="20230316 20:41:16.988"/>
</iter>
<iter>
<var name="${element}">n a};window.onerror=function(a,b,d,m,e){r!==a&amp;&amp;(a=e instanceof Error?e:Error(a),void 0===d||"lineNumber"in a||(a.lineNumber=d),v</var>
<kw name="Log To Console" library="BuiltIn">
<arg>${element}</arg>
<doc>Logs the given message to the console.</doc>
<status status="PASS" starttime="20230316 20:41:16.988" endtime="20230316 20:41:16.989"/>
</kw>
<status status="PASS" starttime="20230316 20:41:16.988" endtime="20230316 20:41:16.989"/>
</iter>
<iter>
<var name="${element}">oid 0===b||"fileName"in a||(a.fileName=b),google.ml(a,!1,void 0,!1,"SyntaxError"===a.name||"SyntaxError"===a.message.substring(0</var>
<kw name="Log To Console" library="BuiltIn">
<arg>${element}</arg>
<doc>Logs the given message to the console.</doc>
<status status="PASS" starttime="20230316 20:41:16.990" endtime="20230316 20:41:16.990"/>
</kw>
<status status="PASS" starttime="20230316 20:41:16.989" endtime="20230316 20:41:16.991"/>
</iter>
<iter>
<var name="${element}">,11)||-1!==a.message.indexOf("Script error")?3:0));r=null;p&amp;&amp;q&gt;=l&amp;&amp;(window.onerror=null)};})();&lt;/script&gt;&lt;/head&gt;&lt;body bgcolor="#f</var>
<kw name="Log To Console" library="BuiltIn">
<arg>${element}</arg>
<doc>Logs the given message to the console.</doc>
<status status="PASS" starttime="20230316 20:41:16.991" endtime="20230316 20:41:16.991"/>
</kw>
<status status="PASS" starttime="20230316 20:41:16.991" endtime="20230316 20:41:16.992"/>
</iter>
<iter>
<var name="${element}">ff"&gt;&lt;script nonce="0OiLvqOTKVseZO8siUTRUw"&gt;(function(){var src='/images/nav_logo229.png';var iesg=false;document.body.onload = f</var>
<kw name="Log To Console" library="BuiltIn">
<arg>${element}</arg>
<doc>Logs the given message to the console.</doc>
<status status="PASS" starttime="20230316 20:41:16.992" endtime="20230316 20:41:16.992"/>
</kw>
<status status="PASS" starttime="20230316 20:41:16.992" endtime="20230316 20:41:16.993"/>
</iter>
<iter>
<var name="${element}">unction(){window.n &amp;&amp; window.n();if (document.images){new Image().src=src;}
if (!iesg){document.f&amp;&amp;document.f.q.focus();document</var>
<kw name="Log To Console" library="BuiltIn">
<arg>${element}</arg>
<doc>Logs the given message to the console.</doc>
<status status="PASS" starttime="20230316 20:41:16.993" endtime="20230316 20:41:16.994"/>
</kw>
<status status="PASS" starttime="20230316 20:41:16.993" endtime="20230316 20:41:16.994"/>
</iter>
<iter>
<var name="${element}">.gbqf&amp;&amp;document.gbqf.q.focus();}
}
})();&lt;/script&gt;&lt;div id="mngb"&gt;&lt;div id=gbar&gt;&lt;nobr&gt;&lt;b class=gb1&gt;Search&lt;/b&gt; &lt;a class=gb1 href="ht</var>
<kw name="Log To Console" library="BuiltIn">
<arg>${element}</arg>
<doc>Logs the given message to the console.</doc>
<status status="PASS" starttime="20230316 20:41:16.994" endtime="20230316 20:41:16.995"/>
</kw>
<status status="PASS" starttime="20230316 20:41:16.994" endtime="20230316 20:41:16.995"/>
</iter>
<iter>
<var name="${element}">tps://www.google.co.in/imghp?hl=en&amp;tab=wi"&gt;Images&lt;/a&gt; &lt;a class=gb1 href="https://maps.google.co.in/maps?hl=en&amp;tab=wl"&gt;Maps&lt;/a&gt; &lt;</var>
<kw name="Log To Console" library="BuiltIn">
<arg>${element}</arg>
<doc>Logs the given message to the console.</doc>
<status status="PASS" starttime="20230316 20:41:16.997" endtime="20230316 20:41:16.998"/>
</kw>
<status status="PASS" starttime="20230316 20:41:16.995" endtime="20230316 20:41:16.998"/>
</iter>
<iter>
<var name="${element}">a class=gb1 href="https://play.google.com/?hl=en&amp;tab=w8"&gt;Play&lt;/a&gt; &lt;a class=gb1 href="https://www.youtube.com/?tab=w1"&gt;YouTube&lt;/a</var>
<kw name="Log To Console" library="BuiltIn">
<arg>${element}</arg>
<doc>Logs the given message to the console.</doc>
<status status="PASS" starttime="20230316 20:41:17.000" endtime="20230316 20:41:17.000"/>
</kw>
<status status="PASS" starttime="20230316 20:41:16.999" endtime="20230316 20:41:17.000"/>
</iter>
<iter>
<var name="${element}">&gt; &lt;a class=gb1 href="https://news.google.com/?tab=wn"&gt;News&lt;/a&gt; &lt;a class=gb1 href="https://mail.google.com/mail/?tab=wm"&gt;Gmail&lt;/a</var>
<kw name="Log To Console" library="BuiltIn">
<arg>${element}</arg>
<doc>Logs the given message to the console.</doc>
<status status="PASS" starttime="20230316 20:41:17.001" endtime="20230316 20:41:17.002"/>
</kw>
<status status="PASS" starttime="20230316 20:41:17.001" endtime="20230316 20:41:17.002"/>
</iter>
<iter>
<var name="${element}">&gt; &lt;a class=gb1 href="https://drive.google.com/?tab=wo"&gt;Drive&lt;/a&gt; &lt;a class=gb1 style="text-decoration:none" href="https://www.goo</var>
<kw name="Log To Console" library="BuiltIn">
<arg>${element}</arg>
<doc>Logs the given message to the console.</doc>
<status status="PASS" starttime="20230316 20:41:17.002" endtime="20230316 20:41:17.003"/>
</kw>
<status status="PASS" starttime="20230316 20:41:17.002" endtime="20230316 20:41:17.003"/>
</iter>
<iter>
<var name="${element}">gle.co.in/intl/en/about/products?tab=wh"&gt;&lt;u&gt;More&lt;/u&gt; &amp;raquo;&lt;/a&gt;&lt;/nobr&gt;&lt;/div&gt;&lt;div id=guser width=100%&gt;&lt;nobr&gt;&lt;span id=gbn class=g</var>
<kw name="Log To Console" library="BuiltIn">
<arg>${element}</arg>
<doc>Logs the given message to the console.</doc>
<status status="PASS" starttime="20230316 20:41:17.004" endtime="20230316 20:41:17.004"/>
</kw>
<status status="PASS" starttime="20230316 20:41:17.003" endtime="20230316 20:41:17.004"/>
</iter>
<iter>
<var name="${element}">bi&gt;&lt;/span&gt;&lt;span id=gbf class=gbf&gt;&lt;/span&gt;&lt;span id=gbe&gt;&lt;/span&gt;&lt;a href="http://www.google.co.in/history/optout?hl=en" class=gb4&gt;Web</var>
<kw name="Log To Console" library="BuiltIn">
<arg>${element}</arg>
<doc>Logs the given message to the console.</doc>
<status status="PASS" starttime="20230316 20:41:17.005" endtime="20230316 20:41:17.005"/>
</kw>
<status status="PASS" starttime="20230316 20:41:17.005" endtime="20230316 20:41:17.006"/>
</iter>
<iter>
<var name="${element}"> History&lt;/a&gt; | &lt;a  href="/preferences?hl=en" class=gb4&gt;Settings&lt;/a&gt; | &lt;a target=_top id=gb_70 href="https://accounts.google.com/</var>
<kw name="Log To Console" library="BuiltIn">
<arg>${element}</arg>
<doc>Logs the given message to the console.</doc>
<status status="PASS" starttime="20230316 20:41:17.006" endtime="20230316 20:41:17.006"/>
</kw>
<status status="PASS" starttime="20230316 20:41:17.006" endtime="20230316 20:41:17.007"/>
</iter>
<iter>
<var name="${element}">ServiceLogin?hl=en&amp;passive=true&amp;continue=https://www.google.com/%3Fjson&amp;ec=GAZAAQ" class=gb4&gt;Sign in&lt;/a&gt;&lt;/nobr&gt;&lt;/div&gt;&lt;div class=</var>
<kw name="Log To Console" library="BuiltIn">
<arg>${element}</arg>
<doc>Logs the given message to the console.</doc>
<status status="PASS" starttime="20230316 20:41:17.007" endtime="20230316 20:41:17.008"/>
</kw>
<status status="PASS" starttime="20230316 20:41:17.007" endtime="20230316 20:41:17.008"/>
</iter>
<iter>
<var name="${element}">gbh style=left:0&gt;&lt;/div&gt;&lt;div class=gbh style=right:0&gt;&lt;/div&gt;&lt;/div&gt;&lt;center&gt;&lt;br clear="all" id="lgpd"&gt;&lt;div id="lga"&gt;&lt;img alt="Google</var>
<kw name="Log To Console" library="BuiltIn">
<arg>${element}</arg>
<doc>Logs the given message to the console.</doc>
<status status="PASS" starttime="20230316 20:41:17.008" endtime="20230316 20:41:17.009"/>
</kw>
<status status="PASS" starttime="20230316 20:41:17.008" endtime="20230316 20:41:17.009"/>
</iter>
<iter>
<var name="${element}">" height="92" src="/images/branding/googlelogo/1x/googlelogo_white_background_color_272x92dp.png" style="padding:28px 0 14px" wi</var>
<kw name="Log To Console" library="BuiltIn">
<arg>${element}</arg>
<doc>Logs the given message to the console.</doc>
<status status="PASS" starttime="20230316 20:41:17.009" endtime="20230316 20:41:17.010"/>
</kw>
<status status="PASS" starttime="20230316 20:41:17.009" endtime="20230316 20:41:17.010"/>
</iter>
<iter>
<var name="${element}">dth="272" id="hplogo"&gt;&lt;br&gt;&lt;br&gt;&lt;/div&gt;&lt;form action="/search" name="f"&gt;&lt;table cellpadding="0" cellspacing="0"&gt;&lt;tr valign="top"&gt;&lt;td </var>
<kw name="Log To Console" library="BuiltIn">
<arg>${element}</arg>
<doc>Logs the given message to the console.</doc>
<status status="PASS" starttime="20230316 20:41:17.010" endtime="20230316 20:41:17.011"/>
</kw>
<status status="PASS" starttime="20230316 20:41:17.010" endtime="20230316 20:41:17.011"/>
</iter>
<iter>
<var name="${element}">width="25%"&gt;&amp;nbsp;&lt;/td&gt;&lt;td align="center" nowrap=""&gt;&lt;input name="ie" value="ISO-8859-1" type="hidden"&gt;&lt;input value="en-IN" name=</var>
<kw name="Log To Console" library="BuiltIn">
<arg>${element}</arg>
<doc>Logs the given message to the console.</doc>
<status status="PASS" starttime="20230316 20:41:17.015" endtime="20230316 20:41:17.015"/>
</kw>
<status status="PASS" starttime="20230316 20:41:17.013" endtime="20230316 20:41:17.016"/>
</iter>
<iter>
<var name="${element}">"hl" type="hidden"&gt;&lt;input name="source" type="hidden" value="hp"&gt;&lt;input name="biw" type="hidden"&gt;&lt;input name="bih" type="hidden"</var>
<kw name="Log To Console" library="BuiltIn">
<arg>${element}</arg>
<doc>Logs the given message to the console.</doc>
<status status="PASS" starttime="20230316 20:41:17.016" endtime="20230316 20:41:17.018"/>
</kw>
<status status="PASS" starttime="20230316 20:41:17.016" endtime="20230316 20:41:17.018"/>
</iter>
<iter>
<var name="${element}">&gt;&lt;div class="ds" style="height:32px;margin:4px 0"&gt;&lt;input class="lst" style="margin:0;padding:5px 8px 0 6px;vertical-align:top;co</var>
<kw name="Log To Console" library="BuiltIn">
<arg>${element}</arg>
<doc>Logs the given message to the console.</doc>
<status status="PASS" starttime="20230316 20:41:17.019" endtime="20230316 20:41:17.019"/>
</kw>
<status status="PASS" starttime="20230316 20:41:17.018" endtime="20230316 20:41:17.020"/>
</iter>
<iter>
<var name="${element}">lor:#000" autocomplete="off" value="" title="Google Search" maxlength="2048" name="q" size="57"&gt;&lt;/div&gt;&lt;br style="line-height:0"&gt;</var>
<kw name="Log To Console" library="BuiltIn">
<arg>${element}</arg>
<doc>Logs the given message to the console.</doc>
<status status="PASS" starttime="20230316 20:41:17.020" endtime="20230316 20:41:17.021"/>
</kw>
<status status="PASS" starttime="20230316 20:41:17.020" endtime="20230316 20:41:17.021"/>
</iter>
<iter>
<var name="${element}">&lt;span class="ds"&gt;&lt;span class="lsbb"&gt;&lt;input class="lsb" value="Google Search" name="btnG" type="submit"&gt;&lt;/span&gt;&lt;/span&gt;&lt;span class</var>
<kw name="Log To Console" library="BuiltIn">
<arg>${element}</arg>
<doc>Logs the given message to the console.</doc>
<status status="PASS" starttime="20230316 20:41:17.021" endtime="20230316 20:41:17.022"/>
</kw>
<status status="PASS" starttime="20230316 20:41:17.021" endtime="20230316 20:41:17.022"/>
</iter>
<iter>
<var name="${element}">="ds"&gt;&lt;span class="lsbb"&gt;&lt;input class="lsb" id="tsuid_1" value="I'm Feeling Lucky" name="btnI" type="submit"&gt;&lt;script nonce="0OiL</var>
<kw name="Log To Console" library="BuiltIn">
<arg>${element}</arg>
<doc>Logs the given message to the console.</doc>
<status status="PASS" starttime="20230316 20:41:17.023" endtime="20230316 20:41:17.023"/>
</kw>
<status status="PASS" starttime="20230316 20:41:17.022" endtime="20230316 20:41:17.023"/>
</iter>
<iter>
<var name="${element}">vqOTKVseZO8siUTRUw"&gt;(function(){var id='tsuid_1';document.getElementById(id).onclick = function(){if (this.form.q.value){this.ch</var>
<kw name="Log To Console" library="BuiltIn">
<arg>${element}</arg>
<doc>Logs the given message to the console.</doc>
<status status="PASS" starttime="20230316 20:41:17.024" endtime="20230316 20:41:17.024"/>
</kw>
<status status="PASS" starttime="20230316 20:41:17.023" endtime="20230316 20:41:17.024"/>
</iter>
<iter>
<var name="${element}">ecked = 1;if (this.form.iflsig)this.form.iflsig.disabled = false;}
else top.location='/doodles/';};})();&lt;/script&gt;&lt;input value="A</var>
<kw name="Log To Console" library="BuiltIn">
<arg>${element}</arg>
<doc>Logs the given message to the console.</doc>
<status status="PASS" starttime="20230316 20:41:17.025" endtime="20230316 20:41:17.025"/>
</kw>
<status status="PASS" starttime="20230316 20:41:17.025" endtime="20230316 20:41:17.026"/>
</iter>
<iter>
<var name="${element}">K50M_UAAAAAZBM_pAbgPWmyhYCtw2Jre5VR_0QTr_9b" name="iflsig" type="hidden"&gt;&lt;/span&gt;&lt;/span&gt;&lt;/td&gt;&lt;td class="fl sblc" align="left" now</var>
<kw name="Log To Console" library="BuiltIn">
<arg>${element}</arg>
<doc>Logs the given message to the console.</doc>
<status status="PASS" starttime="20230316 20:41:17.026" endtime="20230316 20:41:17.027"/>
</kw>
<status status="PASS" starttime="20230316 20:41:17.026" endtime="20230316 20:41:17.027"/>
</iter>
<iter>
<var name="${element}">rap="" width="25%"&gt;&lt;a href="/advanced_search?hl=en-IN&amp;amp;authuser=0"&gt;Advanced search&lt;/a&gt;&lt;/td&gt;&lt;/tr&gt;&lt;/table&gt;&lt;input id="gbv" name=</var>
<kw name="Log To Console" library="BuiltIn">
<arg>${element}</arg>
<doc>Logs the given message to the console.</doc>
<status status="PASS" starttime="20230316 20:41:17.028" endtime="20230316 20:41:17.028"/>
</kw>
<status status="PASS" starttime="20230316 20:41:17.027" endtime="20230316 20:41:17.029"/>
</iter>
<iter>
<var name="${element}">"gbv" type="hidden" value="1"&gt;&lt;script nonce="0OiLvqOTKVseZO8siUTRUw"&gt;(function(){var a,b="1";if(document&amp;&amp;document.getElementByI</var>
<kw name="Log To Console" library="BuiltIn">
<arg>${element}</arg>
<doc>Logs the given message to the console.</doc>
<status status="PASS" starttime="20230316 20:41:17.031" endtime="20230316 20:41:17.032"/>
</kw>
<status status="PASS" starttime="20230316 20:41:17.030" endtime="20230316 20:41:17.032"/>
</iter>
<iter>
<var name="${element}">d)if("undefined"!=typeof XMLHttpRequest)b="2";else if("undefined"!=typeof ActiveXObject){var c,d,e=["MSXML2.XMLHTTP.6.0","MSXML2</var>
<kw name="Log To Console" library="BuiltIn">
<arg>${element}</arg>
<doc>Logs the given message to the console.</doc>
<status status="PASS" starttime="20230316 20:41:17.033" endtime="20230316 20:41:17.034"/>
</kw>
<status status="PASS" starttime="20230316 20:41:17.033" endtime="20230316 20:41:17.035"/>
</iter>
<iter>
<var name="${element}">.XMLHTTP.3.0","MSXML2.XMLHTTP","Microsoft.XMLHTTP"];for(c=0;d=e[c++];)try{new ActiveXObject(d),b="2"}catch(h){}}a=b;if("2"==a&amp;&amp;-</var>
<kw name="Log To Console" library="BuiltIn">
<arg>${element}</arg>
<doc>Logs the given message to the console.</doc>
<status status="PASS" starttime="20230316 20:41:17.036" endtime="20230316 20:41:17.036"/>
</kw>
<status status="PASS" starttime="20230316 20:41:17.035" endtime="20230316 20:41:17.036"/>
</iter>
<iter>
<var name="${element}">1==location.search.indexOf("&amp;gbv=2")){var f=google.gbvu,g=document.getElementById("gbv");g&amp;&amp;(g.value=a);f&amp;&amp;window.setTimeout(fun</var>
<kw name="Log To Console" library="BuiltIn">
<arg>${element}</arg>
<doc>Logs the given message to the console.</doc>
<status status="PASS" starttime="20230316 20:41:17.036" endtime="20230316 20:41:17.038"/>
</kw>
<status status="PASS" starttime="20230316 20:41:17.036" endtime="20230316 20:41:17.038"/>
</iter>
<iter>
<var name="${element}">ction(){location.href=f},0)};}).call(this);&lt;/script&gt;&lt;/form&gt;&lt;div id="gac_scont"&gt;&lt;/div&gt;&lt;div style="font-size:83%;min-height:3.5em"</var>
<kw name="Log To Console" library="BuiltIn">
<arg>${element}</arg>
<doc>Logs the given message to the console.</doc>
<status status="PASS" starttime="20230316 20:41:17.038" endtime="20230316 20:41:17.038"/>
</kw>
<status status="PASS" starttime="20230316 20:41:17.038" endtime="20230316 20:41:17.038"/>
</iter>
<iter>
<var name="${element}">&gt;&lt;br&gt;&lt;div id="gws-output-pages-elements-homepage_additional_languages__als"&gt;&lt;style&gt;#gws-output-pages-elements-homepage_additiona</var>
<kw name="Log To Console" library="BuiltIn">
<arg>${element}</arg>
<doc>Logs the given message to the console.</doc>
<status status="PASS" starttime="20230316 20:41:17.039" endtime="20230316 20:41:17.039"/>
</kw>
<status status="PASS" starttime="20230316 20:41:17.038" endtime="20230316 20:41:17.039"/>
</iter>
<iter>
<var name="${element}">l_languages__als{font-size:small;margin-bottom:24px}#SIvCob{color:#3c4043;display:inline-block;line-height:28px;}#SIvCob a{paddi</var>
<kw name="Log To Console" library="BuiltIn">
<arg>${element}</arg>
<doc>Logs the given message to the console.</doc>
<status status="PASS" starttime="20230316 20:41:17.040" endtime="20230316 20:41:17.040"/>
</kw>
<status status="PASS" starttime="20230316 20:41:17.040" endtime="20230316 20:41:17.041"/>
</iter>
<iter>
<var name="${element}">ng:0 3px;}.H6sW5{display:inline-block;margin:0 2px;white-space:nowrap}.z4hgWe{display:inline-block;margin:0 2px}&lt;/style&gt;&lt;div id=</var>
<kw name="Log To Console" library="BuiltIn">
<arg>${element}</arg>
<doc>Logs the given message to the console.</doc>
<status status="PASS" starttime="20230316 20:41:17.041" endtime="20230316 20:41:17.042"/>
</kw>
<status status="PASS" starttime="20230316 20:41:17.041" endtime="20230316 20:41:17.042"/>
</iter>
<iter>
<var name="${element}">"SIvCob"&gt;Google offered in:  &lt;a href="https://www.google.com/setprefs?sig=0_VM_LuPr7GUJatjbLhxwlEXsQUko%3D&amp;amp;hl=hi&amp;amp;source=</var>
<kw name="Log To Console" library="BuiltIn">
<arg>${element}</arg>
<doc>Logs the given message to the console.</doc>
<status status="PASS" starttime="20230316 20:41:17.042" endtime="20230316 20:41:17.043"/>
</kw>
<status status="PASS" starttime="20230316 20:41:17.042" endtime="20230316 20:41:17.044"/>
</iter>
<iter>
<var name="${element}">homepage&amp;amp;sa=X&amp;amp;ved=0ahUKEwiUmLH63eD9AhUZSWwGHbgjDYIQ2ZgBCAU"&gt;&amp;#2361;&amp;#2367;&amp;#2344;&amp;#2381;&amp;#2342;&amp;#2368;&lt;/a&gt;    &lt;a href="h</var>
<kw name="Log To Console" library="BuiltIn">
<arg>${element}</arg>
<doc>Logs the given message to the console.</doc>
<status status="PASS" starttime="20230316 20:41:17.044" endtime="20230316 20:41:17.046"/>
</kw>
<status status="PASS" starttime="20230316 20:41:17.044" endtime="20230316 20:41:17.047"/>
</iter>
<iter>
<var name="${element}">ttps://www.google.com/setprefs?sig=0_VM_LuPr7GUJatjbLhxwlEXsQUko%3D&amp;amp;hl=bn&amp;amp;source=homepage&amp;amp;sa=X&amp;amp;ved=0ahUKEwiUmLH6</var>
<kw name="Log To Console" library="BuiltIn">
<arg>${element}</arg>
<doc>Logs the given message to the console.</doc>
<status status="PASS" starttime="20230316 20:41:17.049" endtime="20230316 20:41:17.050"/>
</kw>
<status status="PASS" starttime="20230316 20:41:17.047" endtime="20230316 20:41:17.050"/>
</iter>
<iter>
<var name="${element}">3eD9AhUZSWwGHbgjDYIQ2ZgBCAY"&gt;&amp;#2476;&amp;#2494;&amp;#2434;&amp;#2482;&amp;#2494;&lt;/a&gt;    &lt;a href="https://www.google.com/setprefs?sig=0_VM_LuPr7G</var>
<kw name="Log To Console" library="BuiltIn">
<arg>${element}</arg>
<doc>Logs the given message to the console.</doc>
<status status="PASS" starttime="20230316 20:41:17.051" endtime="20230316 20:41:17.051"/>
</kw>
<status status="PASS" starttime="20230316 20:41:17.050" endtime="20230316 20:41:17.052"/>
</iter>
<iter>
<var name="${element}">UJatjbLhxwlEXsQUko%3D&amp;amp;hl=te&amp;amp;source=homepage&amp;amp;sa=X&amp;amp;ved=0ahUKEwiUmLH63eD9AhUZSWwGHbgjDYIQ2ZgBCAc"&gt;&amp;#3108;&amp;#3142;&amp;#3</var>
<kw name="Log To Console" library="BuiltIn">
<arg>${element}</arg>
<doc>Logs the given message to the console.</doc>
<status status="PASS" starttime="20230316 20:41:17.052" endtime="20230316 20:41:17.054"/>
</kw>
<status status="PASS" starttime="20230316 20:41:17.052" endtime="20230316 20:41:17.054"/>
</iter>
<iter>
<var name="${element}">122;&amp;#3137;&amp;#3095;&amp;#3137;&lt;/a&gt;    &lt;a href="https://www.google.com/setprefs?sig=0_VM_LuPr7GUJatjbLhxwlEXsQUko%3D&amp;amp;hl=mr&amp;amp;sou</var>
<kw name="Log To Console" library="BuiltIn">
<arg>${element}</arg>
<doc>Logs the given message to the console.</doc>
<status status="PASS" starttime="20230316 20:41:17.055" endtime="20230316 20:41:17.056"/>
</kw>
<status status="PASS" starttime="20230316 20:41:17.055" endtime="20230316 20:41:17.056"/>
</iter>
<iter>
<var name="${element}">rce=homepage&amp;amp;sa=X&amp;amp;ved=0ahUKEwiUmLH63eD9AhUZSWwGHbgjDYIQ2ZgBCAg"&gt;&amp;#2350;&amp;#2352;&amp;#2366;&amp;#2336;&amp;#2368;&lt;/a&gt;    &lt;a href="http</var>
<kw name="Log To Console" library="BuiltIn">
<arg>${element}</arg>
<doc>Logs the given message to the console.</doc>
<status status="PASS" starttime="20230316 20:41:17.056" endtime="20230316 20:41:17.057"/>
</kw>
<status status="PASS" starttime="20230316 20:41:17.056" endtime="20230316 20:41:17.057"/>
</iter>
<iter>
<var name="${element}">s://www.google.com/setprefs?sig=0_VM_LuPr7GUJatjbLhxwlEXsQUko%3D&amp;amp;hl=ta&amp;amp;source=homepage&amp;amp;sa=X&amp;amp;ved=0ahUKEwiUmLH63eD</var>
<kw name="Log To Console" library="BuiltIn">
<arg>${element}</arg>
<doc>Logs the given message to the console.</doc>
<status status="PASS" starttime="20230316 20:41:17.058" endtime="20230316 20:41:17.058"/>
</kw>
<status status="PASS" starttime="20230316 20:41:17.057" endtime="20230316 20:41:17.058"/>
</iter>
<iter>
<var name="${element}">9AhUZSWwGHbgjDYIQ2ZgBCAk"&gt;&amp;#2980;&amp;#2990;&amp;#3007;&amp;#2996;&amp;#3021;&lt;/a&gt;    &lt;a href="https://www.google.com/setprefs?sig=0_VM_LuPr7GUJa</var>
<kw name="Log To Console" library="BuiltIn">
<arg>${element}</arg>
<doc>Logs the given message to the console.</doc>
<status status="PASS" starttime="20230316 20:41:17.059" endtime="20230316 20:41:17.059"/>
</kw>
<status status="PASS" starttime="20230316 20:41:17.058" endtime="20230316 20:41:17.060"/>
</iter>
<iter>
<var name="${element}">tjbLhxwlEXsQUko%3D&amp;amp;hl=gu&amp;amp;source=homepage&amp;amp;sa=X&amp;amp;ved=0ahUKEwiUmLH63eD9AhUZSWwGHbgjDYIQ2ZgBCAo"&gt;&amp;#2711;&amp;#2753;&amp;#2716</var>
<kw name="Log To Console" library="BuiltIn">
<arg>${element}</arg>
<doc>Logs the given message to the console.</doc>
<status status="PASS" starttime="20230316 20:41:17.060" endtime="20230316 20:41:17.061"/>
</kw>
<status status="PASS" starttime="20230316 20:41:17.060" endtime="20230316 20:41:17.061"/>
</iter>
<iter>
<var name="${element}">;&amp;#2736;&amp;#2750;&amp;#2724;&amp;#2752;&lt;/a&gt;    &lt;a href="https://www.google.com/setprefs?sig=0_VM_LuPr7GUJatjbLhxwlEXsQUko%3D&amp;amp;hl=kn&amp;amp</var>
<kw name="Log To Console" library="BuiltIn">
<arg>${element}</arg>
<doc>Logs the given message to the console.</doc>
<status status="PASS" starttime="20230316 20:41:17.062" endtime="20230316 20:41:17.064"/>
</kw>
<status status="PASS" starttime="20230316 20:41:17.061" endtime="20230316 20:41:17.064"/>
</iter>
<iter>
<var name="${element}">;source=homepage&amp;amp;sa=X&amp;amp;ved=0ahUKEwiUmLH63eD9AhUZSWwGHbgjDYIQ2ZgBCAs"&gt;&amp;#3221;&amp;#3240;&amp;#3277;&amp;#3240;&amp;#3233;&lt;/a&gt;    &lt;a href="</var>
<kw name="Log To Console" library="BuiltIn">
<arg>${element}</arg>
<doc>Logs the given message to the console.</doc>
<status status="PASS" starttime="20230316 20:41:17.065" endtime="20230316 20:41:17.067"/>
</kw>
<status status="PASS" starttime="20230316 20:41:17.065" endtime="20230316 20:41:17.067"/>
</iter>
<iter>
<var name="${element}">https://www.google.com/setprefs?sig=0_VM_LuPr7GUJatjbLhxwlEXsQUko%3D&amp;amp;hl=ml&amp;amp;source=homepage&amp;amp;sa=X&amp;amp;ved=0ahUKEwiUmLH</var>
<kw name="Log To Console" library="BuiltIn">
<arg>${element}</arg>
<doc>Logs the given message to the console.</doc>
<status status="PASS" starttime="20230316 20:41:17.067" endtime="20230316 20:41:17.068"/>
</kw>
<status status="PASS" starttime="20230316 20:41:17.067" endtime="20230316 20:41:17.068"/>
</iter>
<iter>
<var name="${element}">63eD9AhUZSWwGHbgjDYIQ2ZgBCAw"&gt;&amp;#3374;&amp;#3378;&amp;#3375;&amp;#3390;&amp;#3379;&amp;#3330;&lt;/a&gt;    &lt;a href="https://www.google.com/setprefs?sig=0_V</var>
<kw name="Log To Console" library="BuiltIn">
<arg>${element}</arg>
<doc>Logs the given message to the console.</doc>
<status status="PASS" starttime="20230316 20:41:17.069" endtime="20230316 20:41:17.070"/>
</kw>
<status status="PASS" starttime="20230316 20:41:17.069" endtime="20230316 20:41:17.070"/>
</iter>
<iter>
<var name="${element}">M_LuPr7GUJatjbLhxwlEXsQUko%3D&amp;amp;hl=pa&amp;amp;source=homepage&amp;amp;sa=X&amp;amp;ved=0ahUKEwiUmLH63eD9AhUZSWwGHbgjDYIQ2ZgBCA0"&gt;&amp;#2602;&amp;#</var>
<kw name="Log To Console" library="BuiltIn">
<arg>${element}</arg>
<doc>Logs the given message to the console.</doc>
<status status="PASS" starttime="20230316 20:41:17.071" endtime="20230316 20:41:17.071"/>
</kw>
<status status="PASS" starttime="20230316 20:41:17.070" endtime="20230316 20:41:17.071"/>
</iter>
<iter>
<var name="${element}">2672;&amp;#2588;&amp;#2622;&amp;#2604;&amp;#2624;&lt;/a&gt;  &lt;/div&gt;&lt;/div&gt;&lt;/div&gt;&lt;span id="footer"&gt;&lt;div style="font-size:10pt"&gt;&lt;div style="margin:19px a</var>
<kw name="Log To Console" library="BuiltIn">
<arg>${element}</arg>
<doc>Logs the given message to the console.</doc>
<status status="PASS" starttime="20230316 20:41:17.072" endtime="20230316 20:41:17.073"/>
</kw>
<status status="PASS" starttime="20230316 20:41:17.072" endtime="20230316 20:41:17.073"/>
</iter>
<iter>
<var name="${element}">uto;text-align:center" id="WqQANb"&gt;&lt;a href="/intl/en/ads/"&gt;Advertising&lt;/a&gt;&lt;a href="http://www.google.co.in/services/"&gt;Business S</var>
<kw name="Log To Console" library="BuiltIn">
<arg>${element}</arg>
<doc>Logs the given message to the console.</doc>
<status status="PASS" starttime="20230316 20:41:17.074" endtime="20230316 20:41:17.074"/>
</kw>
<status status="PASS" starttime="20230316 20:41:17.074" endtime="20230316 20:41:17.074"/>
</iter>
<iter>
<var name="${element}">olutions&lt;/a&gt;&lt;a href="/intl/en/about.html"&gt;About Google&lt;/a&gt;&lt;a href="https://www.google.com/setprefdomain?prefdom=IN&amp;amp;prev=http</var>
<kw name="Log To Console" library="BuiltIn">
<arg>${element}</arg>
<doc>Logs the given message to the console.</doc>
<status status="PASS" starttime="20230316 20:41:17.074" endtime="20230316 20:41:17.075"/>
</kw>
<status status="PASS" starttime="20230316 20:41:17.074" endtime="20230316 20:41:17.075"/>
</iter>
<iter>
<var name="${element}">s://www.google.co.in/&amp;amp;sig=K_kccWd_HSSWuVhYxVPsxGs2ChbSY%3D"&gt;Google.co.in&lt;/a&gt;&lt;/div&gt;&lt;/div&gt;&lt;p style="font-size:8pt;color:#70757</var>
<kw name="Log To Console" library="BuiltIn">
<arg>${element}</arg>
<doc>Logs the given message to the console.</doc>
<status status="PASS" starttime="20230316 20:41:17.076" endtime="20230316 20:41:17.076"/>
</kw>
<status status="PASS" starttime="20230316 20:41:17.075" endtime="20230316 20:41:17.076"/>
</iter>
<iter>
<var name="${element}">a"&gt;&amp;copy; 2023 - &lt;a href="/intl/en/policies/privacy/"&gt;Privacy&lt;/a&gt; - &lt;a href="/intl/en/policies/terms/"&gt;Terms&lt;/a&gt;&lt;/p&gt;&lt;/span&gt;&lt;/cen</var>
<kw name="Log To Console" library="BuiltIn">
<arg>${element}</arg>
<doc>Logs the given message to the console.</doc>
<status status="PASS" starttime="20230316 20:41:17.077" endtime="20230316 20:41:17.077"/>
</kw>
<status status="PASS" starttime="20230316 20:41:17.076" endtime="20230316 20:41:17.077"/>
</iter>
<iter>
<var name="${element}">ter&gt;&lt;script nonce="0OiLvqOTKVseZO8siUTRUw"&gt;(function(){window.google.cdo={height:757,width:1440};(function(){var a=window.innerW</var>
<kw name="Log To Console" library="BuiltIn">
<arg>${element}</arg>
<doc>Logs the given message to the console.</doc>
<status status="PASS" starttime="20230316 20:41:17.078" endtime="20230316 20:41:17.081"/>
</kw>
<status status="PASS" starttime="20230316 20:41:17.078" endtime="20230316 20:41:17.082"/>
</iter>
<iter>
<var name="${element}">idth,b=window.innerHeight;if(!a||!b){var c=window.document,d="CSS1Compat"==c.compatMode?c.documentElement:c.body;a=d.clientWidth</var>
<kw name="Log To Console" library="BuiltIn">
<arg>${element}</arg>
<doc>Logs the given message to the console.</doc>
<status status="PASS" starttime="20230316 20:41:17.082" endtime="20230316 20:41:17.084"/>
</kw>
<status status="PASS" starttime="20230316 20:41:17.082" endtime="20230316 20:41:17.084"/>
</iter>
<iter>
<var name="${element}">;b=d.clientHeight}a&amp;&amp;b&amp;&amp;(a!=google.cdo.width||b!=google.cdo.height)&amp;&amp;google.log("","","/client_204?&amp;atyp=i&amp;biw="+a+"&amp;bih="+b+"&amp;e</var>
<kw name="Log To Console" library="BuiltIn">
<arg>${element}</arg>
<doc>Logs the given message to the console.</doc>
<status status="PASS" starttime="20230316 20:41:17.085" endtime="20230316 20:41:17.085"/>
</kw>
<status status="PASS" starttime="20230316 20:41:17.084" endtime="20230316 20:41:17.086"/>
</iter>
<iter>
<var name="${element}">i="+google.kEI);}).call(this);})();&lt;/script&gt; &lt;script nonce="0OiLvqOTKVseZO8siUTRUw"&gt;(function(){google.xjs={ck:'xjs.hp.Y2W3KAJ0J</var>
<kw name="Log To Console" library="BuiltIn">
<arg>${element}</arg>
<doc>Logs the given message to the console.</doc>
<status status="PASS" starttime="20230316 20:41:17.086" endtime="20230316 20:41:17.088"/>
</kw>
<status status="PASS" starttime="20230316 20:41:17.086" endtime="20230316 20:41:17.088"/>
</iter>
<iter>
<var name="${element}">co.L.X.O',cs:'ACT90oFu9pIux-eMq8tgG7A21CJNKQAegA',excm:[]};})();&lt;/script&gt;  &lt;script nonce="0OiLvqOTKVseZO8siUTRUw"&gt;(function(){va</var>
<kw name="Log To Console" library="BuiltIn">
<arg>${element}</arg>
<doc>Logs the given message to the console.</doc>
<status status="PASS" starttime="20230316 20:41:17.088" endtime="20230316 20:41:17.090"/>
</kw>
<status status="PASS" starttime="20230316 20:41:17.088" endtime="20230316 20:41:17.090"/>
</iter>
<iter>
<var name="${element}">r u='/xjs/_/js/k\x3dxjs.hp.en.WK5tGcJZl_4.O/am\x3dAACgEwBAAYAF/d\x3d1/ed\x3d1/rs\x3dACT90oEIkAnNtLs_xquX5F0TcC40GLWEYQ/m\x3dsb_h</var>
<kw name="Log To Console" library="BuiltIn">
<arg>${element}</arg>
<doc>Logs the given message to the console.</doc>
<status status="PASS" starttime="20230316 20:41:17.090" endtime="20230316 20:41:17.091"/>
</kw>
<status status="PASS" starttime="20230316 20:41:17.090" endtime="20230316 20:41:17.091"/>
</iter>
<iter>
<var name="${element}">e,d';var amd=0;
var d=this||self,e=function(a){return a};var g;var l=function(a,b){this.g=b===h?a:""};l.prototype.toString=funct</var>
<kw name="Log To Console" library="BuiltIn">
<arg>${element}</arg>
<doc>Logs the given message to the console.</doc>
<status status="PASS" starttime="20230316 20:41:17.092" endtime="20230316 20:41:17.092"/>
</kw>
<status status="PASS" starttime="20230316 20:41:17.092" endtime="20230316 20:41:17.092"/>
</iter>
<iter>
<var name="${element}">ion(){return this.g+""};var h={};
function m(){var a=u;google.lx=function(){p(a);google.lx=function(){}};google.bx||google.lx()}</var>
<kw name="Log To Console" library="BuiltIn">
<arg>${element}</arg>
[...]
<msg timestamp="20230316 20:41:15.600" level="ERROR">Error in file 'D:\FusionTestFramework\com.playgroundxyz.vision_project\com.playgroundxyz.vision_project.PageObject\com.playgroundxyz.vision_project.PageObject.keywords\EyeGazeValiidationKeywords.resource' on line 5: Importing library 'D:\FusionTestFramework\src\MobileTestLibrary' failed: ModuleNotFoundError: No module named 'src'
Traceback (most recent call last):
  File "D:\FusionTestFramework\src\MobileTestLibrary\__init__.py", line 1, in &lt;module&gt;
    from src.MobileTestLibrary.ExtendedAppiumLibrary import ExtendedAppiumLibrary
PYTHONPATH:
  D:\FusionTestFramework\src
  d:\FusionTestFramework\com.playgroundxyz.vision_project
  C:\ProgramData\robocorp\ht\1d92a2f_b1f3c24_09529949\python39.zip
  c:\ProgramData\robocorp\ht\1d92a2f_b1f3c24_09529949\DLLs
  c:\ProgramData\robocorp\ht\1d92a2f_b1f3c24_09529949\lib
  c:\ProgramData\robocorp\ht\1d92a2f_b1f3c24_09529949
  C:\ProgramData\robocorp\ht
  c:\ProgramData\robocorp\ht\1d92a2f_b1f3c24_09529949\lib\site-packages
  c:\ProgramData\robocorp\ht\1d92a2f_b1f3c24_09529949\lib\site-packages\win32
  c:\ProgramData\robocorp\ht\1d92a2f_b1f3c24_09529949\lib\site-packages\win32\lib
  c:\ProgramData\robocorp\ht\1d92a2f_b1f3c24_09529949\lib\site-packages\Pythonwin</msg>
<msg timestamp="20230316 20:41:15.643" level="ERROR">Error in file 'D:\FusionTestFramework\com.playgroundxyz.vision_project\com.playgroundxyz.vision_project.PageObject\com.playgroundxyz.vision_project.PageObject.keywords\Allow Permission page keywords.resource' on line 3: Importing library 'D:\FusionTestFramework\src\MobileTestLibrary' failed: ModuleNotFoundError: No module named 'src'
Traceback (most recent call last):
  File "D:\FusionTestFramework\src\MobileTestLibrary\__init__.py", line 1, in &lt;module&gt;
    from src.MobileTestLibrary.ExtendedAppiumLibrary import ExtendedAppiumLibrary
PYTHONPATH:
  D:\FusionTestFramework\src
  d:\FusionTestFramework\com.playgroundxyz.vision_project
  C:\ProgramData\robocorp\ht\1d92a2f_b1f3c24_09529949\python39.zip
  c:\ProgramData\robocorp\ht\1d92a2f_b1f3c24_09529949\DLLs
  c:\ProgramData\robocorp\ht\1d92a2f_b1f3c24_09529949\lib
  c:\ProgramData\robocorp\ht\1d92a2f_b1f3c24_09529949
  C:\ProgramData\robocorp\ht
  c:\ProgramData\robocorp\ht\1d92a2f_b1f3c24_09529949\lib\site-packages
  c:\ProgramData\robocorp\ht\1d92a2f_b1f3c24_09529949\lib\site-packages\win32
  c:\ProgramData\robocorp\ht\1d92a2f_b1f3c24_09529949\lib\site-packages\win32\lib
  c:\ProgramData\robocorp\ht\1d92a2f_b1f3c24_09529949\lib\site-packages\Pythonwin</msg>
<msg timestamp="20230316 20:41:15.657" level="ERROR">Error in file 'D:\FusionTestFramework\com.playgroundxyz.vision_project\com.playgroundxyz.vision_project.PageObject\com.playgroundxyz.vision_project.PageObject.keywords\Allow Permission page keywords.resource' on line 5: Processing variable file 'D:\FusionTestFramework\com.playgroundxyz.vision_project\com.playgroundxyz.vision_project.ConfigFiles\configuration.py' failed: Importing variable file 'D:\FusionTestFramework\com.playgroundxyz.vision_project\com.playgroundxyz.vision_project.ConfigFiles\configuration.py' failed: ModuleNotFoundError: No module named 'MobileTestLibrary'
Traceback (most recent call last):
  File "D:\FusionTestFramework\com.playgroundxyz.vision_project\com.playgroundxyz.vision_project.ConfigFiles\configuration.py", line 3, in &lt;module&gt;
    from MobileTestLibrary.JsonFileReader import read_Json_file
PYTHONPATH:
  D:\FusionTestFramework\com.playgroundxyz.vision_project\com.playgroundxyz.vision_project.ConfigFiles
  d:\FusionTestFramework\com.playgroundxyz.vision_project
  C:\ProgramData\robocorp\ht\1d92a2f_b1f3c24_09529949\python39.zip
  c:\ProgramData\robocorp\ht\1d92a2f_b1f3c24_09529949\DLLs
  c:\ProgramData\robocorp\ht\1d92a2f_b1f3c24_09529949\lib
  c:\ProgramData\robocorp\ht\1d92a2f_b1f3c24_09529949
  C:\ProgramData\robocorp\ht
  c:\ProgramData\robocorp\ht\1d92a2f_b1f3c24_09529949\lib\site-packages
  c:\ProgramData\robocorp\ht\1d92a2f_b1f3c24_09529949\lib\site-packages\win32
  c:\ProgramData\robocorp\ht\1d92a2f_b1f3c24_09529949\lib\site-packages\win32\lib
  c:\ProgramData\robocorp\ht\1d92a2f_b1f3c24_09529949\lib\site-packages\Pythonwin</msg>
<msg timestamp="20230316 20:41:15.669" level="ERROR">Error in file 'D:\FusionTestFramework\com.playgroundxyz.vision_project\com.playgroundxyz.vision_project.PageObject\com.playgroundxyz.vision_project.PageObject.keywords\LetsSetupYourEyeTrackingKeywords.resource' on line 4: Importing library 'D:\FusionTestFramework\src\MobileTestLibrary' failed: ModuleNotFoundError: No module named 'src'
Traceback (most recent call last):
  File "D:\FusionTestFramework\src\MobileTestLibrary\__init__.py", line 1, in &lt;module&gt;
    from src.MobileTestLibrary.ExtendedAppiumLibrary import ExtendedAppiumLibrary
PYTHONPATH:
  D:\FusionTestFramework\src
  d:\FusionTestFramework\com.playgroundxyz.vision_project
  C:\ProgramData\robocorp\ht\1d92a2f_b1f3c24_09529949\python39.zip
  c:\ProgramData\robocorp\ht\1d92a2f_b1f3c24_09529949\DLLs
  c:\ProgramData\robocorp\ht\1d92a2f_b1f3c24_09529949\lib
  c:\ProgramData\robocorp\ht\1d92a2f_b1f3c24_09529949
  C:\ProgramData\robocorp\ht
  c:\ProgramData\robocorp\ht\1d92a2f_b1f3c24_09529949\lib\site-packages
  c:\ProgramData\robocorp\ht\1d92a2f_b1f3c24_09529949\lib\site-packages\win32
  c:\ProgramData\robocorp\ht\1d92a2f_b1f3c24_09529949\lib\site-packages\win32\lib
  c:\ProgramData\robocorp\ht\1d92a2f_b1f3c24_09529949\lib\site-packages\Pythonwin</msg>
<msg timestamp="20230316 20:41:15.677" level="ERROR">Error in file 'D:\FusionTestFramework\com.playgroundxyz.vision_project\com.playgroundxyz.vision_project.PageObject\com.playgroundxyz.vision_project.PageObject.keywords\welcome page journey keywords.resource' on line 3: Importing library 'D:\FusionTestFramework\src\MobileTestLibrary' failed: ModuleNotFoundError: No module named 'src'
Traceback (most recent call last):
  File "D:\FusionTestFramework\src\MobileTestLibrary\__init__.py", line 1, in &lt;module&gt;
    from src.MobileTestLibrary.ExtendedAppiumLibrary import ExtendedAppiumLibrary
PYTHONPATH:
  D:\FusionTestFramework\src
  d:\FusionTestFramework\com.playgroundxyz.vision_project
  C:\ProgramData\robocorp\ht\1d92a2f_b1f3c24_09529949\python39.zip
  c:\ProgramData\robocorp\ht\1d92a2f_b1f3c24_09529949\DLLs
  c:\ProgramData\robocorp\ht\1d92a2f_b1f3c24_09529949\lib
  c:\ProgramData\robocorp\ht\1d92a2f_b1f3c24_09529949
  C:\ProgramData\robocorp\ht
  c:\ProgramData\robocorp\ht\1d92a2f_b1f3c24_09529949\lib\site-packages
  c:\ProgramData\robocorp\ht\1d92a2f_b1f3c24_09529949\lib\site-packages\win32
  c:\ProgramData\robocorp\ht\1d92a2f_b1f3c24_09529949\lib\site-packages\win32\lib
  c:\ProgramData\robocorp\ht\1d92a2f_b1f3c24_09529949\lib\site-packages\Pythonwin</msg>
<msg timestamp="20230316 20:41:15.689" level="ERROR">Error in file 'D:\FusionTestFramework\com.playgroundxyz.vision_project\com.playgroundxyz.vision_project.PageObject\com.playgroundxyz.vision_project.PageObject.keywords\launch_flow_keywords.resource' on line 3: Importing library 'D:\FusionTestFramework\src\MobileTestLibrary' failed: ModuleNotFoundError: No module named 'src'
Traceback (most recent call last):
  File "D:\FusionTestFramework\src\MobileTestLibrary\__init__.py", line 1, in &lt;module&gt;
    from src.MobileTestLibrary.ExtendedAppiumLibrary import ExtendedAppiumLibrary
PYTHONPATH:
  D:\FusionTestFramework\src
  d:\FusionTestFramework\com.playgroundxyz.vision_project
  C:\ProgramData\robocorp\ht\1d92a2f_b1f3c24_09529949\python39.zip
  c:\ProgramData\robocorp\ht\1d92a2f_b1f3c24_09529949\DLLs
  c:\ProgramData\robocorp\ht\1d92a2f_b1f3c24_09529949\lib
  c:\ProgramData\robocorp\ht\1d92a2f_b1f3c24_09529949
  C:\ProgramData\robocorp\ht
  c:\ProgramData\robocorp\ht\1d92a2f_b1f3c24_09529949\lib\site-packages
  c:\ProgramData\robocorp\ht\1d92a2f_b1f3c24_09529949\lib\site-packages\win32
  c:\ProgramData\robocorp\ht\1d92a2f_b1f3c24_09529949\lib\site-packages\win32\lib
  c:\ProgramData\robocorp\ht\1d92a2f_b1f3c24_09529949\lib\site-packages\Pythonwin</msg>
<msg timestamp="20230316 20:41:15.701" level="ERROR">Error in file 'D:\FusionTestFramework\com.playgroundxyz.vision_project\com.playgroundxyz.vision_project.PageObject\com.playgroundxyz.vision_project.PageObject.keywords\Setup keywords.resource' on line 3: Importing library 'D:\FusionTestFramework\src\MobileTestLibrary' failed: ModuleNotFoundError: No module named 'src'
Traceback (most recent call last):
  File "D:\FusionTestFramework\src\MobileTestLibrary\__init__.py", line 1, in &lt;module&gt;
    from src.MobileTestLibrary.ExtendedAppiumLibrary import ExtendedAppiumLibrary
PYTHONPATH:
  D:\FusionTestFramework\src
  d:\FusionTestFramework\com.playgroundxyz.vision_project
  C:\ProgramData\robocorp\ht\1d92a2f_b1f3c24_09529949\python39.zip
  c:\ProgramData\robocorp\ht\1d92a2f_b1f3c24_09529949\DLLs
  c:\ProgramData\robocorp\ht\1d92a2f_b1f3c24_09529949\lib
  c:\ProgramData\robocorp\ht\1d92a2f_b1f3c24_09529949
  C:\ProgramData\robocorp\ht
  c:\ProgramData\robocorp\ht\1d92a2f_b1f3c24_09529949\lib\site-packages
  c:\ProgramData\robocorp\ht\1d92a2f_b1f3c24_09529949\lib\site-packages\win32
  c:\ProgramData\robocorp\ht\1d92a2f_b1f3c24_09529949\lib\site-packages\win32\lib
  c:\ProgramData\robocorp\ht\1d92a2f_b1f3c24_09529949\lib\site-packages\Pythonwin</msg>
<msg timestamp="20230316 20:41:15.711" level="ERROR">Error in file 'D:\FusionTestFramework\com.playgroundxyz.vision_project\com.playgroundxyz.vision_project.PageObject\com.playgroundxyz.vision_project.PageObject.keywords\EyeGazeValiidationKeywords.resource' on line 5: Importing library 'D:\FusionTestFramework\src\MobileTestLibrary' failed: ModuleNotFoundError: No module named 'src'
Traceback (most recent call last):
  File "D:\FusionTestFramework\src\MobileTestLibrary\__init__.py", line 1, in &lt;module&gt;
    from src.MobileTestLibrary.ExtendedAppiumLibrary import ExtendedAppiumLibrary
PYTHONPATH:
  D:\FusionTestFramework\src
  d:\FusionTestFramework\com.playgroundxyz.vision_project
  C:\ProgramData\robocorp\ht\1d92a2f_b1f3c24_09529949\python39.zip
  c:\ProgramData\robocorp\ht\1d92a2f_b1f3c24_09529949\DLLs
  c:\ProgramData\robocorp\ht\1d92a2f_b1f3c24_09529949\lib
  c:\ProgramData\robocorp\ht\1d92a2f_b1f3c24_09529949
  C:\ProgramData\robocorp\ht
  c:\ProgramData\robocorp\ht\1d92a2f_b1f3c24_09529949\lib\site-packages
  c:\ProgramData\robocorp\ht\1d92a2f_b1f3c24_09529949\lib\site-packages\win32
  c:\ProgramData\robocorp\ht\1d92a2f_b1f3c24_09529949\lib\site-packages\win32\lib
  c:\ProgramData\robocorp\ht\1d92a2f_b1f3c24_09529949\lib\site-packages\Pythonwin</msg>
<msg timestamp="20230316 20:41:15.751" level="ERROR">Error in file 'D:\FusionTestFramework\com.playgroundxyz.vision_project\com.playgroundxyz.vision_project.PageObject\com.playgroundxyz.vision_project.PageObject.keywords\Allow Permission page keywords.resource' on line 3: Importing library 'D:\FusionTestFramework\src\MobileTestLibrary' failed: ModuleNotFoundError: No module named 'src'
Traceback (most recent call last):
  File "D:\FusionTestFramework\src\MobileTestLibrary\__init__.py", line 1, in &lt;module&gt;
    from src.MobileTestLibrary.ExtendedAppiumLibrary import ExtendedAppiumLibrary
PYTHONPATH:
  D:\FusionTestFramework\src
  d:\FusionTestFramework\com.playgroundxyz.vision_project
  C:\ProgramData\robocorp\ht\1d92a2f_b1f3c24_09529949\python39.zip
  c:\ProgramData\robocorp\ht\1d92a2f_b1f3c24_09529949\DLLs
  c:\ProgramData\robocorp\ht\1d92a2f_b1f3c24_09529949\lib
  c:\ProgramData\robocorp\ht\1d92a2f_b1f3c24_09529949
  C:\ProgramData\robocorp\ht
  c:\ProgramData\robocorp\ht\1d92a2f_b1f3c24_09529949\lib\site-packages
  c:\ProgramData\robocorp\ht\1d92a2f_b1f3c24_09529949\lib\site-packages\win32
  c:\ProgramData\robocorp\ht\1d92a2f_b1f3c24_09529949\lib\site-packages\win32\lib
  c:\ProgramData\robocorp\ht\1d92a2f_b1f3c24_09529949\lib\site-packages\Pythonwin</msg>
<msg timestamp="20230316 20:41:15.761" level="ERROR">Error in file 'D:\FusionTestFramework\com.playgroundxyz.vision_project\com.playgroundxyz.vision_project.PageObject\com.playgroundxyz.vision_project.PageObject.keywords\Allow Permission page keywords.resource' on line 5: Processing variable file 'D:\FusionTestFramework\com.playgroundxyz.vision_project\com.playgroundxyz.vision_project.ConfigFiles\configuration.py' failed: Importing variable file 'D:\FusionTestFramework\com.playgroundxyz.vision_project\com.playgroundxyz.vision_project.ConfigFiles\configuration.py' failed: ModuleNotFoundError: No module named 'MobileTestLibrary'
Traceback (most recent call last):
  File "D:\FusionTestFramework\com.playgroundxyz.vision_project\com.playgroundxyz.vision_project.ConfigFiles\configuration.py", line 3, in &lt;module&gt;
    from MobileTestLibrary.JsonFileReader import read_Json_file
PYTHONPATH:
  D:\FusionTestFramework\com.playgroundxyz.vision_project\com.playgroundxyz.vision_project.ConfigFiles
  d:\FusionTestFramework\com.playgroundxyz.vision_project
  C:\ProgramData\robocorp\ht\1d92a2f_b1f3c24_09529949\python39.zip
  c:\ProgramData\robocorp\ht\1d92a2f_b1f3c24_09529949\DLLs
  c:\ProgramData\robocorp\ht\1d92a2f_b1f3c24_09529949\lib
  c:\ProgramData\robocorp\ht\1d92a2f_b1f3c24_09529949
  C:\ProgramData\robocorp\ht
  c:\ProgramData\robocorp\ht\1d92a2f_b1f3c24_09529949\lib\site-packages
  c:\ProgramData\robocorp\ht\1d92a2f_b1f3c24_09529949\lib\site-packages\win32
  c:\ProgramData\robocorp\ht\1d92a2f_b1f3c24_09529949\lib\site-packages\win32\lib
  c:\ProgramData\robocorp\ht\1d92a2f_b1f3c24_09529949\lib\site-packages\Pythonwin</msg>
<msg timestamp="20230316 20:41:15.772" level="ERROR">Error in file 'D:\FusionTestFramework\com.playgroundxyz.vision_project\com.playgroundxyz.vision_project.PageObject\com.playgroundxyz.vision_project.PageObject.keywords\LetsSetupYourEyeTrackingKeywords.resource' on line 4: Importing library 'D:\FusionTestFramework\src\MobileTestLibrary' failed: ModuleNotFoundError: No module named 'src'
Traceback (most recent call last):
  File "D:\FusionTestFramework\src\MobileTestLibrary\__init__.py", line 1, in &lt;module&gt;
    from src.MobileTestLibrary.ExtendedAppiumLibrary import ExtendedAppiumLibrary
PYTHONPATH:
  D:\FusionTestFramework\src
  d:\FusionTestFramework\com.playgroundxyz.vision_project
  C:\ProgramData\robocorp\ht\1d92a2f_b1f3c24_09529949\python39.zip
  c:\ProgramData\robocorp\ht\1d92a2f_b1f3c24_09529949\DLLs
  c:\ProgramData\robocorp\ht\1d92a2f_b1f3c24_09529949\lib
  c:\ProgramData\robocorp\ht\1d92a2f_b1f3c24_09529949
  C:\ProgramData\robocorp\ht
  c:\ProgramData\robocorp\ht\1d92a2f_b1f3c24_09529949\lib\site-packages
  c:\ProgramData\robocorp\ht\1d92a2f_b1f3c24_09529949\lib\site-packages\win32
  c:\ProgramData\robocorp\ht\1d92a2f_b1f3c24_09529949\lib\site-packages\win32\lib
  c:\ProgramData\robocorp\ht\1d92a2f_b1f3c24_09529949\lib\site-packages\Pythonwin</msg>
<msg timestamp="20230316 20:41:15.782" level="ERROR">Error in file 'D:\FusionTestFramework\com.playgroundxyz.vision_project\com.playgroundxyz.vision_project.PageObject\com.playgroundxyz.vision_project.PageObject.keywords\welcome page journey keywords.resource' on line 3: Importing library 'D:\FusionTestFramework\src\MobileTestLibrary' failed: ModuleNotFoundError: No module named 'src'
Traceback (most recent call last):
  File "D:\FusionTestFramework\src\MobileTestLibrary\__init__.py", line 1, in &lt;module&gt;
    from src.MobileTestLibrary.ExtendedAppiumLibrary import ExtendedAppiumLibrary
PYTHONPATH:
  D:\FusionTestFramework\src
  d:\FusionTestFramework\com.playgroundxyz.vision_project
  C:\ProgramData\robocorp\ht\1d92a2f_b1f3c24_09529949\python39.zip
  c:\ProgramData\robocorp\ht\1d92a2f_b1f3c24_09529949\DLLs
  c:\ProgramData\robocorp\ht\1d92a2f_b1f3c24_09529949\lib
  c:\ProgramData\robocorp\ht\1d92a2f_b1f3c24_09529949
  C:\ProgramData\robocorp\ht
  c:\ProgramData\robocorp\ht\1d92a2f_b1f3c24_09529949\lib\site-packages
  c:\ProgramData\robocorp\ht\1d92a2f_b1f3c24_09529949\lib\site-packages\win32
  c:\ProgramData\robocorp\ht\1d92a2f_b1f3c24_09529949\lib\site-packages\win32\lib
  c:\ProgramData\robocorp\ht\1d92a2f_b1f3c24_09529949\lib\site-packages\Pythonwin</msg>
<msg timestamp="20230316 20:41:15.793" level="ERROR">Error in file 'D:\FusionTestFramework\com.playgroundxyz.vision_project\com.playgroundxyz.vision_project.PageObject\com.playgroundxyz.vision_project.PageObject.keywords\launch_flow_keywords.resource' on line 3: Importing library 'D:\FusionTestFramework\src\MobileTestLibrary' failed: ModuleNotFoundError: No module named 'src'
Traceback (most recent call last):
  File "D:\FusionTestFramework\src\MobileTestLibrary\__init__.py", line 1, in &lt;module&gt;
    from src.MobileTestLibrary.ExtendedAppiumLibrary import ExtendedAppiumLibrary
PYTHONPATH:
  D:\FusionTestFramework\src
  d:\FusionTestFramework\com.playgroundxyz.vision_project
  C:\ProgramData\robocorp\ht\1d92a2f_b1f3c24_09529949\python39.zip
  c:\ProgramData\robocorp\ht\1d92a2f_b1f3c24_09529949\DLLs
  c:\ProgramData\robocorp\ht\1d92a2f_b1f3c24_09529949\lib
  c:\ProgramData\robocorp\ht\1d92a2f_b1f3c24_09529949
  C:\ProgramData\robocorp\ht
  c:\ProgramData\robocorp\ht\1d92a2f_b1f3c24_09529949\lib\site-packages
  c:\ProgramData\robocorp\ht\1d92a2f_b1f3c24_09529949\lib\site-packages\win32
  c:\ProgramData\robocorp\ht\1d92a2f_b1f3c24_09529949\lib\site-packages\win32\lib
  c:\ProgramData\robocorp\ht\1d92a2f_b1f3c24_09529949\lib\site-packages\Pythonwin</msg>
<msg timestamp="20230316 20:41:15.808" level="ERROR">Error in file 'D:\FusionTestFramework\com.playgroundxyz.vision_project\com.playgroundxyz.vision_project.PageObject\com.playgroundxyz.vision_project.PageObject.keywords\Setup keywords.resource' on line 3: Importing library 'D:\FusionTestFramework\src\MobileTestLibrary' failed: ModuleNotFoundError: No module named 'src'
Traceback (most recent call last):
  File "D:\FusionTestFramework\src\MobileTestLibrary\__init__.py", line 1, in &lt;module&gt;
    from src.MobileTestLibrary.ExtendedAppiumLibrary import ExtendedAppiumLibrary
PYTHONPATH:
  D:\FusionTestFramework\src
  d:\FusionTestFramework\com.playgroundxyz.vision_project
  C:\ProgramData\robocorp\ht\1d92a2f_b1f3c24_09529949\python39.zip
  c:\ProgramData\robocorp\ht\1d92a2f_b1f3c24_09529949\DLLs
  c:\ProgramData\robocorp\ht\1d92a2f_b1f3c24_09529949\lib
  c:\ProgramData\robocorp\ht\1d92a2f_b1f3c24_09529949
  C:\ProgramData\robocorp\ht
  c:\ProgramData\robocorp\ht\1d92a2f_b1f3c24_09529949\lib\site-packages
  c:\ProgramData\robocorp\ht\1d92a2f_b1f3c24_09529949\lib\site-packages\win32
  c:\ProgramData\robocorp\ht\1d92a2f_b1f3c24_09529949\lib\site-packages\win32\lib
  c:\ProgramData\robocorp\ht\1d92a2f_b1f3c24_09529949\lib\site-packages\Pythonwin</msg>
<msg timestamp="20230316 20:41:15.819" level="ERROR">Error in file 'D:\FusionTestFramework\com.playgroundxyz.vision_project\com.playgroundxyz.vision_project.PageObject\com.playgroundxyz.vision_project.PageObject.keywords\EyeGazeValiidationKeywords.resource' on line 5: Importing library 'D:\FusionTestFramework\src\MobileTestLibrary' failed: ModuleNotFoundError: No module named 'src'
Traceback (most recent call last):
  File "D:\FusionTestFramework\src\MobileTestLibrary\__init__.py", line 1, in &lt;module&gt;
    from src.MobileTestLibrary.ExtendedAppiumLibrary import ExtendedAppiumLibrary
PYTHONPATH:
  D:\FusionTestFramework\src
  d:\FusionTestFramework\com.playgroundxyz.vision_project
  C:\ProgramData\robocorp\ht\1d92a2f_b1f3c24_09529949\python39.zip
  c:\ProgramData\robocorp\ht\1d92a2f_b1f3c24_09529949\DLLs
  c:\ProgramData\robocorp\ht\1d92a2f_b1f3c24_09529949\lib
  c:\ProgramData\robocorp\ht\1d92a2f_b1f3c24_09529949
  C:\ProgramData\robocorp\ht
  c:\ProgramData\robocorp\ht\1d92a2f_b1f3c24_09529949\lib\site-packages
  c:\ProgramData\robocorp\ht\1d92a2f_b1f3c24_09529949\lib\site-packages\win32
  c:\ProgramData\robocorp\ht\1d92a2f_b1f3c24_09529949\lib\site-packages\win32\lib
  c:\ProgramData\robocorp\ht\1d92a2f_b1f3c24_09529949\lib\site-packages\Pythonwin</msg>
</errors>
</robot>
